Meta-algo preprocessing takes : 9.695 ms
extreme small query!
res_meta[[2, 2, 1], [6, 5, 3]] == res_naive[[2, 2, 1], [6, 5, 3]] == 84
extreme small query!
res_meta[[6, 0, 2], [7, 1, 6]] == res_naive[[6, 0, 2], [7, 1, 6]] == 8
inter-block query!
res_block = 101, res_suffix = 94, res_prefix = 38
res_meta[[2, 2, 0], [5, 5, 7]] == res_naive[[2, 2, 0], [5, 5, 7]] == 233
extreme small query!
res_meta[[2, 1, 2], [3, 8, 3]] == res_naive[[2, 1, 2], [3, 8, 3]] == 24
prefix + suffix
res_meta[[1, 0, 3], [4, 2, 8]] == res_naive[[1, 0, 3], [4, 2, 8]] == 92
inter-block query!
res_block = 241, res_suffix = 110, res_prefix = 101
res_meta[[0, 0, 2], [4, 7, 7]] == res_naive[[0, 0, 2], [4, 7, 7]] == 452
extreme small query!
res_meta[[1, 5, 2], [5, 8, 3]] == res_naive[[1, 5, 2], [5, 8, 3]] == 48
prefix + suffix
res_meta[[1, 1, 0], [4, 4, 5]] == res_naive[[1, 1, 0], [4, 4, 5]] == 152
intra-block query!
inter-block query!
res_block = 66, res_suffix = 57, res_prefix = 23
res_meta[[2, 0, 1], [5, 7, 3]] == res_naive[[2, 0, 1], [5, 7, 3]] == 146
extreme small query!
res_meta[[5, 4, 1], [7, 6, 4]] == res_naive[[5, 4, 1], [7, 6, 4]] == 43
intra-block query!
inter-block query!
res_block = 159, res_suffix = 85, res_prefix = 42
res_meta[[1, 1, 1], [8, 7, 3]] == res_naive[[1, 1, 1], [8, 7, 3]] == 286
inter-block query!
res_block = 72, res_suffix = 60, res_prefix = 40
res_meta[[1, 5, 1], [4, 8, 7]] == res_naive[[1, 5, 1], [4, 8, 7]] == 172
prefix + suffix
res_meta[[1, 2, 3], [6, 5, 8]] == res_naive[[1, 2, 3], [6, 5, 8]] == 251
extreme small query!
res_meta[[2, 2, 1], [5, 7, 2]] == res_naive[[2, 2, 1], [5, 7, 2]] == 48
intra-block query!
inter-block query!
res_block = 175, res_suffix = 132, res_prefix = 76
Meta-algo query takes : 0.001200 ms, naive scan takes : 0.001667 ms
meta[[5, 1, 3], [7, 7, 6]] = 383, naive_scan = 109

Meta_Algo<T, 3, 1> (input size = 8 x 8 x 8, red_dim_ : 0, cut_dim_[1] : 2, cut_dim_[0] : 1, seg_size_ = 3, n_segs_ = 3)
-----------------------------------------------------------------------
Input Array: 
i = 0 : 
7, 1, 4, 6, 6, 5, 3, 6
0, 6, 7, 2, 2, 3, 5, 0
5, 2, 7, 4, 3, 2, 3, 3
3, 0, 0, 4, 4, 6, 6, 7
0, 2, 4, 1, 3, 6, 0, 4
6, 1, 7, 4, 1, 2, 4, 2
5, 0, 0, 1, 7, 1, 6, 4
2, 7, 7, 0, 1, 4, 5, 7

i = 1 : 
6, 5, 2, 2, 2, 5, 2, 2
1, 1, 0, 7, 2, 1, 0, 1
7, 3, 3, 3, 0, 4, 5, 7
1, 4, 2, 7, 6, 0, 4, 2
0, 2, 3, 2, 4, 2, 3, 4
5, 0, 6, 1, 1, 6, 3, 7
7, 2, 5, 0, 2, 6, 5, 4
4, 2, 7, 5, 4, 3, 1, 1

i = 2 : 
1, 2, 4, 6, 5, 5, 5, 4
6, 6, 4, 4, 6, 1, 6, 7
7, 3, 6, 2, 4, 4, 3, 2
2, 3, 0, 6, 1, 5, 3, 5
4, 4, 3, 5, 7, 4, 5, 3
1, 3, 0, 6, 6, 4, 2, 4
0, 2, 0, 7, 0, 7, 0, 6
4, 4, 7, 1, 6, 7, 2, 1

i = 3 : 
3, 3, 0, 3, 7, 7, 6, 1
1, 7, 2, 4, 3, 6, 1, 5
0, 0, 0, 5, 4, 2, 0, 1
4, 3, 0, 7, 3, 3, 7, 1
2, 5, 6, 6, 5, 4, 4, 1
4, 3, 2, 4, 3, 6, 4, 6
5, 2, 4, 5, 1, 1, 4, 1
6, 3, 6, 4, 3, 0, 0, 5

i = 4 : 
1, 2, 3, 3, 1, 0, 3, 1
1, 2, 4, 4, 3, 5, 1, 1
1, 0, 4, 6, 1, 3, 0, 2
7, 5, 1, 2, 2, 3, 2, 5
2, 6, 4, 4, 5, 2, 3, 0
1, 4, 0, 4, 0, 1, 3, 3
1, 0, 6, 5, 4, 3, 7, 4
2, 4, 3, 5, 5, 5, 5, 6

i = 5 : 
7, 3, 0, 7, 0, 1, 4, 5
1, 4, 0, 0, 2, 4, 1, 3
1, 7, 3, 3, 6, 0, 7, 3
3, 2, 5, 3, 2, 4, 0, 2
1, 0, 7, 3, 4, 4, 2, 2
7, 3, 0, 4, 2, 5, 1, 4
2, 5, 2, 0, 6, 1, 4, 0
1, 1, 4, 5, 1, 6, 2, 1

i = 6 : 
2, 3, 7, 1, 3, 6, 4, 4
4, 3, 3, 3, 2, 4, 4, 1
2, 4, 4, 1, 1, 7, 5, 5
0, 6, 5, 4, 5, 4, 4, 6
4, 0, 5, 7, 6, 0, 7, 6
3, 1, 6, 0, 2, 3, 1, 1
6, 2, 4, 2, 4, 5, 5, 4
3, 7, 7, 7, 7, 2, 0, 4

i = 7 : 
4, 6, 5, 2, 2, 4, 1, 7
7, 6, 3, 4, 2, 4, 3, 3
5, 5, 5, 3, 4, 3, 4, 5
1, 0, 4, 5, 2, 3, 6, 1
0, 4, 3, 5, 7, 6, 4, 3
7, 4, 5, 2, 1, 0, 0, 5
3, 4, 0, 2, 5, 4, 1, 3
3, 2, 7, 7, 4, 4, 5, 7

-----------------------------------------------------------------------
Promoted Array : 
i = 0 : 
14, 8, 10, 14, 13, 15, 10, 12
7, 13, 11, 13, 10, 5, 11, 8
19, 8, 16, 9, 7, 10, 11, 12
6, 7, 2, 17, 11, 11, 13, 14
4, 8, 10, 8, 14, 12, 8, 11
12, 4, 13, 11, 8, 12, 9, 13
12, 4, 5, 8, 9, 14, 11, 14
10, 13, 21, 6, 11, 14, 8, 9

i = 1 : 
11, 8, 3, 13, 8, 8, 13, 7
3, 13, 6, 8, 8, 15, 3, 9
2, 7, 7, 14, 11, 5, 7, 6
14, 10, 6, 12, 7, 10, 9, 8
5, 11, 17, 13, 14, 10, 9, 3
12, 10, 2, 12, 5, 12, 8, 13
8, 7, 12, 10, 11, 5, 15, 5
9, 8, 13, 14, 9, 11, 7, 12

i = 2 : 
6, 9, 12, 3, 5, 10, 5, 11
11, 9, 6, 7, 4, 8, 7, 4
7, 9, 9, 4, 5, 10, 9, 10
1, 6, 9, 9, 7, 7, 10, 7
4, 4, 8, 12, 13, 6, 11, 9
10, 5, 11, 2, 3, 3, 1, 6
9, 6, 4, 4, 9, 9, 6, 7
6, 9, 14, 14, 11, 6, 5, 11

Prefix Array : 
i = 0
7, 1, 4, 6, 6, 5, 3, 6
0, 6, 7, 2, 2, 3, 5, 0
5, 2, 7, 4, 3, 2, 3, 3
3, 0, 0, 4, 4, 6, 6, 7
0, 2, 4, 1, 3, 6, 0, 4
6, 1, 7, 4, 1, 2, 4, 2
5, 0, 0, 1, 7, 1, 6, 4
2, 7, 7, 0, 1, 4, 5, 7

i = 1
13, 6, 6, 8, 8, 10, 5, 8
1, 7, 7, 9, 4, 4, 5, 1
12, 5, 10, 7, 3, 6, 8, 10
4, 4, 2, 11, 10, 6, 10, 9
0, 4, 7, 3, 7, 8, 3, 8
11, 1, 13, 5, 2, 8, 7, 9
12, 2, 5, 1, 9, 7, 11, 8
6, 9, 14, 5, 5, 7, 6, 8

i = 2
14, 8, 10, 14, 13, 15, 10, 12
7, 13, 11, 13, 10, 5, 11, 8
19, 8, 16, 9, 7, 10, 11, 12
6, 7, 2, 17, 11, 11, 13, 14
4, 8, 10, 8, 14, 12, 8, 11
12, 4, 13, 11, 8, 12, 9, 13
12, 4, 5, 8, 9, 14, 11, 14
10, 13, 21, 6, 11, 14, 8, 9

i = 3
3, 3, 0, 3, 7, 7, 6, 1
1, 7, 2, 4, 3, 6, 1, 5
0, 0, 0, 5, 4, 2, 0, 1
4, 3, 0, 7, 3, 3, 7, 1
2, 5, 6, 6, 5, 4, 4, 1
4, 3, 2, 4, 3, 6, 4, 6
5, 2, 4, 5, 1, 1, 4, 1
6, 3, 6, 4, 3, 0, 0, 5

i = 4
4, 5, 3, 6, 8, 7, 9, 2
2, 9, 6, 8, 6, 11, 2, 6
1, 0, 4, 11, 5, 5, 0, 3
11, 8, 1, 9, 5, 6, 9, 6
4, 11, 10, 10, 10, 6, 7, 1
5, 7, 2, 8, 3, 7, 7, 9
6, 2, 10, 10, 5, 4, 11, 5
8, 7, 9, 9, 8, 5, 5, 11

i = 5
11, 8, 3, 13, 8, 8, 13, 7
3, 13, 6, 8, 8, 15, 3, 9
2, 7, 7, 14, 11, 5, 7, 6
14, 10, 6, 12, 7, 10, 9, 8
5, 11, 17, 13, 14, 10, 9, 3
12, 10, 2, 12, 5, 12, 8, 13
8, 7, 12, 10, 11, 5, 15, 5
9, 8, 13, 14, 9, 11, 7, 12

i = 6
2, 3, 7, 1, 3, 6, 4, 4
4, 3, 3, 3, 2, 4, 4, 1
2, 4, 4, 1, 1, 7, 5, 5
0, 6, 5, 4, 5, 4, 4, 6
4, 0, 5, 7, 6, 0, 7, 6
3, 1, 6, 0, 2, 3, 1, 1
6, 2, 4, 2, 4, 5, 5, 4
3, 7, 7, 7, 7, 2, 0, 4

i = 7
6, 9, 12, 3, 5, 10, 5, 11
11, 9, 6, 7, 4, 8, 7, 4
7, 9, 9, 4, 5, 10, 9, 10
1, 6, 9, 9, 7, 7, 10, 7
4, 4, 8, 12, 13, 6, 11, 9
10, 5, 11, 2, 3, 3, 1, 6
9, 6, 4, 4, 9, 9, 6, 7
6, 9, 14, 14, 11, 6, 5, 11

-----------------------------------------------------------------------
Suffix Array : 
i = 0
14, 8, 10, 14, 13, 15, 10, 12
7, 13, 11, 13, 10, 5, 11, 8
19, 8, 16, 9, 7, 10, 11, 12
6, 7, 2, 17, 11, 11, 13, 14
4, 8, 10, 8, 14, 12, 8, 11
12, 4, 13, 11, 8, 12, 9, 13
12, 4, 5, 8, 9, 14, 11, 14
10, 13, 21, 6, 11, 14, 8, 9

i = 1
7, 7, 6, 8, 7, 10, 7, 6
7, 7, 4, 11, 8, 2, 6, 8
14, 6, 9, 5, 4, 8, 8, 9
3, 7, 2, 13, 7, 5, 7, 7
4, 6, 6, 7, 11, 6, 8, 7
6, 3, 6, 7, 7, 10, 5, 11
7, 4, 5, 7, 2, 13, 5, 10
8, 6, 14, 6, 10, 10, 3, 2

i = 2
1, 2, 4, 6, 5, 5, 5, 4
6, 6, 4, 4, 6, 1, 6, 7
7, 3, 6, 2, 4, 4, 3, 2
2, 3, 0, 6, 1, 5, 3, 5
4, 4, 3, 5, 7, 4, 5, 3
1, 3, 0, 6, 6, 4, 2, 4
0, 2, 0, 7, 0, 7, 0, 6
4, 4, 7, 1, 6, 7, 2, 1

i = 3
11, 8, 3, 13, 8, 8, 13, 7
3, 13, 6, 8, 8, 15, 3, 9
2, 7, 7, 14, 11, 5, 7, 6
14, 10, 6, 12, 7, 10, 9, 8
5, 11, 17, 13, 14, 10, 9, 3
12, 10, 2, 12, 5, 12, 8, 13
8, 7, 12, 10, 11, 5, 15, 5
9, 8, 13, 14, 9, 11, 7, 12

i = 4
8, 5, 3, 10, 1, 1, 7, 6
2, 6, 4, 4, 5, 9, 2, 4
2, 7, 7, 9, 7, 3, 7, 5
10, 7, 6, 5, 4, 7, 2, 7
3, 6, 11, 7, 9, 6, 5, 2
8, 7, 0, 8, 2, 6, 4, 7
3, 5, 8, 5, 10, 4, 11, 4
3, 5, 7, 10, 6, 11, 7, 7

i = 5
7, 3, 0, 7, 0, 1, 4, 5
1, 4, 0, 0, 2, 4, 1, 3
1, 7, 3, 3, 6, 0, 7, 3
3, 2, 5, 3, 2, 4, 0, 2
1, 0, 7, 3, 4, 4, 2, 2
7, 3, 0, 4, 2, 5, 1, 4
2, 5, 2, 0, 6, 1, 4, 0
1, 1, 4, 5, 1, 6, 2, 1

i = 6
6, 9, 12, 3, 5, 10, 5, 11
11, 9, 6, 7, 4, 8, 7, 4
7, 9, 9, 4, 5, 10, 9, 10
1, 6, 9, 9, 7, 7, 10, 7
4, 4, 8, 12, 13, 6, 11, 9
10, 5, 11, 2, 3, 3, 1, 6
9, 6, 4, 4, 9, 9, 6, 7
6, 9, 14, 14, 11, 6, 5, 11

i = 7
4, 6, 5, 2, 2, 4, 1, 7
7, 6, 3, 4, 2, 4, 3, 3
5, 5, 5, 3, 4, 3, 4, 5
1, 0, 4, 5, 2, 3, 6, 1
0, 4, 3, 5, 7, 6, 4, 3
7, 4, 5, 2, 1, 0, 0, 5
3, 4, 0, 2, 5, 4, 1, 3
3, 2, 7, 7, 4, 4, 5, 7

-----------------------------------------------------------------------

