This file contains any messages produced by compilers while
running configure, to aid debugging if configure makes a mistake.

It was created by blitz configure 0.9, which was
generated by GNU Autoconf 2.59.  Invocation command line was

  $ ./configure --prefix=/home/yuantang/tool_dest/

## --------- ##
## Platform. ##
## --------- ##

hostname = octave
uname -m = i686
uname -r = 2.6.31-20-generic
uname -s = Linux
uname -v = #58-Ubuntu SMP Fri Mar 12 05:23:09 UTC 2010

/usr/bin/uname -p = unknown
/bin/uname -X     = unknown

/bin/arch              = unknown
/usr/bin/arch -k       = unknown
/usr/convex/getsysinfo = unknown
hostinfo               = unknown
/bin/machine           = unknown
/usr/bin/oslevel       = unknown
/bin/universe          = unknown

PATH: /home/yuantang/tool_src/RealPlayer
PATH: /home/yuantang/tool_dest/Adobe/Reader9/bin
PATH: /home/yuantang/Bluespec-2009.03.beta1/bin
PATH: /home/yuantang/Pin/pin-2.6-25945-gcc.4.0.0-ia32_intel64-linux
PATH: /home/yuantang/Xilinx/10.1/ISE/bin/lin
PATH: /home/yuantang/Xilinx/10.1/EDK/bin/lin
PATH: /home/yuantang/Xilinx/10.1/EDK/lib/lin
PATH: /home/yuantang/tool_src/RealPlayer
PATH: /home/yuantang/tool_dest/Adobe/Reader9/bin
PATH: /home/yuantang/Bluespec-2009.03.beta1/bin
PATH: /home/yuantang/Pin/pin-2.6-25945-gcc.4.0.0-ia32_intel64-linux
PATH: /home/yuantang/Xilinx/10.1/ISE/bin/lin
PATH: /home/yuantang/Xilinx/10.1/EDK/bin/lin
PATH: /home/yuantang/Xilinx/10.1/EDK/lib/lin
PATH: /usr/local/sbin
PATH: /usr/local/bin
PATH: /usr/sbin
PATH: /usr/bin
PATH: /sbin
PATH: /bin
PATH: /usr/games
PATH: /opt/real/RealPlayer
PATH: /usr/cross/powerpc-elf/bin
PATH: /home/yuantang/tool_src/cilk/bin
PATH: /home/yuantang/tool_src/cilk/bin
PATH: /usr/local/bin
PATH: /usr/local/sbin
PATH: /afs/csail.mit.edu/proj/courses/6.884/spring10/cilk32/bin


## ----------- ##
## Core tests. ##
## ----------- ##

configure:1618: checking build system type
configure:1636: result: i686-pc-linux-gnu
configure:1644: checking host system type
configure:1658: result: i686-pc-linux-gnu
configure:1666: checking target system type
configure:1680: result: i686-pc-linux-gnu
configure:1709: checking for a BSD-compatible install
configure:1764: result: /usr/bin/install -c
configure:1775: checking whether build environment is sane
configure:1818: result: yes
configure:1883: checking for gawk
configure:1899: found /usr/bin/gawk
configure:1909: result: gawk
configure:1919: checking whether make sets $(MAKE)
configure:1939: result: yes
configure:2111: checking whether to enable maintainer-specific portions of Makefiles
configure:2120: result: no
configure:2145:

Configuring blitz 0.9 for i686-pc-linux-gnu


configure:2205: checking for xlc++
configure:2234: result: no
configure:2205: checking for xlC
configure:2234: result: no
configure:2205: checking for icpc
configure:2234: result: no
configure:2205: checking for icc
configure:2234: result: no
configure:2205: checking for pathCC
configure:2234: result: no
configure:2205: checking for cxx
configure:2234: result: no
configure:2205: checking for aCC
configure:2234: result: no
configure:2205: checking for c++
configure:2221: found /usr/bin/c++
configure:2231: result: c++
configure:2247: checking for C++ compiler version
configure:2250: c++ --version </dev/null >&5
c++ (Ubuntu 4.4.1-4ubuntu9) 4.4.1
Copyright (C) 2009 Free Software Foundation, Inc.
This is free software; see the source for copying conditions.  There is NO
warranty; not even for MERCHANTABILITY or FITNESS FOR A PARTICULAR PURPOSE.

configure:2253: $? = 0
configure:2255: c++ -v </dev/null >&5
Using built-in specs.
Target: i486-linux-gnu
Configured with: ../src/configure -v --with-pkgversion='Ubuntu 4.4.1-4ubuntu9' --with-bugurl=file:///usr/share/doc/gcc-4.4/README.Bugs --enable-languages=c,c++,fortran,objc,obj-c++ --prefix=/usr --enable-shared --enable-multiarch --enable-linker-build-id --with-system-zlib --libexecdir=/usr/lib --without-included-gettext --enable-threads=posix --with-gxx-include-dir=/usr/include/c++/4.4 --program-suffix=-4.4 --enable-nls --enable-clocale=gnu --enable-libstdcxx-debug --enable-objc-gc --enable-targets=all --disable-werror --with-arch-32=i486 --with-tune=generic --enable-checking=release --build=i486-linux-gnu --host=i486-linux-gnu --target=i486-linux-gnu
Thread model: posix
gcc version 4.4.1 (Ubuntu 4.4.1-4ubuntu9) 
configure:2258: $? = 0
configure:2260: c++ -V </dev/null >&5
c++: '-V' option must have argument
configure:2263: $? = 1
configure:2286: checking for C++ compiler default output file name
configure:2289: c++    conftest.cc  >&5
configure:2292: $? = 0
configure:2338: result: a.out
configure:2343: checking whether the C++ compiler works
configure:2349: ./a.out
configure:2352: $? = 0
configure:2369: result: yes
configure:2376: checking whether we are cross compiling
configure:2378: result: no
configure:2381: checking for suffix of executables
configure:2383: c++ -o conftest    conftest.cc  >&5
configure:2386: $? = 0
configure:2411: result: 
configure:2417: checking for suffix of object files
configure:2438: c++ -c   conftest.cc >&5
configure:2441: $? = 0
configure:2463: result: o
configure:2467: checking whether we are using the GNU C++ compiler
configure:2491: c++ -c   conftest.cc >&5
configure:2497: $? = 0
configure:2501: test -z 
			 || test ! -s conftest.err
configure:2504: $? = 0
configure:2507: test -s conftest.o
configure:2510: $? = 0
configure:2523: result: yes
configure:2529: checking whether c++ accepts -g
configure:2550: c++ -c -g  conftest.cc >&5
configure:2556: $? = 0
configure:2560: test -z 
			 || test ! -s conftest.err
configure:2563: $? = 0
configure:2566: test -s conftest.o
configure:2569: $? = 0
configure:2580: result: yes
configure:2622: c++ -c -g -O2  conftest.cc >&5
configure:2628: $? = 0
configure:2632: test -z 
			 || test ! -s conftest.err
configure:2635: $? = 0
configure:2638: test -s conftest.o
configure:2641: $? = 0
configure:2667: c++ -c -g -O2  conftest.cc >&5
conftest.cc: In function 'int main()':
conftest.cc:15: error: 'exit' was not declared in this scope
configure:2673: $? = 1
configure: failed program was:
| /* confdefs.h.  */
| 
| #define PACKAGE_NAME "blitz"
| #define PACKAGE_TARNAME "blitz"
| #define PACKAGE_VERSION "0.9"
| #define PACKAGE_STRING "blitz 0.9"
| #define PACKAGE_BUGREPORT "blitz-bugs@oonumerics.org"
| #define PACKAGE "blitz"
| #define VERSION "0.9"
| /* end confdefs.h.  */
| 
| int
| main ()
| {
| exit (42);
|   ;
|   return 0;
| }
configure:2622: c++ -c -g -O2  conftest.cc >&5
conftest.cc:11: error: 'void std::exit(int)' should have been declared inside 'std'
configure:2628: $? = 1
configure: failed program was:
| /* confdefs.h.  */
| 
| #define PACKAGE_NAME "blitz"
| #define PACKAGE_TARNAME "blitz"
| #define PACKAGE_VERSION "0.9"
| #define PACKAGE_STRING "blitz 0.9"
| #define PACKAGE_BUGREPORT "blitz-bugs@oonumerics.org"
| #define PACKAGE "blitz"
| #define VERSION "0.9"
| /* end confdefs.h.  */
| extern "C" void std::exit (int) throw (); using std::exit;
| #include <stdlib.h>
| int
| main ()
| {
| exit (42);
|   ;
|   return 0;
| }
configure:2622: c++ -c -g -O2  conftest.cc >&5
conftest.cc:11: error: 'void std::exit(int)' should have been declared inside 'std'
In file included from conftest.cc:12:
/usr/include/stdlib.h:543: error: declaration of 'void std::exit(int) throw ()' throws different exceptions
conftest.cc:11: error: from previous declaration 'void std::exit(int)'
configure:2628: $? = 1
configure: failed program was:
| /* confdefs.h.  */
| 
| #define PACKAGE_NAME "blitz"
| #define PACKAGE_TARNAME "blitz"
| #define PACKAGE_VERSION "0.9"
| #define PACKAGE_STRING "blitz 0.9"
| #define PACKAGE_BUGREPORT "blitz-bugs@oonumerics.org"
| #define PACKAGE "blitz"
| #define VERSION "0.9"
| /* end confdefs.h.  */
| extern "C" void std::exit (int); using std::exit;
| #include <stdlib.h>
| int
| main ()
| {
| exit (42);
|   ;
|   return 0;
| }
configure:2622: c++ -c -g -O2  conftest.cc >&5
configure:2628: $? = 0
configure:2632: test -z 
			 || test ! -s conftest.err
configure:2635: $? = 0
configure:2638: test -s conftest.o
configure:2641: $? = 0
configure:2667: c++ -c -g -O2  conftest.cc >&5
configure:2673: $? = 0
configure:2677: test -z 
			 || test ! -s conftest.err
configure:2680: $? = 0
configure:2683: test -s conftest.o
configure:2686: $? = 0
configure:2720: checking for style of include used by make
configure:2748: result: GNU
configure:2776: checking dependency style of c++
configure:2866: result: gcc3
configure:2905: checking whether using c++ preset flags
configure:3031: result: yes
configure:3040: Setting compiler flags for GNU c++ (wahoo!)
configure:3055: checking whether to enable Fortran compilation for benchmark codes
configure:3065: result: yes
configure:3131: checking for xlf
configure:3160: result: no
configure:3131: checking for ifort
configure:3160: result: no
configure:3131: checking for ifc
configure:3160: result: no
configure:3131: checking for pathf90
configure:3160: result: no
configure:3131: checking for f77
configure:3160: result: no
configure:3131: checking for g77
configure:3160: result: no
configure:3131: checking for g95
configure:3160: result: no
configure:3131: checking for gfortran
configure:3160: result: no
configure:3131: checking for pgf77
configure:3160: result: no
configure:3131: checking for fort77
configure:3160: result: no
configure:3172: checking for Fortran 77 compiler version
configure:3175:  --version </dev/null >&5
./configure: line 3176: --version: command not found
configure:3178: $? = 127
configure:3180:  -v </dev/null >&5
./configure: line 3181: -v: command not found
configure:3183: $? = 127
configure:3185:  -V </dev/null >&5
./configure: line 3186: -V: command not found
configure:3188: $? = 127
configure:3196: checking whether we are using the GNU Fortran 77 compiler
configure:3210:  -c  conftest.F >&5
./configure: line 3211: -c: command not found
configure:3216: $? = 127
configure: failed program was:
|       program main
| #ifndef __GNUC__
|        choke me
| #endif
| 
|       end
configure:3242: result: no
configure:3248: checking whether  accepts -g
configure:3260:  -c -g conftest.f >&5
./configure: line 3261: -c: command not found
configure:3266: $? = 127
configure: failed program was:
|       program main
| 
|       end
configure:3291: result: no
configure:3367: checking for xlf90
configure:3396: result: no
configure:3367: checking for ifort
configure:3396: result: no
configure:3367: checking for ifc
configure:3396: result: no
configure:3367: checking for pathf90
configure:3396: result: no
configure:3367: checking for f90
configure:3396: result: no
configure:3367: checking for g95
configure:3396: result: no
configure:3367: checking for gfortran
configure:3396: result: no
configure:3367: checking for pgf90
configure:3396: result: no
configure:3408: checking for Fortran compiler version
configure:3411:  --version </dev/null >&5
./configure: line 3412: --version: command not found
configure:3414: $? = 127
configure:3416:  -v </dev/null >&5
./configure: line 3417: -v: command not found
configure:3419: $? = 127
configure:3421:  -V </dev/null >&5
./configure: line 3422: -V: command not found
configure:3424: $? = 127
configure:3432: checking whether we are using the GNU Fortran compiler
configure:3446:  -c   conftest.F >&5
./configure: line 3447: -c: command not found
configure:3452: $? = 127
configure: failed program was:
|       program main
| #ifndef __GNUC__
|        choke me
| #endif
| 
|       end
configure:3478: result: no
configure:3484: checking whether  accepts -g
configure:3496:  -c -g  conftest.f >&5
./configure: line 3497: -c: command not found
configure:3502: $? = 127
configure: failed program was:
|       program main
| 
|       end
configure:3527: result: no
configure:3565: checking whether using Fortran preset flags
configure:3578: result: yes
configure:3841: checking how to get verbose linking output from 
configure:3852:  -c  conftest.f >&5
./configure: line 3853: -c: command not found
configure:3858: $? = 127
configure: failed program was:
|       program main
| 
|       end
configure:3937: WARNING: compilation failed
configure:3943: result: 
configure:3945: checking for Fortran libraries of 
configure:3966:  -o conftest    conftest.f  >&5
./configure: line 3967: -o: command not found
configure:4127: result: 
configure:4153: checking how to get verbose linking output from 
configure:4164:  -c   conftest.f >&5
./configure: line 4165: -c: command not found
configure:4170: $? = 127
configure: failed program was:
|       program main
| 
|       end
configure:4249: WARNING: compilation failed
configure:4255: result: 
configure:4257: checking for Fortran libraries of 
configure:4278:  -o conftest     conftest.f  >&5
./configure: line 4279: -o: command not found
configure:4439: result: 
configure:4608: checking compiler specific header
configure:4670: result: gnu/bzconfig.h
configure:4712: checking for doxygen
configure:4741: result: no
configure:4833: checking whether to enable C++/Fortran 64-bit compilation flags
configure:4846: result: no
configure:5039: checking for gcc
configure:5055: found /usr/bin/gcc
configure:5065: result: gcc
configure:5309: checking for C compiler version
configure:5312: gcc --version </dev/null >&5
gcc (Ubuntu 4.4.1-4ubuntu9) 4.4.1
Copyright (C) 2009 Free Software Foundation, Inc.
This is free software; see the source for copying conditions.  There is NO
warranty; not even for MERCHANTABILITY or FITNESS FOR A PARTICULAR PURPOSE.

configure:5315: $? = 0
configure:5317: gcc -v </dev/null >&5
Using built-in specs.
Target: i486-linux-gnu
Configured with: ../src/configure -v --with-pkgversion='Ubuntu 4.4.1-4ubuntu9' --with-bugurl=file:///usr/share/doc/gcc-4.4/README.Bugs --enable-languages=c,c++,fortran,objc,obj-c++ --prefix=/usr --enable-shared --enable-multiarch --enable-linker-build-id --with-system-zlib --libexecdir=/usr/lib --without-included-gettext --enable-threads=posix --with-gxx-include-dir=/usr/include/c++/4.4 --program-suffix=-4.4 --enable-nls --enable-clocale=gnu --enable-libstdcxx-debug --enable-objc-gc --enable-targets=all --disable-werror --with-arch-32=i486 --with-tune=generic --enable-checking=release --build=i486-linux-gnu --host=i486-linux-gnu --target=i486-linux-gnu
Thread model: posix
gcc version 4.4.1 (Ubuntu 4.4.1-4ubuntu9) 
configure:5320: $? = 0
configure:5322: gcc -V </dev/null >&5
gcc: '-V' option must have argument
configure:5325: $? = 1
configure:5328: checking whether we are using the GNU C compiler
configure:5352: gcc -c   conftest.c >&5
configure:5358: $? = 0
configure:5362: test -z 
			 || test ! -s conftest.err
configure:5365: $? = 0
configure:5368: test -s conftest.o
configure:5371: $? = 0
configure:5384: result: yes
configure:5390: checking whether gcc accepts -g
configure:5411: gcc -c -g  conftest.c >&5
configure:5417: $? = 0
configure:5421: test -z 
			 || test ! -s conftest.err
configure:5424: $? = 0
configure:5427: test -s conftest.o
configure:5430: $? = 0
configure:5441: result: yes
configure:5458: checking for gcc option to accept ANSI C
configure:5528: gcc  -c -g -O2  conftest.c >&5
configure:5534: $? = 0
configure:5538: test -z 
			 || test ! -s conftest.err
configure:5541: $? = 0
configure:5544: test -s conftest.o
configure:5547: $? = 0
configure:5565: result: none needed
configure:5583: gcc -c -g -O2  conftest.c >&5
conftest.c:2: error: expected '=', ',', ';', 'asm' or '__attribute__' before 'me'
configure:5589: $? = 1
configure: failed program was:
| #ifndef __cplusplus
|   choke me
| #endif
configure:5724: checking dependency style of gcc
configure:5814: result: gcc3
configure:5831: checking for a sed that does not truncate output
configure:5885: result: /bin/sed
configure:5888: checking for egrep
configure:5898: result: grep -E
configure:5914: checking for ld used by gcc
configure:5981: result: /usr/bin/ld
configure:5990: checking if the linker (/usr/bin/ld) is GNU ld
configure:6005: result: yes
configure:6010: checking for /usr/bin/ld option to reload object files
configure:6017: result: -r
configure:6026: checking for BSD-compatible nm
configure:6068: result: /usr/bin/nm -B
configure:6072: checking whether ln -s works
configure:6076: result: yes
configure:6083: checking how to recognise dependent libraries
configure:6266: result: pass_all
configure:6480: checking how to run the C preprocessor
configure:6515: gcc -E  conftest.c
configure:6521: $? = 0
configure:6553: gcc -E  conftest.c
conftest.c:14:28: error: ac_nonexistent.h: No such file or directory
configure:6559: $? = 1
configure: failed program was:
| /* confdefs.h.  */
| 
| #define PACKAGE_NAME "blitz"
| #define PACKAGE_TARNAME "blitz"
| #define PACKAGE_VERSION "0.9"
| #define PACKAGE_STRING "blitz 0.9"
| #define PACKAGE_BUGREPORT "blitz-bugs@oonumerics.org"
| #define PACKAGE "blitz"
| #define VERSION "0.9"
| #ifdef __cplusplus
| extern "C" void exit (int) throw ();
| #endif
| /* end confdefs.h.  */
| #include <ac_nonexistent.h>
configure:6598: result: gcc -E
configure:6622: gcc -E  conftest.c
configure:6628: $? = 0
configure:6660: gcc -E  conftest.c
conftest.c:14:28: error: ac_nonexistent.h: No such file or directory
configure:6666: $? = 1
configure: failed program was:
| /* confdefs.h.  */
| 
| #define PACKAGE_NAME "blitz"
| #define PACKAGE_TARNAME "blitz"
| #define PACKAGE_VERSION "0.9"
| #define PACKAGE_STRING "blitz 0.9"
| #define PACKAGE_BUGREPORT "blitz-bugs@oonumerics.org"
| #define PACKAGE "blitz"
| #define VERSION "0.9"
| #ifdef __cplusplus
| extern "C" void exit (int) throw ();
| #endif
| /* end confdefs.h.  */
| #include <ac_nonexistent.h>
configure:6710: checking for ANSI C header files
configure:6735: gcc -c -g -O2  conftest.c >&5
configure:6741: $? = 0
configure:6745: test -z 
			 || test ! -s conftest.err
configure:6748: $? = 0
configure:6751: test -s conftest.o
configure:6754: $? = 0
configure:6843: gcc -o conftest -g -O2   conftest.c  >&5
conftest.c: In function 'main':
conftest.c:31: warning: incompatible implicit declaration of built-in function 'exit'
configure:6846: $? = 0
configure:6848: ./conftest
configure:6851: $? = 0
configure:6866: result: yes
configure:6890: checking for sys/types.h
configure:6906: gcc -c -g -O2  conftest.c >&5
configure:6912: $? = 0
configure:6916: test -z 
			 || test ! -s conftest.err
configure:6919: $? = 0
configure:6922: test -s conftest.o
configure:6925: $? = 0
configure:6936: result: yes
configure:6890: checking for sys/stat.h
configure:6906: gcc -c -g -O2  conftest.c >&5
configure:6912: $? = 0
configure:6916: test -z 
			 || test ! -s conftest.err
configure:6919: $? = 0
configure:6922: test -s conftest.o
configure:6925: $? = 0
configure:6936: result: yes
configure:6890: checking for stdlib.h
configure:6906: gcc -c -g -O2  conftest.c >&5
configure:6912: $? = 0
configure:6916: test -z 
			 || test ! -s conftest.err
configure:6919: $? = 0
configure:6922: test -s conftest.o
configure:6925: $? = 0
configure:6936: result: yes
configure:6890: checking for string.h
configure:6906: gcc -c -g -O2  conftest.c >&5
configure:6912: $? = 0
configure:6916: test -z 
			 || test ! -s conftest.err
configure:6919: $? = 0
configure:6922: test -s conftest.o
configure:6925: $? = 0
configure:6936: result: yes
configure:6890: checking for memory.h
configure:6906: gcc -c -g -O2  conftest.c >&5
configure:6912: $? = 0
configure:6916: test -z 
			 || test ! -s conftest.err
configure:6919: $? = 0
configure:6922: test -s conftest.o
configure:6925: $? = 0
configure:6936: result: yes
configure:6890: checking for strings.h
configure:6906: gcc -c -g -O2  conftest.c >&5
configure:6912: $? = 0
configure:6916: test -z 
			 || test ! -s conftest.err
configure:6919: $? = 0
configure:6922: test -s conftest.o
configure:6925: $? = 0
configure:6936: result: yes
configure:6890: checking for inttypes.h
configure:6906: gcc -c -g -O2  conftest.c >&5
configure:6912: $? = 0
configure:6916: test -z 
			 || test ! -s conftest.err
configure:6919: $? = 0
configure:6922: test -s conftest.o
configure:6925: $? = 0
configure:6936: result: yes
configure:6890: checking for stdint.h
configure:6906: gcc -c -g -O2  conftest.c >&5
configure:6912: $? = 0
configure:6916: test -z 
			 || test ! -s conftest.err
configure:6919: $? = 0
configure:6922: test -s conftest.o
configure:6925: $? = 0
configure:6936: result: yes
configure:6890: checking for unistd.h
configure:6906: gcc -c -g -O2  conftest.c >&5
configure:6912: $? = 0
configure:6916: test -z 
			 || test ! -s conftest.err
configure:6919: $? = 0
configure:6922: test -s conftest.o
configure:6925: $? = 0
configure:6936: result: yes
configure:6962: checking dlfcn.h usability
configure:6974: gcc -c -g -O2  conftest.c >&5
configure:6980: $? = 0
configure:6984: test -z 
			 || test ! -s conftest.err
configure:6987: $? = 0
configure:6990: test -s conftest.o
configure:6993: $? = 0
configure:7003: result: yes
configure:7007: checking dlfcn.h presence
configure:7017: gcc -E  conftest.c
configure:7023: $? = 0
configure:7043: result: yes
configure:7078: checking for dlfcn.h
configure:7085: result: yes
configure:7103: checking how to run the C++ preprocessor
configure:7134: c++ -E  conftest.cc
configure:7140: $? = 0
configure:7172: c++ -E  conftest.cc
conftest.cc:25:28: error: ac_nonexistent.h: No such file or directory
configure:7178: $? = 1
configure: failed program was:
| /* confdefs.h.  */
| 
| #define PACKAGE_NAME "blitz"
| #define PACKAGE_TARNAME "blitz"
| #define PACKAGE_VERSION "0.9"
| #define PACKAGE_STRING "blitz 0.9"
| #define PACKAGE_BUGREPORT "blitz-bugs@oonumerics.org"
| #define PACKAGE "blitz"
| #define VERSION "0.9"
| #ifdef __cplusplus
| extern "C" void exit (int) throw ();
| #endif
| #define STDC_HEADERS 1
| #define HAVE_SYS_TYPES_H 1
| #define HAVE_SYS_STAT_H 1
| #define HAVE_STDLIB_H 1
| #define HAVE_STRING_H 1
| #define HAVE_MEMORY_H 1
| #define HAVE_STRINGS_H 1
| #define HAVE_INTTYPES_H 1
| #define HAVE_STDINT_H 1
| #define HAVE_UNISTD_H 1
| #define HAVE_DLFCN_H 1
| /* end confdefs.h.  */
| #include <ac_nonexistent.h>
configure:7217: result: c++ -E
configure:7241: c++ -E  conftest.cc
configure:7247: $? = 0
configure:7279: c++ -E  conftest.cc
conftest.cc:25:28: error: ac_nonexistent.h: No such file or directory
configure:7285: $? = 1
configure: failed program was:
| /* confdefs.h.  */
| 
| #define PACKAGE_NAME "blitz"
| #define PACKAGE_TARNAME "blitz"
| #define PACKAGE_VERSION "0.9"
| #define PACKAGE_STRING "blitz 0.9"
| #define PACKAGE_BUGREPORT "blitz-bugs@oonumerics.org"
| #define PACKAGE "blitz"
| #define VERSION "0.9"
| #ifdef __cplusplus
| extern "C" void exit (int) throw ();
| #endif
| #define STDC_HEADERS 1
| #define HAVE_SYS_TYPES_H 1
| #define HAVE_SYS_STAT_H 1
| #define HAVE_STDLIB_H 1
| #define HAVE_STRING_H 1
| #define HAVE_MEMORY_H 1
| #define HAVE_STRINGS_H 1
| #define HAVE_INTTYPES_H 1
| #define HAVE_STDINT_H 1
| #define HAVE_UNISTD_H 1
| #define HAVE_DLFCN_H 1
| /* end confdefs.h.  */
| #include <ac_nonexistent.h>
configure:7333: checking the maximum length of command line arguments
configure:7398: result: 32768
configure:7409: checking command to parse /usr/bin/nm -B output from gcc object
configure:7498: c++ -c   conftest.cc >&5
configure:7501: $? = 0
configure:7505: /usr/bin/nm -B conftest.o \| sed -n -e 's/^.*[ 	]\([ABCDGIRSTW][ABCDGIRSTW]*\)[ 	][ 	]*\(\)\([_A-Za-z][_A-Za-z0-9]*\)$/\1 \2\3 \3/p' \> conftest.nm
configure:7508: $? = 0
configure:7560: c++ -o conftest    conftest.cc conftstm.o >&5
configure:7563: $? = 0
configure:7601: result: ok
configure:7605: checking for objdir
configure:7620: result: .libs
configure:7710: checking for ar
configure:7726: found /usr/bin/ar
configure:7737: result: ar
configure:7790: checking for ranlib
configure:7806: found /usr/bin/ranlib
configure:7817: result: ranlib
configure:7870: checking for strip
configure:7886: found /usr/bin/strip
configure:7897: result: strip
configure:8159: checking if gcc static flag  works
configure:8182: result: yes
configure:8200: checking if gcc supports -fno-rtti -fno-exceptions
configure:8218: gcc -c -g -O2  -fno-rtti -fno-exceptions conftest.c >&5
cc1: warning: command line option "-fno-rtti" is valid for C++/ObjC++ but not for C
configure:8222: $? = 0
configure:8233: result: no
configure:8248: checking for gcc option to produce PIC
configure:8425: result: -fPIC
configure:8433: checking if gcc PIC flag -fPIC works
configure:8451: gcc -c -g -O2  -fPIC -DPIC conftest.c >&5
configure:8455: $? = 0
configure:8466: result: yes
configure:8490: checking if gcc supports -c -o file.o
configure:8511: gcc -c -g -O2  -o out/conftest2.o conftest.c >&5
configure:8515: $? = 0
configure:8535: result: yes
configure:8561: checking whether the gcc linker (/usr/bin/ld) supports shared libraries
configure:9409: result: yes
configure:9480: checking dynamic linker characteristics
configure:10041: result: GNU/Linux ld.so
configure:10045: checking how to hardcode library paths into programs
configure:10070: result: immediate
configure:10084: checking whether stripping libraries is possible
configure:10089: result: yes
configure:10919: checking if libtool supports shared libraries
configure:10921: result: yes
configure:10924: checking whether to build shared libraries
configure:10982: result: no
configure:10985: checking whether to build static libraries
configure:10989: result: yes
configure:11081: creating libtool
configure:11628: checking for ld used by c++
configure:11695: result: /usr/bin/ld
configure:11704: checking if the linker (/usr/bin/ld) is GNU ld
configure:11719: result: yes
configure:11770: checking whether the c++ linker (/usr/bin/ld) supports shared libraries
configure:12598: result: yes
configure:12616: c++ -c   conftest.cc >&5
configure:12619: $? = 0
configure:12715: checking for c++ option to produce PIC
configure:12967: result: -fPIC
configure:12975: checking if c++ PIC flag -fPIC works
configure:12993: c++ -c   -fPIC -DPIC conftest.cc >&5
configure:12997: $? = 0
configure:13008: result: yes
configure:13032: checking if c++ supports -c -o file.o
configure:13053: c++ -c   -o out/conftest2.o conftest.cc >&5
configure:13057: $? = 0
configure:13077: result: yes
configure:13103: checking whether the c++ linker (/usr/bin/ld) supports shared libraries
configure:13128: result: yes
configure:13199: checking dynamic linker characteristics
configure:13760: result: GNU/Linux ld.so
configure:13764: checking how to hardcode library paths into programs
configure:13789: result: immediate
configure:13803: checking whether stripping libraries is possible
configure:13808: result: yes
configure:21086: checking for sin
configure:21143: c++ -o conftest    conftest.cc  >&5
configure:21149: $? = 0
configure:21153: test -z 
			 || test ! -s conftest.err
configure:21156: $? = 0
configure:21159: test -s conftest
configure:21162: $? = 0
configure:21174: result: yes
configure:21275:

Checking to see if there is a usable BLAS library kicking around...
(If so, Blitz++ will use BLAS library to run benchmarks against
if you build the benchmarks.  Blitz++ itself does NOT use BLAS).


configure:21287: checking for daxpy_ in -lblas
configure:21317: c++ -o conftest     conftest.cc -lblas   >&5
/usr/bin/ld: cannot find -lblas
collect2: ld returned 1 exit status
configure:21323: $? = 1
configure: failed program was:
| /* confdefs.h.  */
| 
| #define PACKAGE_NAME "blitz"
| #define PACKAGE_TARNAME "blitz"
| #define PACKAGE_VERSION "0.9"
| #define PACKAGE_STRING "blitz 0.9"
| #define PACKAGE_BUGREPORT "blitz-bugs@oonumerics.org"
| #define PACKAGE "blitz"
| #define VERSION "0.9"
| #ifdef __cplusplus
| extern "C" void exit (int) throw ();
| #endif
| #define STDC_HEADERS 1
| #define HAVE_SYS_TYPES_H 1
| #define HAVE_SYS_STAT_H 1
| #define HAVE_STDLIB_H 1
| #define HAVE_STRING_H 1
| #define HAVE_MEMORY_H 1
| #define HAVE_STRINGS_H 1
| #define HAVE_INTTYPES_H 1
| #define HAVE_STDINT_H 1
| #define HAVE_UNISTD_H 1
| #define HAVE_DLFCN_H 1
| /* end confdefs.h.  */
| 
| /* Override any gcc2 internal prototype to avoid an error.  */
| #ifdef __cplusplus
| extern "C"
| #endif
| /* We use char because int might match the return type of a gcc2
|    builtin and then its argument prototype would still apply.  */
| char daxpy_ ();
| int
| main ()
| {
| daxpy_ ();
|   ;
|   return 0;
| }
configure:21349: result: no
configure:21362: checking for daxpy in -lblas
configure:21392: c++ -o conftest     conftest.cc -lblas   >&5
/usr/bin/ld: cannot find -lblas
collect2: ld returned 1 exit status
configure:21398: $? = 1
configure: failed program was:
| /* confdefs.h.  */
| 
| #define PACKAGE_NAME "blitz"
| #define PACKAGE_TARNAME "blitz"
| #define PACKAGE_VERSION "0.9"
| #define PACKAGE_STRING "blitz 0.9"
| #define PACKAGE_BUGREPORT "blitz-bugs@oonumerics.org"
| #define PACKAGE "blitz"
| #define VERSION "0.9"
| #ifdef __cplusplus
| extern "C" void exit (int) throw ();
| #endif
| #define STDC_HEADERS 1
| #define HAVE_SYS_TYPES_H 1
| #define HAVE_SYS_STAT_H 1
| #define HAVE_STDLIB_H 1
| #define HAVE_STRING_H 1
| #define HAVE_MEMORY_H 1
| #define HAVE_STRINGS_H 1
| #define HAVE_INTTYPES_H 1
| #define HAVE_STDINT_H 1
| #define HAVE_UNISTD_H 1
| #define HAVE_DLFCN_H 1
| /* end confdefs.h.  */
| 
| /* Override any gcc2 internal prototype to avoid an error.  */
| #ifdef __cplusplus
| extern "C"
| #endif
| /* We use char because int might match the return type of a gcc2
|    builtin and then its argument prototype would still apply.  */
| char daxpy ();
| int
| main ()
| {
| daxpy ();
|   ;
|   return 0;
| }
configure:21424: result: no
configure:21437: checking for DAXPY in -lblas
configure:21467: c++ -o conftest     conftest.cc -lblas   >&5
/usr/bin/ld: cannot find -lblas
collect2: ld returned 1 exit status
configure:21473: $? = 1
configure: failed program was:
| /* confdefs.h.  */
| 
| #define PACKAGE_NAME "blitz"
| #define PACKAGE_TARNAME "blitz"
| #define PACKAGE_VERSION "0.9"
| #define PACKAGE_STRING "blitz 0.9"
| #define PACKAGE_BUGREPORT "blitz-bugs@oonumerics.org"
| #define PACKAGE "blitz"
| #define VERSION "0.9"
| #ifdef __cplusplus
| extern "C" void exit (int) throw ();
| #endif
| #define STDC_HEADERS 1
| #define HAVE_SYS_TYPES_H 1
| #define HAVE_SYS_STAT_H 1
| #define HAVE_STDLIB_H 1
| #define HAVE_STRING_H 1
| #define HAVE_MEMORY_H 1
| #define HAVE_STRINGS_H 1
| #define HAVE_INTTYPES_H 1
| #define HAVE_STDINT_H 1
| #define HAVE_UNISTD_H 1
| #define HAVE_DLFCN_H 1
| /* end confdefs.h.  */
| 
| /* Override any gcc2 internal prototype to avoid an error.  */
| #ifdef __cplusplus
| extern "C"
| #endif
| /* We use char because int might match the return type of a gcc2
|    builtin and then its argument prototype would still apply.  */
| char DAXPY ();
| int
| main ()
| {
| DAXPY ();
|   ;
|   return 0;
| }
configure:21499: result: no
configure:21512: checking for daxpy__ in -lblas
configure:21542: c++ -o conftest     conftest.cc -lblas   >&5
/usr/bin/ld: cannot find -lblas
collect2: ld returned 1 exit status
configure:21548: $? = 1
configure: failed program was:
| /* confdefs.h.  */
| 
| #define PACKAGE_NAME "blitz"
| #define PACKAGE_TARNAME "blitz"
| #define PACKAGE_VERSION "0.9"
| #define PACKAGE_STRING "blitz 0.9"
| #define PACKAGE_BUGREPORT "blitz-bugs@oonumerics.org"
| #define PACKAGE "blitz"
| #define VERSION "0.9"
| #ifdef __cplusplus
| extern "C" void exit (int) throw ();
| #endif
| #define STDC_HEADERS 1
| #define HAVE_SYS_TYPES_H 1
| #define HAVE_SYS_STAT_H 1
| #define HAVE_STDLIB_H 1
| #define HAVE_STRING_H 1
| #define HAVE_MEMORY_H 1
| #define HAVE_STRINGS_H 1
| #define HAVE_INTTYPES_H 1
| #define HAVE_STDINT_H 1
| #define HAVE_UNISTD_H 1
| #define HAVE_DLFCN_H 1
| /* end confdefs.h.  */
| 
| /* Override any gcc2 internal prototype to avoid an error.  */
| #ifdef __cplusplus
| extern "C"
| #endif
| /* We use char because int might match the return type of a gcc2
|    builtin and then its argument prototype would still apply.  */
| char daxpy__ ();
| int
| main ()
| {
| daxpy__ ();
|   ;
|   return 0;
| }
configure:21574: result: no
configure:21595: checking whether to enable c++ optimization flags
configure:21606: result: no
configure:21613: checking whether to enable c++ debug flags
configure:21624: result: no
configure:21637:

C++ compiler (c++  ) characteristics


configure:21684:

Checking major C++ language features


configure:21691: checking whether the compiler implements namespaces
configure:21720: c++ -c   conftest.cc >&5
configure:21726: $? = 0
configure:21730: test -z 
			 || test ! -s conftest.err
configure:21733: $? = 0
configure:21736: test -s conftest.o
configure:21739: $? = 0
configure:21757: result: yes
configure:21767: checking whether the compiler supports exceptions
configure:21796: c++ -c   conftest.cc >&5
configure:21802: $? = 0
configure:21806: test -z 
			 || test ! -s conftest.err
configure:21809: $? = 0
configure:21812: test -s conftest.o
configure:21815: $? = 0
configure:21833: result: yes
configure:21843: checking whether the compiler supports Run-Time Type Identification
configure:21884: c++ -c   conftest.cc >&5
configure:21890: $? = 0
configure:21894: test -z 
			 || test ! -s conftest.err
configure:21897: $? = 0
configure:21900: test -s conftest.o
configure:21903: $? = 0
configure:21921: result: yes
configure:21931: checking whether the compiler supports member constants
configure:21960: c++ -c   conftest.cc >&5
configure:21966: $? = 0
configure:21970: test -z 
			 || test ! -s conftest.err
configure:21973: $? = 0
configure:21976: test -s conftest.o
configure:21979: $? = 0
configure:21997: result: yes
configure:22007: checking whether the compiler accepts the old for scoping rules
configure:22036: c++ -c   conftest.cc >&5
conftest.cc: In function 'int main()':
conftest.cc:38: error: name lookup of 'i' changed for ISO 'for' scoping
conftest.cc:38: note: (if you use '-fpermissive' G++ will accept your code)
configure:22042: $? = 1
configure: failed program was:
| /* confdefs.h.  */
| 
| #define PACKAGE_NAME "blitz"
| #define PACKAGE_TARNAME "blitz"
| #define PACKAGE_VERSION "0.9"
| #define PACKAGE_STRING "blitz 0.9"
| #define PACKAGE_BUGREPORT "blitz-bugs@oonumerics.org"
| #define PACKAGE "blitz"
| #define VERSION "0.9"
| #ifdef __cplusplus
| extern "C" void exit (int) throw ();
| #endif
| #define STDC_HEADERS 1
| #define HAVE_SYS_TYPES_H 1
| #define HAVE_SYS_STAT_H 1
| #define HAVE_STDLIB_H 1
| #define HAVE_STRING_H 1
| #define HAVE_MEMORY_H 1
| #define HAVE_STRINGS_H 1
| #define HAVE_INTTYPES_H 1
| #define HAVE_STDINT_H 1
| #define HAVE_UNISTD_H 1
| #define HAVE_DLFCN_H 1
| #define _compiler_name "c++"
| #define _compiler_options ""
| #define _os_name "Linux octave 2.6.31-20-generic #58-Ubuntu SMP Fri Mar 12 05:23:09 UTC 2010 i686 GNU/Linux"
| #define _config_date "Fri Mar 26 21:19:58 EDT 2010"
| #define _platform "i686-pc-linux-gnu"
| #define HAVE_NAMESPACES
| #define HAVE_EXCEPTIONS
| #define HAVE_RTTI
| #define HAVE_MEMBER_CONSTANTS
| /* end confdefs.h.  */
| 
| int
| main ()
| {
| int z;for (int i=0; i < 10; ++i)z=z+i;z=i;return z;
|   ;
|   return 0;
| }
configure:22073: result: no
configure:22088:

Now for some of the new keywords


configure:22095: checking whether the compiler supports the explicit keyword
configure:22124: c++ -c   conftest.cc >&5
configure:22130: $? = 0
configure:22134: test -z 
			 || test ! -s conftest.err
configure:22137: $? = 0
configure:22140: test -s conftest.o
configure:22143: $? = 0
configure:22161: result: yes
configure:22171: checking whether the compiler supports the mutable keyword
configure:22205: c++ -c   conftest.cc >&5
configure:22211: $? = 0
configure:22215: test -z 
			 || test ! -s conftest.err
configure:22218: $? = 0
configure:22221: test -s conftest.o
configure:22224: $? = 0
configure:22242: result: yes
configure:22252: checking whether the compiler recognizes typename
configure:22281: c++ -c   conftest.cc >&5
configure:22287: $? = 0
configure:22291: test -z 
			 || test ! -s conftest.err
configure:22294: $? = 0
configure:22297: test -s conftest.o
configure:22300: $? = 0
configure:22318: result: yes
configure:22328: checking whether the compiler supports the Numerical C Extensions Group restrict keyword
configure:22364: c++ -c   conftest.cc >&5
conftest.cc:38: error: expected ',' or '...' before 'a'
conftest.cc: In function 'void add(int, double*)':
conftest.cc:40: error: 'a' was not declared in this scope
conftest.cc:40: error: 'b' was not declared in this scope
conftest.cc:40: error: 'c' was not declared in this scope
conftest.cc: In function 'int main()':
conftest.cc:38: error: too many arguments to function 'void add(int, double*)'
conftest.cc:47: error: at this point in file
configure:22370: $? = 1
configure: failed program was:
| /* confdefs.h.  */
| 
| #define PACKAGE_NAME "blitz"
| #define PACKAGE_TARNAME "blitz"
| #define PACKAGE_VERSION "0.9"
| #define PACKAGE_STRING "blitz 0.9"
| #define PACKAGE_BUGREPORT "blitz-bugs@oonumerics.org"
| #define PACKAGE "blitz"
| #define VERSION "0.9"
| #ifdef __cplusplus
| extern "C" void exit (int) throw ();
| #endif
| #define STDC_HEADERS 1
| #define HAVE_SYS_TYPES_H 1
| #define HAVE_SYS_STAT_H 1
| #define HAVE_STDLIB_H 1
| #define HAVE_STRING_H 1
| #define HAVE_MEMORY_H 1
| #define HAVE_STRINGS_H 1
| #define HAVE_INTTYPES_H 1
| #define HAVE_STDINT_H 1
| #define HAVE_UNISTD_H 1
| #define HAVE_DLFCN_H 1
| #define _compiler_name "c++"
| #define _compiler_options ""
| #define _os_name "Linux octave 2.6.31-20-generic #58-Ubuntu SMP Fri Mar 12 05:23:09 UTC 2010 i686 GNU/Linux"
| #define _config_date "Fri Mar 26 21:19:58 EDT 2010"
| #define _platform "i686-pc-linux-gnu"
| #define HAVE_NAMESPACES
| #define HAVE_EXCEPTIONS
| #define HAVE_RTTI
| #define HAVE_MEMBER_CONSTANTS
| #define HAVE_EXPLICIT
| #define HAVE_MUTABLE
| #define HAVE_TYPENAME
| /* end confdefs.h.  */
| 
| void add(int length, double * restrict a,
|          const double * restrict b, const double * restrict c)
| { for (int i=0; i < length; ++i) a[i] = b[i] + c[i]; }
| 
| int
| main ()
| {
| double a[10], b[10], c[10];
| for (int i=0; i < 10; ++i) { a[i] = 0.0; b[i] = 0.0; c[i] = 0.0; }
| add(10,a,b,c);
| return 0;
|   ;
|   return 0;
| }
configure:22401: result: no
configure:22411: checking whether the compiler recognizes the '__restrict__' keyword
configure:22447: c++ -c   conftest.cc >&5
configure:22453: $? = 0
configure:22457: test -z 
			 || test ! -s conftest.err
configure:22460: $? = 0
configure:22463: test -s conftest.o
configure:22466: $? = 0
configure:22484: result: yes
configure:22494: checking whether the compiler recognizes bool as a built-in type
configure:22527: c++ -c   conftest.cc >&5
configure:22533: $? = 0
configure:22537: test -z 
			 || test ! -s conftest.err
configure:22540: $? = 0
configure:22543: test -s conftest.o
configure:22546: $? = 0
configure:22564: result: yes
configure:22580:

Does your compiler understand the newfangled casting syntax?


configure:22587: checking whether the compiler supports const_cast<>
configure:22616: c++ -c   conftest.cc >&5
configure:22622: $? = 0
configure:22626: test -z 
			 || test ! -s conftest.err
configure:22629: $? = 0
configure:22632: test -s conftest.o
configure:22635: $? = 0
configure:22653: result: yes
configure:22663: checking whether the compiler supports static_cast<>
configure:22696: c++ -c   conftest.cc >&5
configure:22702: $? = 0
configure:22706: test -z 
			 || test ! -s conftest.err
configure:22709: $? = 0
configure:22712: test -s conftest.o
configure:22715: $? = 0
configure:22733: result: yes
configure:22743: checking whether the compiler supports reinterpret_cast<>
configure:22777: c++ -c   conftest.cc >&5
configure:22783: $? = 0
configure:22787: test -z 
			 || test ! -s conftest.err
configure:22790: $? = 0
configure:22793: test -s conftest.o
configure:22796: $? = 0
configure:22814: result: yes
configure:22824: checking whether the compiler supports dynamic_cast<>
configure:22856: c++ -c   conftest.cc >&5
configure:22862: $? = 0
configure:22866: test -z 
			 || test ! -s conftest.err
configure:22869: $? = 0
configure:22872: test -s conftest.o
configure:22875: $? = 0
configure:22893: result: yes
configure:22910:

Okay, now the important stuff -- templates


configure:22917: checking whether the compiler supports basic templates
configure:22948: c++ -c   conftest.cc >&5
configure:22954: $? = 0
configure:22958: test -z 
			 || test ! -s conftest.err
configure:22961: $? = 0
configure:22964: test -s conftest.o
configure:22967: $? = 0
configure:22985: result: yes
configure:22995: checking whether the compiler supports partial specialization
configure:23028: c++ -c   conftest.cc >&5
configure:23034: $? = 0
configure:23038: test -z 
			 || test ! -s conftest.err
configure:23041: $? = 0
configure:23044: test -s conftest.o
configure:23047: $? = 0
configure:23065: result: yes
configure:23075: checking whether the compiler supports partial ordering
configure:23110: c++ -c   conftest.cc >&5
configure:23116: $? = 0
configure:23120: test -z 
			 || test ! -s conftest.err
configure:23123: $? = 0
configure:23126: test -s conftest.o
configure:23129: $? = 0
configure:23147: result: yes
configure:23157: checking whether the compiler supports default template parameters
configure:23188: c++ -c   conftest.cc >&5
configure:23194: $? = 0
configure:23198: test -z 
			 || test ! -s conftest.err
configure:23201: $? = 0
configure:23204: test -s conftest.o
configure:23207: $? = 0
configure:23225: result: yes
configure:23235: checking whether the compiler supports member templates
configure:23268: c++ -c   conftest.cc >&5
configure:23274: $? = 0
configure:23278: test -z 
			 || test ! -s conftest.err
configure:23281: $? = 0
configure:23284: test -s conftest.o
configure:23287: $? = 0
configure:23305: result: yes
configure:23315: checking whether the compiler supports member templates outside the class declaration
configure:23351: c++ -c   conftest.cc >&5
configure:23357: $? = 0
configure:23361: test -z 
			 || test ! -s conftest.err
configure:23364: $? = 0
configure:23367: test -s conftest.o
configure:23370: $? = 0
configure:23388: result: yes
configure:23398: checking whether the compiler recognizes the full specialization syntax
configure:23430: c++ -c   conftest.cc >&5
configure:23436: $? = 0
configure:23440: test -z 
			 || test ! -s conftest.err
configure:23443: $? = 0
configure:23446: test -s conftest.o
configure:23449: $? = 0
configure:23467: result: yes
configure:23477: checking whether the compiler supports function templates with non-type parameters
configure:23509: c++ -c   conftest.cc >&5
configure:23515: $? = 0
configure:23519: test -z 
			 || test ! -s conftest.err
configure:23522: $? = 0
configure:23525: test -s conftest.o
configure:23528: $? = 0
configure:23546: result: yes
configure:23556: checking whether the compiler supports template-qualified base class specifiers
configure:23603: c++ -c   conftest.cc >&5
configure:23609: $? = 0
configure:23613: test -z 
			 || test ! -s conftest.err
configure:23616: $? = 0
configure:23619: test -s conftest.o
configure:23622: $? = 0
configure:23640: result: yes
configure:23650: checking whether the compiler supports template-qualified return types
configure:23690: c++ -c   conftest.cc >&5
configure:23696: $? = 0
configure:23700: test -z 
			 || test ! -s conftest.err
configure:23703: $? = 0
configure:23706: test -s conftest.o
configure:23709: $? = 0
configure:23727: result: yes
configure:23737: checking whether the compiler supports explicit template function qualification
configure:23769: c++ -c   conftest.cc >&5
configure:23775: $? = 0
configure:23779: test -z 
			 || test ! -s conftest.err
configure:23782: $? = 0
configure:23785: test -s conftest.o
configure:23788: $? = 0
configure:23806: result: yes
configure:23816: checking whether the compiler supports templates as template arguments
configure:23849: c++ -c   conftest.cc >&5
configure:23855: $? = 0
configure:23859: test -z 
			 || test ! -s conftest.err
configure:23862: $? = 0
configure:23865: test -s conftest.o
configure:23868: $? = 0
configure:23886: result: yes
configure:23896: checking whether the compiler supports use of the template keyword as a qualifier
configure:23937: c++ -c   conftest.cc >&5
configure:23943: $? = 0
configure:23947: test -z 
			 || test ! -s conftest.err
configure:23950: $? = 0
configure:23953: test -s conftest.o
configure:23956: $? = 0
configure:23974: result: yes
configure:23984: checking whether the compiler supports function matching with argument types which are template scope-qualified
configure:24021: c++ -c   conftest.cc >&5
configure:24027: $? = 0
configure:24031: test -z 
			 || test ! -s conftest.err
configure:24034: $? = 0
configure:24037: test -s conftest.o
configure:24040: $? = 0
configure:24058: result: yes
configure:24068: checking whether the compiler will support the vector type promotion mechanism
configure:24111: c++ -c   conftest.cc >&5
configure:24117: $? = 0
configure:24121: test -z 
			 || test ! -s conftest.err
configure:24124: $? = 0
configure:24127: test -s conftest.o
configure:24130: $? = 0
configure:24148: result: yes
configure:24158: checking whether the compiler supports numeric traits promotions
configure:24197: c++ -c   conftest.cc >&5
configure:24203: $? = 0
configure:24207: test -z 
			 || test ! -s conftest.err
configure:24210: $? = 0
configure:24213: test -s conftest.o
configure:24216: $? = 0
configure:24234: result: yes
configure:24244: checking whether the compiler handle computations inside an enum
configure:24284: c++ -c   conftest.cc >&5
conftest.cc: In instantiation of 'Z<A, B>':
conftest.cc:72:   instantiated from here
conftest.cc:63: warning: comparison between 'enum A::<anonymous>' and 'enum B::<anonymous>'
conftest.cc:63: warning: enumeral mismatch in conditional expression: 'A::<anonymous enum>' vs 'B::<anonymous enum>'
configure:24290: $? = 0
configure:24294: test -z 
			 || test ! -s conftest.err
configure:24297: $? = 0
configure:24300: test -s conftest.o
configure:24303: $? = 0
configure:24321: result: yes
configure:24331: checking whether the compiler handles (int) casts in enum computations
configure:24371: c++ -c   conftest.cc >&5
configure:24377: $? = 0
configure:24381: test -z 
			 || test ! -s conftest.err
configure:24384: $? = 0
configure:24387: test -s conftest.o
configure:24390: $? = 0
configure:24408: result: yes
configure:24425:

Which library features does your compiler provide?


configure:24432: checking whether the compiler has complex<T>
configure:24465: c++ -c   conftest.cc >&5
configure:24471: $? = 0
configure:24475: test -z 
			 || test ! -s conftest.err
configure:24478: $? = 0
configure:24481: test -s conftest.o
configure:24484: $? = 0
configure:24502: result: yes
configure:24512: checking whether the compiler has standard complex<T> functions
configure:24547: c++ -c   conftest.cc >&5
configure:24553: $? = 0
configure:24557: test -z 
			 || test ! -s conftest.err
configure:24560: $? = 0
configure:24563: test -s conftest.o
configure:24566: $? = 0
configure:24584: result: yes
configure:24594: checking whether the compiler has numeric_limits<T>
configure:24627: c++ -c   conftest.cc >&5
configure:24633: $? = 0
configure:24637: test -z 
			 || test ! -s conftest.err
configure:24640: $? = 0
configure:24643: test -s conftest.o
configure:24646: $? = 0
configure:24664: result: yes
configure:24674: checking whether the compiler has <climits> header
configure:24703: c++ -c   conftest.cc >&5
configure:24709: $? = 0
configure:24713: test -z 
			 || test ! -s conftest.err
configure:24716: $? = 0
configure:24719: test -s conftest.o
configure:24722: $? = 0
configure:24740: result: yes
configure:24750: checking whether the compiler has valarray<T>
configure:24783: c++ -c   conftest.cc >&5
configure:24789: $? = 0
configure:24793: test -z 
			 || test ! -s conftest.err
configure:24796: $? = 0
configure:24799: test -s conftest.o
configure:24802: $? = 0
configure:24820: result: yes
configure:24830: checking whether the compiler has complex math functions
configure:24868: c++ -o conftest    conftest.cc  -lm >&5
configure:24874: $? = 0
configure:24878: test -z 
			 || test ! -s conftest.err
configure:24881: $? = 0
configure:24884: test -s conftest
configure:24887: $? = 0
configure:24907: result: yes
configure:24917: checking whether the compiler has more complex math functions
configure:24954: c++ -o conftest    conftest.cc  -lm >&5
conftest.cc: In function 'int main()':
conftest.cc:75: error: no matching function for call to 'acos(std::complex<double>&)'
/usr/include/bits/mathcalls.h:55: note: candidates are: double acos(double)
/usr/include/c++/4.4/cmath:112: note:                 long double std::acos(long double)
/usr/include/c++/4.4/cmath:108: note:                 float std::acos(float)
conftest.cc:75: error: no matching function for call to 'asin(std::complex<double>&)'
/usr/include/bits/mathcalls.h:57: note: candidates are: double asin(double)
/usr/include/c++/4.4/cmath:128: note:                 long double std::asin(long double)
/usr/include/c++/4.4/cmath:124: note:                 float std::asin(float)
conftest.cc:75: error: no matching function for call to 'atan(std::complex<double>&)'
/usr/include/bits/mathcalls.h:59: note: candidates are: double atan(double)
/usr/include/c++/4.4/cmath:144: note:                 long double std::atan(long double)
/usr/include/c++/4.4/cmath:140: note:                 float std::atan(float)
conftest.cc:75: error: no matching function for call to 'atan2(std::complex<double>&, std::complex<double>&)'
/usr/include/bits/mathcalls.h:61: note: candidates are: double atan2(double, double)
/usr/include/c++/4.4/cmath:160: note:                 long double std::atan2(long double, long double)
/usr/include/c++/4.4/cmath:156: note:                 float std::atan2(float, float)
conftest.cc:75: error: no matching function for call to 'atan2(std::complex<double>&, double)'
/usr/include/bits/mathcalls.h:61: note: candidates are: double atan2(double, double)
/usr/include/c++/4.4/cmath:160: note:                 long double std::atan2(long double, long double)
/usr/include/c++/4.4/cmath:156: note:                 float std::atan2(float, float)
conftest.cc:76: error: no matching function for call to 'atan2(double, std::complex<double>&)'
/usr/include/bits/mathcalls.h:61: note: candidates are: double atan2(double, double)
/usr/include/c++/4.4/cmath:160: note:                 long double std::atan2(long double, long double)
/usr/include/c++/4.4/cmath:156: note:                 float std::atan2(float, float)
configure:24960: $? = 1
configure: failed program was:
| /* confdefs.h.  */
| 
| #define PACKAGE_NAME "blitz"
| #define PACKAGE_TARNAME "blitz"
| #define PACKAGE_VERSION "0.9"
| #define PACKAGE_STRING "blitz 0.9"
| #define PACKAGE_BUGREPORT "blitz-bugs@oonumerics.org"
| #define PACKAGE "blitz"
| #define VERSION "0.9"
| #ifdef __cplusplus
| extern "C" void exit (int) throw ();
| #endif
| #define STDC_HEADERS 1
| #define HAVE_SYS_TYPES_H 1
| #define HAVE_SYS_STAT_H 1
| #define HAVE_STDLIB_H 1
| #define HAVE_STRING_H 1
| #define HAVE_MEMORY_H 1
| #define HAVE_STRINGS_H 1
| #define HAVE_INTTYPES_H 1
| #define HAVE_STDINT_H 1
| #define HAVE_UNISTD_H 1
| #define HAVE_DLFCN_H 1
| #define _compiler_name "c++"
| #define _compiler_options ""
| #define _os_name "Linux octave 2.6.31-20-generic #58-Ubuntu SMP Fri Mar 12 05:23:09 UTC 2010 i686 GNU/Linux"
| #define _config_date "Fri Mar 26 21:19:58 EDT 2010"
| #define _platform "i686-pc-linux-gnu"
| #define HAVE_NAMESPACES
| #define HAVE_EXCEPTIONS
| #define HAVE_RTTI
| #define HAVE_MEMBER_CONSTANTS
| #define HAVE_EXPLICIT
| #define HAVE_MUTABLE
| #define HAVE_TYPENAME
| #define HAVE_NCEG_RESTRICT_EGCS
| #define HAVE_BOOL
| #define HAVE_CONST_CAST
| #define HAVE_STATIC_CAST
| #define HAVE_REINTERPRET_CAST
| #define HAVE_DYNAMIC_CAST
| #define HAVE_TEMPLATES
| #define HAVE_PARTIAL_SPECIALIZATION
| #define HAVE_PARTIAL_ORDERING
| #define HAVE_DEFAULT_TEMPLATE_PARAMETERS
| #define HAVE_MEMBER_TEMPLATES
| #define HAVE_MEMBER_TEMPLATES_OUTSIDE_CLASS
| #define HAVE_FULL_SPECIALIZATION_SYNTAX
| #define HAVE_FUNCTION_NONTYPE_PARAMETERS
| #define HAVE_TEMPLATE_QUALIFIED_BASE_CLASS
| #define HAVE_TEMPLATE_QUALIFIED_RETURN_TYPE
| #define HAVE_EXPLICIT_TEMPLATE_FUNCTION_QUALIFICATION
| #define HAVE_TEMPLATES_AS_TEMPLATE_ARGUMENTS
| #define HAVE_TEMPLATE_KEYWORD_QUALIFIER
| #define HAVE_TEMPLATE_SCOPED_ARGUMENT_MATCHING
| #define HAVE_TYPE_PROMOTION
| #define HAVE_USE_NUMTRAIT
| #define HAVE_ENUM_COMPUTATIONS
| #define HAVE_ENUM_COMPUTATIONS_WITH_CAST
| #define HAVE_COMPLEX
| #define HAVE_COMPLEX_FCNS
| #define HAVE_NUMERIC_LIMITS
| #define HAVE_CLIMITS
| #define HAVE_VALARRAY
| #define HAVE_COMPLEX_MATH1
| /* end confdefs.h.  */
| #include <complex>
| #ifdef HAVE_NAMESPACES
| using namespace std;
| #endif
| int
| main ()
| {
| complex<double> x(1.0, 1.0), y(1.0, 1.0);
| acos(x); asin(x); atan(x); atan2(x,y); atan2(x, double(3.0));
| atan2(double(3.0), x); log10(x); return 0;
|   ;
|   return 0;
| }
configure:24993: result: no
configure:25003: checking whether the compiler supports IEEE math library
configure:25056: c++ -o conftest    conftest.cc  -lm >&5
configure:25062: $? = 0
configure:25066: test -z 
			 || test ! -s conftest.err
configure:25069: $? = 0
configure:25072: test -s conftest
configure:25075: $? = 0
configure:25095: result: yes
configure:25105: checking whether the compiler supports System V math library
configure:25149: c++ -o conftest    conftest.cc  -lm >&5
conftest.cc: In function 'int main()':
conftest.cc:83: error: '_class' was not declared in this scope
conftest.cc:83: error: 'itrunc' was not declared in this scope
conftest.cc:83: error: 'nearest' was not declared in this scope
conftest.cc:83: error: 'rsqrt' was not declared in this scope
conftest.cc:83: error: 'uitrunc' was not declared in this scope
conftest.cc:84: error: 'unordered' was not declared in this scope
configure:25155: $? = 1
configure: failed program was:
| /* confdefs.h.  */
| 
| #define PACKAGE_NAME "blitz"
| #define PACKAGE_TARNAME "blitz"
| #define PACKAGE_VERSION "0.9"
| #define PACKAGE_STRING "blitz 0.9"
| #define PACKAGE_BUGREPORT "blitz-bugs@oonumerics.org"
| #define PACKAGE "blitz"
| #define VERSION "0.9"
| #ifdef __cplusplus
| extern "C" void exit (int) throw ();
| #endif
| #define STDC_HEADERS 1
| #define HAVE_SYS_TYPES_H 1
| #define HAVE_SYS_STAT_H 1
| #define HAVE_STDLIB_H 1
| #define HAVE_STRING_H 1
| #define HAVE_MEMORY_H 1
| #define HAVE_STRINGS_H 1
| #define HAVE_INTTYPES_H 1
| #define HAVE_STDINT_H 1
| #define HAVE_UNISTD_H 1
| #define HAVE_DLFCN_H 1
| #define _compiler_name "c++"
| #define _compiler_options ""
| #define _os_name "Linux octave 2.6.31-20-generic #58-Ubuntu SMP Fri Mar 12 05:23:09 UTC 2010 i686 GNU/Linux"
| #define _config_date "Fri Mar 26 21:19:58 EDT 2010"
| #define _platform "i686-pc-linux-gnu"
| #define HAVE_NAMESPACES
| #define HAVE_EXCEPTIONS
| #define HAVE_RTTI
| #define HAVE_MEMBER_CONSTANTS
| #define HAVE_EXPLICIT
| #define HAVE_MUTABLE
| #define HAVE_TYPENAME
| #define HAVE_NCEG_RESTRICT_EGCS
| #define HAVE_BOOL
| #define HAVE_CONST_CAST
| #define HAVE_STATIC_CAST
| #define HAVE_REINTERPRET_CAST
| #define HAVE_DYNAMIC_CAST
| #define HAVE_TEMPLATES
| #define HAVE_PARTIAL_SPECIALIZATION
| #define HAVE_PARTIAL_ORDERING
| #define HAVE_DEFAULT_TEMPLATE_PARAMETERS
| #define HAVE_MEMBER_TEMPLATES
| #define HAVE_MEMBER_TEMPLATES_OUTSIDE_CLASS
| #define HAVE_FULL_SPECIALIZATION_SYNTAX
| #define HAVE_FUNCTION_NONTYPE_PARAMETERS
| #define HAVE_TEMPLATE_QUALIFIED_BASE_CLASS
| #define HAVE_TEMPLATE_QUALIFIED_RETURN_TYPE
| #define HAVE_EXPLICIT_TEMPLATE_FUNCTION_QUALIFICATION
| #define HAVE_TEMPLATES_AS_TEMPLATE_ARGUMENTS
| #define HAVE_TEMPLATE_KEYWORD_QUALIFIER
| #define HAVE_TEMPLATE_SCOPED_ARGUMENT_MATCHING
| #define HAVE_TYPE_PROMOTION
| #define HAVE_USE_NUMTRAIT
| #define HAVE_ENUM_COMPUTATIONS
| #define HAVE_ENUM_COMPUTATIONS_WITH_CAST
| #define HAVE_COMPLEX
| #define HAVE_COMPLEX_FCNS
| #define HAVE_NUMERIC_LIMITS
| #define HAVE_CLIMITS
| #define HAVE_VALARRAY
| #define HAVE_COMPLEX_MATH1
| #define HAVE_IEEE_MATH
| /* end confdefs.h.  */
| 
| #ifndef _ALL_SOURCE
|  #define _ALL_SOURCE
| #endif
| #ifndef _XOPEN_SOURCE
|  #define _XOPEN_SOURCE
| #endif
| #ifndef _XOPEN_SOURCE_EXTENDED
|  #define _XOPEN_SOURCE_EXTENDED 1
| #endif
| #include <math.h>
| int
| main ()
| {
| double x = 1.0; double y = 1.0;
| _class(x); trunc(x); finite(x); itrunc(x); nearest(x); rsqrt(x); uitrunc(x);
| copysign(x,y); drem(x,y); unordered(x,y);
| return 0;
|   ;
|   return 0;
| }
configure:25188: result: no
configure:25198: checking whether the compiler has C math functions in namespace std
configure:25230: c++ -c   conftest.cc >&5
configure:25236: $? = 0
configure:25240: test -z 
			 || test ! -s conftest.err
configure:25243: $? = 0
configure:25246: test -s conftest.o
configure:25249: $? = 0
configure:25267: result: yes
configure:25277: checking whether complex math functions are in namespace std
configure:25312: c++ -c   conftest.cc >&5
configure:25318: $? = 0
configure:25322: test -z 
			 || test ! -s conftest.err
configure:25325: $? = 0
configure:25328: test -s conftest.o
configure:25331: $? = 0
configure:25349: result: yes
configure:25359: checking whether the compiler has isnan function in namespace std
configure:25391: c++ -c   conftest.cc >&5
configure:25397: $? = 0
configure:25401: test -z 
			 || test ! -s conftest.err
configure:25404: $? = 0
configure:25407: test -s conftest.o
configure:25410: $? = 0
configure:25428: result: yes
configure:25438: checking whether the compiler supports ISO C++ standard library
configure:25474: c++ -c   conftest.cc >&5
configure:25480: $? = 0
configure:25484: test -z 
			 || test ! -s conftest.err
configure:25487: $? = 0
configure:25490: test -s conftest.o
configure:25493: $? = 0
configure:25511: result: yes
configure:25521: checking whether the compiler supports Standard Template Library
configure:25556: c++ -c   conftest.cc >&5
configure:25562: $? = 0
configure:25566: test -z 
			 || test ! -s conftest.err
configure:25569: $? = 0
configure:25572: test -s conftest.o
configure:25575: $? = 0
configure:25593: result: yes
configure:25603: checking whether the compiler has getrusage() function
configure:25633: c++ -c   conftest.cc >&5
configure:25639: $? = 0
configure:25643: test -z 
			 || test ! -s conftest.err
configure:25646: $? = 0
configure:25649: test -s conftest.o
configure:25652: $? = 0
configure:25670: result: yes
configure:25706:

CXX                = c++
CXXFLAGS           = 
CXX_OPTIMIZE_FLAGS = -O3 -funroll-loops -fstrict-aliasing -fomit-frame-pointer -ffast-math
CXX_DEBUG_FLAGS    = -g -DBZ_DEBUG
CXXFFLAGS          = 

F77                = 
FFLAGS             = 
F77_OPTIMIZE_FLAGS = 
FLIBS              = 

FC                 = 
FCFLAGS            = 
FC_OPTIMIZE_FLAGS  = 
FCLIBS             = 

BLASLIB            = 


configure:25753: checking our pkgconfig libname
configure:25761: result: blitz
configure:25764: checking our pkgconfig version
configure:25772: result: 0.9
configure:25775: checking our pkgconfig_libdir
configure:25782: result: ${libdir}/pkgconfig
configure:25785: result: expanded our pkgconfig_libdir... /home/yuantang/tool_dest//lib/pkgconfig
configure:25789: checking our pkgconfig_libfile
configure:25795: result: blitz.pc
configure:25802: checking our pkgconfig description
configure:25809: result: blitz Library
configure:25812: checking our pkgconfig requires
configure:25817: result: 
configure:25820: checking our pkgconfig ext libs
configure:25827: result: -lblitz
configure:25830: checking our pkgconfig cppflags
configure:25835: result: 
configure:25862: result: noninstalled pkgconfig -L /home/yuantang/Metaprogramming/blitz-0.9/src/.libs
configure:25884: result: noninstalled pkgconfig -I /home/yuantang/Metaprogramming/blitz-0.9/.
configure:26035: creating ./config.status

## ---------------------- ##
## Running config.status. ##
## ---------------------- ##

This file was extended by blitz config.status 0.9, which was
generated by GNU Autoconf 2.59.  Invocation command line was

  CONFIG_FILES    = 
  CONFIG_HEADERS  = 
  CONFIG_LINKS    = 
  CONFIG_COMMANDS = 
  $ ./config.status 

on octave

config.status:811: creating Makefile
config.status:811: creating bin/Makefile
config.status:811: creating blitz/Makefile
config.status:811: creating blitz/array/Makefile
config.status:811: creating blitz/generate/Makefile
config.status:811: creating blitz/meta/Makefile
config.status:811: creating random/Makefile
config.status:811: creating lib/Makefile
config.status:811: creating testsuite/Makefile
config.status:811: creating examples/Makefile
config.status:811: creating doc/Makefile
config.status:811: creating doc/examples/Makefile
config.status:811: creating doc/stencils/Makefile
config.status:811: creating doc/doxygen/Makefile
config.status:811: creating doc/doxygen/Doxyfile
config.status:811: creating benchmarks/Makefile
config.status:811: creating benchmarks/plot_benchmarks.m
config.status:915: creating blitz/config.h
config.status:1319: executing depfiles commands
config.status:1319: executing blitz/gnu/bzconfig.h commands
config.status:1970: creating blitz/gnu/bzconfig.h - prefix BZ for blitz/config.h defines
config.status:1319: executing blitz.pc commands
config.status:2794: creating blitz.pc.in
config.status:2811: creating blitz.pc
config.status:2830: creating blitz-uninstalled.pc
configure:28907:

The configure script has generated makefiles for your platform.
You have several options now:

  make lib              Check the compiler and create libblitz.a
  make check-testsuite  Build and check the testsuite
  make check-examples   Build and check the examples
  make check-benchmarks Build and check the benchmarks (takes a long time)
  make install          Install Blitz++



## ---------------- ##
## Cache variables. ##
## ---------------- ##

ac_cv_build=i686-pc-linux-gnu
ac_cv_build_alias=i686-pc-linux-gnu
ac_cv_c_compiler_gnu=yes
ac_cv_cxx_bool=yes
ac_cv_cxx_compiler_gnu=yes
ac_cv_cxx_complex_math_in_namespace_std=yes
ac_cv_cxx_const_cast=yes
ac_cv_cxx_default_template_parameters=yes
ac_cv_cxx_dynamic_cast=yes
ac_cv_cxx_enum_computations=yes
ac_cv_cxx_enum_computations_with_cast=yes
ac_cv_cxx_exceptions=yes
ac_cv_cxx_explicit=yes
ac_cv_cxx_explicit_template_function_qualification=yes
ac_cv_cxx_full_specialization_syntax=yes
ac_cv_cxx_function_nontype_parameters=yes
ac_cv_cxx_have_climits=yes
ac_cv_cxx_have_complex=yes
ac_cv_cxx_have_complex_fcns=yes
ac_cv_cxx_have_complex_math1=yes
ac_cv_cxx_have_complex_math2=no
ac_cv_cxx_have_ieee_math=yes
ac_cv_cxx_have_numeric_limits=yes
ac_cv_cxx_have_rusage=yes
ac_cv_cxx_have_std=yes
ac_cv_cxx_have_stl=yes
ac_cv_cxx_have_system_v_math=no
ac_cv_cxx_have_valarray=yes
ac_cv_cxx_isnan_std=yes
ac_cv_cxx_mathfn_std=yes
ac_cv_cxx_member_constants=yes
ac_cv_cxx_member_templates=yes
ac_cv_cxx_member_templates_outside_class=yes
ac_cv_cxx_mutable=yes
ac_cv_cxx_namespaces=yes
ac_cv_cxx_nceg_restrict=no
ac_cv_cxx_nceg_restrict_egcs=yes
ac_cv_cxx_old_for_scoping=no
ac_cv_cxx_partial_ordering=yes
ac_cv_cxx_partial_specialization=yes
ac_cv_cxx_reinterpret_cast=yes
ac_cv_cxx_rtti=yes
ac_cv_cxx_static_cast=yes
ac_cv_cxx_template_keyword_qualifier=yes
ac_cv_cxx_template_qualified_base_class=yes
ac_cv_cxx_template_qualified_return_type=yes
ac_cv_cxx_template_scoped_argument_matching=yes
ac_cv_cxx_templates=yes
ac_cv_cxx_templates_as_template_arguments=yes
ac_cv_cxx_type_promotion=yes
ac_cv_cxx_typename=yes
ac_cv_cxx_use_numtrait=yes
ac_cv_env_CC_set=
ac_cv_env_CC_value=
ac_cv_env_CFLAGS_set=
ac_cv_env_CFLAGS_value=
ac_cv_env_COMPILER_SPECIFIC_HEADER_set=
ac_cv_env_COMPILER_SPECIFIC_HEADER_value=
ac_cv_env_CPPFLAGS_set=
ac_cv_env_CPPFLAGS_value=
ac_cv_env_CPP_set=
ac_cv_env_CPP_value=
ac_cv_env_CXXCPP_set=
ac_cv_env_CXXCPP_value=
ac_cv_env_CXXFCFLAG_set=
ac_cv_env_CXXFCFLAG_value=
ac_cv_env_CXXFFLAGS_set=
ac_cv_env_CXXFFLAGS_value=
ac_cv_env_CXXFLAGS_set=
ac_cv_env_CXXFLAGS_value=
ac_cv_env_CXX_DEBUG_FLAGS_set=
ac_cv_env_CXX_DEBUG_FLAGS_value=
ac_cv_env_CXX_OPTIMIZE_FLAGS_set=
ac_cv_env_CXX_OPTIMIZE_FLAGS_value=
ac_cv_env_CXX_set=
ac_cv_env_CXX_value=
ac_cv_env_F77_OPTIMIZE_FLAGS_set=
ac_cv_env_F77_OPTIMIZE_FLAGS_value=
ac_cv_env_F77_set=
ac_cv_env_F77_value=
ac_cv_env_FCFLAGS_set=
ac_cv_env_FCFLAGS_value=
ac_cv_env_FC_OPTIMIZE_FLAGS_set=
ac_cv_env_FC_OPTIMIZE_FLAGS_value=
ac_cv_env_FC_set=
ac_cv_env_FC_value=
ac_cv_env_FFLAGS_set=
ac_cv_env_FFLAGS_value=
ac_cv_env_LDFLAGS_set=
ac_cv_env_LDFLAGS_value=
ac_cv_env_build_alias_set=
ac_cv_env_build_alias_value=
ac_cv_env_host_alias_set=
ac_cv_env_host_alias_value=
ac_cv_env_target_alias_set=
ac_cv_env_target_alias_value=
ac_cv_exeext=
ac_cv_f77_compiler_gnu=no
ac_cv_f77_libs=
ac_cv_fc_compiler_gnu=no
ac_cv_fc_libs=
ac_cv_func_sin=yes
ac_cv_header_dlfcn_h=yes
ac_cv_header_inttypes_h=yes
ac_cv_header_memory_h=yes
ac_cv_header_stdc=yes
ac_cv_header_stdint_h=yes
ac_cv_header_stdlib_h=yes
ac_cv_header_string_h=yes
ac_cv_header_strings_h=yes
ac_cv_header_sys_stat_h=yes
ac_cv_header_sys_types_h=yes
ac_cv_header_unistd_h=yes
ac_cv_host=i686-pc-linux-gnu
ac_cv_host_alias=i686-pc-linux-gnu
ac_cv_lib_blas_DAXPY=no
ac_cv_lib_blas_daxpy=no
ac_cv_lib_blas_daxpy_=no
ac_cv_lib_blas_daxpy__=no
ac_cv_objext=o
ac_cv_path_install='/usr/bin/install -c'
ac_cv_prog_AWK=gawk
ac_cv_prog_CPP='gcc -E'
ac_cv_prog_CXXCPP='c++ -E'
ac_cv_prog_ac_ct_AR=ar
ac_cv_prog_ac_ct_CC=gcc
ac_cv_prog_ac_ct_CXX=c++
ac_cv_prog_ac_ct_RANLIB=ranlib
ac_cv_prog_ac_ct_STRIP=strip
ac_cv_prog_cc_g=yes
ac_cv_prog_cc_stdc=
ac_cv_prog_cxx_g=yes
ac_cv_prog_egrep='grep -E'
ac_cv_prog_f77_g=no
ac_cv_prog_fc_g=no
ac_cv_prog_make_make_set=yes
ac_cv_target=i686-pc-linux-gnu
ac_cv_target_alias=i686-pc-linux-gnu
am_cv_CC_dependencies_compiler_type=gcc3
am_cv_CXX_dependencies_compiler_type=gcc3
lt_cv_deplibs_check_method=pass_all
lt_cv_file_magic_cmd='$MAGIC_CMD'
lt_cv_file_magic_test_file='/lib/libc.so.6 /lib/libc-2.10.1.so'
lt_cv_ld_reload_flag=-r
lt_cv_objdir=.libs
lt_cv_path_LD=/usr/bin/ld
lt_cv_path_LDCXX=/usr/bin/ld
lt_cv_path_NM='/usr/bin/nm -B'
lt_cv_path_SED=/bin/sed
lt_cv_prog_compiler_c_o=yes
lt_cv_prog_compiler_c_o_CXX=yes
lt_cv_prog_compiler_rtti_exceptions=no
lt_cv_prog_gnu_ld=yes
lt_cv_prog_gnu_ldcxx=yes
lt_cv_sys_global_symbol_pipe='sed -n -e '\''s/^.*[ 	]\([ABCDGIRSTW][ABCDGIRSTW]*\)[ 	][ 	]*\(\)\([_A-Za-z][_A-Za-z0-9]*\)$/\1 \2\3 \3/p'\'''
lt_cv_sys_global_symbol_to_c_name_address='sed -n -e '\''s/^: \([^ ]*\) $/  {\"\1\", (lt_ptr) 0},/p'\'' -e '\''s/^[BCDEGRST] \([^ ]*\) \([^ ]*\)$/  {"\2", (lt_ptr) \&\2},/p'\'''
lt_cv_sys_global_symbol_to_cdecl='sed -n -e '\''s/^. .* \(.*\)$/extern int \1;/p'\'''
lt_cv_sys_max_cmd_len=32768
lt_lt_cv_prog_compiler_c_o='"yes"'
lt_lt_cv_prog_compiler_c_o_CXX='"yes"'
lt_lt_cv_sys_global_symbol_pipe='"sed -n -e '\''s/^.*[ 	]\\([ABCDGIRSTW][ABCDGIRSTW]*\\)[ 	][ 	]*\\(\\)\\([_A-Za-z][_A-Za-z0-9]*\\)\$/\\1 \\2\\3 \\3/p'\''"'
lt_lt_cv_sys_global_symbol_to_c_name_address='"sed -n -e '\''s/^: \\([^ ]*\\) \$/  {\\\"\\1\\\", (lt_ptr) 0},/p'\'' -e '\''s/^[BCDEGRST] \\([^ ]*\\) \\([^ ]*\\)\$/  {\"\\2\", (lt_ptr) \\&\\2},/p'\''"'
lt_lt_cv_sys_global_symbol_to_cdecl='"sed -n -e '\''s/^. .* \\(.*\\)\$/extern int \\1;/p'\''"'

## ----------------- ##
## Output variables. ##
## ----------------- ##

ACLOCAL='${SHELL} /home/yuantang/Metaprogramming/blitz-0.9/config/missing --run aclocal-1.9'
AMDEPBACKSLASH='\'
AMDEP_FALSE='#'
AMDEP_TRUE=''
AMTAR='${SHELL} /home/yuantang/Metaprogramming/blitz-0.9/config/missing --run tar'
AR='ar'
AR_FLAGS='-cru'
AUTOCONF='${SHELL} /home/yuantang/Metaprogramming/blitz-0.9/config/missing --run autoconf'
AUTOHEADER='${SHELL} /home/yuantang/Metaprogramming/blitz-0.9/config/missing --run autoheader'
AUTOMAKE='${SHELL} /home/yuantang/Metaprogramming/blitz-0.9/config/missing --run automake-1.9'
AWK='gawk'
BLASLIB=''
CC='gcc'
CCDEPMODE='depmode=gcc3'
CFLAGS='-g -O2'
COMPILER_SPECIFIC_HEADER='gnu/bzconfig.h'
CPP='gcc -E'
CPPFLAGS=''
CXX='c++'
CXXCPP='c++ -E'
CXXDEPMODE='depmode=gcc3'
CXXFCFLAG=''
CXXFFLAGS=''
CXXFLAGS=''
CXX_DEBUG_FLAGS='-g -DBZ_DEBUG'
CXX_LIBS=''
CXX_OPTIMIZE_FLAGS='-O3 -funroll-loops -fstrict-aliasing -fomit-frame-pointer -ffast-math'
CXX_PROFIL_FLAGS='-pg'
CYGPATH_W='echo'
DATE='Fri Mar 26 21:19:58 EDT 2010'
DEFS='-DHAVE_CONFIG_H'
DEPDIR='.deps'
DOT=''
DOXYGEN=''
DOXYGEN_DOC_FALSE=''
DOXYGEN_DOC_TRUE='#'
ECHO='echo'
ECHO_C=''
ECHO_N='-n'
ECHO_T=''
EGREP='grep -E'
EXEEXT=''
F77=''
F77_OPTIMIZE_FLAGS=''
F90_COMPILER_FALSE=''
F90_COMPILER_TRUE='#'
FC=''
FCFLAGS=''
FCFLAGS_f90=''
FCLIBS=''
FC_OPTIMIZE_FLAGS=''
FFLAGS=''
FLIBS=''
FORTRAN_ENABLED_FALSE='#'
FORTRAN_ENABLED_TRUE=''
INSTALL_DATA='${INSTALL} -m 644'
INSTALL_PROGRAM='${INSTALL}'
INSTALL_SCRIPT='${INSTALL}'
INSTALL_STRIP_PROGRAM='${SHELL} $(install_sh) -c -s'
LDFLAGS=''
LIBOBJS=''
LIBS=''
LIBTOOL='$(SHELL) $(top_builddir)/libtool'
LN_S='ln -s'
LTLIBOBJS=''
MAINT='#'
MAINTAINER_MODE_FALSE=''
MAINTAINER_MODE_TRUE='#'
MAKEINFO='${SHELL} /home/yuantang/Metaprogramming/blitz-0.9/config/missing --run makeinfo'
OBJEXT='o'
OS='Linux octave 2.6.31-20-generic #58-Ubuntu SMP Fri Mar 12 05:23:09 UTC 2010 i686 GNU/Linux'
PACKAGE='blitz'
PACKAGE_BUGREPORT='blitz-bugs@oonumerics.org'
PACKAGE_NAME='blitz'
PACKAGE_STRING='blitz 0.9'
PACKAGE_TARNAME='blitz'
PACKAGE_VERSION='0.9'
PATH_SEPARATOR=':'
RANLIB='ranlib'
SET_MAKE=''
SHELL='/bin/bash'
STRIP='strip'
VERSION='0.9'
ac_ct_AR='ar'
ac_ct_CC='gcc'
ac_ct_CXX='c++'
ac_ct_F77=''
ac_ct_FC=''
ac_ct_RANLIB='ranlib'
ac_ct_STRIP='strip'
am__fastdepCC_FALSE='#'
am__fastdepCC_TRUE=''
am__fastdepCXX_FALSE='#'
am__fastdepCXX_TRUE=''
am__include='include'
am__leading_dot='.'
am__quote=''
am__tar='${AMTAR} chof - "$$tardir"'
am__untar='${AMTAR} xf -'
bindir='${exec_prefix}/bin'
build='i686-pc-linux-gnu'
build_alias=''
build_cpu='i686'
build_os='linux-gnu'
build_vendor='pc'
datadir='${prefix}/share'
enable_dot='no'
enable_html_docs='yes'
enable_latex_docs='no'
exec_prefix='${prefix}'
host='i686-pc-linux-gnu'
host_alias=''
host_cpu='i686'
host_os='linux-gnu'
host_vendor='pc'
includedir='${prefix}/include'
infodir='${prefix}/info'
install_sh='/home/yuantang/Metaprogramming/blitz-0.9/config/install-sh'
libdir='${exec_prefix}/lib'
libexecdir='${exec_prefix}/libexec'
localstatedir='${prefix}/var'
mandir='${prefix}/man'
mkdir_p='mkdir -p --'
oldincludedir='/usr/include'
pkgconfig_libdir='${libdir}/pkgconfig'
pkgconfig_libfile='blitz.pc'
prefix='/home/yuantang/tool_dest/'
program_transform_name='s,x,x,'
sbindir='${exec_prefix}/sbin'
sharedstatedir='${prefix}/com'
sysconfdir='${prefix}/etc'
target='i686-pc-linux-gnu'
target_alias=''
target_cpu='i686'
target_os='linux-gnu'
target_vendor='pc'

## ----------- ##
## confdefs.h. ##
## ----------- ##

#define HAVE_BOOL
#define HAVE_CLIMITS
#define HAVE_COMPLEX
#define HAVE_COMPLEX_FCNS
#define HAVE_COMPLEX_MATH1
#define HAVE_COMPLEX_MATH_IN_NAMESPACE_STD
#define HAVE_CONST_CAST
#define HAVE_DEFAULT_TEMPLATE_PARAMETERS
#define HAVE_DLFCN_H 1
#define HAVE_DYNAMIC_CAST
#define HAVE_ENUM_COMPUTATIONS
#define HAVE_ENUM_COMPUTATIONS_WITH_CAST
#define HAVE_EXCEPTIONS
#define HAVE_EXPLICIT
#define HAVE_EXPLICIT_TEMPLATE_FUNCTION_QUALIFICATION
#define HAVE_FULL_SPECIALIZATION_SYNTAX
#define HAVE_FUNCTION_NONTYPE_PARAMETERS
#define HAVE_IEEE_MATH
#define HAVE_INTTYPES_H 1
#define HAVE_MEMBER_CONSTANTS
#define HAVE_MEMBER_TEMPLATES
#define HAVE_MEMBER_TEMPLATES_OUTSIDE_CLASS
#define HAVE_MEMORY_H 1
#define HAVE_MUTABLE
#define HAVE_NAMESPACES
#define HAVE_NCEG_RESTRICT_EGCS
#define HAVE_NUMERIC_LIMITS
#define HAVE_PARTIAL_ORDERING
#define HAVE_PARTIAL_SPECIALIZATION
#define HAVE_REINTERPRET_CAST
#define HAVE_RTTI
#define HAVE_RUSAGE
#define HAVE_STATIC_CAST
#define HAVE_STD
#define HAVE_STDINT_H 1
#define HAVE_STDLIB_H 1
#define HAVE_STL
#define HAVE_STRINGS_H 1
#define HAVE_STRING_H 1
#define HAVE_SYS_STAT_H 1
#define HAVE_SYS_TYPES_H 1
#define HAVE_TEMPLATES
#define HAVE_TEMPLATES_AS_TEMPLATE_ARGUMENTS
#define HAVE_TEMPLATE_KEYWORD_QUALIFIER
#define HAVE_TEMPLATE_QUALIFIED_BASE_CLASS
#define HAVE_TEMPLATE_QUALIFIED_RETURN_TYPE
#define HAVE_TEMPLATE_SCOPED_ARGUMENT_MATCHING
#define HAVE_TYPENAME
#define HAVE_TYPE_PROMOTION
#define HAVE_UNISTD_H 1
#define HAVE_USE_NUMTRAIT
#define HAVE_VALARRAY
#define ISNAN_IN_NAMESPACE_STD
#define MATH_FN_IN_NAMESPACE_STD
#define PACKAGE "blitz"
#define PACKAGE_BUGREPORT "blitz-bugs@oonumerics.org"
#define PACKAGE_NAME "blitz"
#define PACKAGE_STRING "blitz 0.9"
#define PACKAGE_TARNAME "blitz"
#define PACKAGE_VERSION "0.9"
#define STDC_HEADERS 1
#define VERSION "0.9"
#define _compiler_name "c++"
#define _compiler_options ""
#define _config_date "Fri Mar 26 21:19:58 EDT 2010"
#define _os_name "Linux octave 2.6.31-20-generic #58-Ubuntu SMP Fri Mar 12 05:23:09 UTC 2010 i686 GNU/Linux"
#define _platform "i686-pc-linux-gnu"
#endif
#ifdef __cplusplus
extern "C" void exit (int) throw ();

configure: exit 0
