+ echo '<<<<<<<<<<<<<<<<<<<<<<<<<<<<<<<<<<<<<<<<<<<<<<<<<<<<<<<<<<<<<<<<<<<<<<<<<<<<<<<<'
<<<<<<<<<<<<<<<<<<<<<<<<<<<<<<<<<<<<<<<<<<<<<<<<<<<<<<<<<<<<<<<<<<<<<<<<<<<<<<<<
+ (( step = 200 ))
+ (( step <= 3200 ))
+ (( size = 200 ))
+ (( size <= 3200 ))
+ echo 'heat_2D_NP_parallel_loop 200 200'
heat_2D_NP_parallel_loop 200 200
+ ./heat_2D_NP_pl 200 200
N_SIZE = 200, T_SIZE = 200
Serial Loops: a(T+1, J, I) = 0.125 * (a(T, J+1, I) - 2.0 * a(T, J, I) + a(T, J-1, I)) + 0.125 * (a(T, J, I+1) - 2.0 * a(T, J, I) + a(T, J, I-1)) + a(T, J, I)
Naive Loop: consumed time :21.038ms
+ (( size += 200 ))
+ (( size <= 3200 ))
+ echo 'heat_2D_NP_parallel_loop 400 200'
heat_2D_NP_parallel_loop 400 200
+ ./heat_2D_NP_pl 400 200
N_SIZE = 400, T_SIZE = 200
Serial Loops: a(T+1, J, I) = 0.125 * (a(T, J+1, I) - 2.0 * a(T, J, I) + a(T, J-1, I)) + 0.125 * (a(T, J, I+1) - 2.0 * a(T, J, I) + a(T, J, I-1)) + a(T, J, I)
Naive Loop: consumed time :48.935ms
+ (( size += 200 ))
+ (( size <= 3200 ))
+ echo 'heat_2D_NP_parallel_loop 600 200'
heat_2D_NP_parallel_loop 600 200
+ ./heat_2D_NP_pl 600 200
N_SIZE = 600, T_SIZE = 200
Serial Loops: a(T+1, J, I) = 0.125 * (a(T, J+1, I) - 2.0 * a(T, J, I) + a(T, J-1, I)) + 0.125 * (a(T, J, I+1) - 2.0 * a(T, J, I) + a(T, J, I-1)) + a(T, J, I)
Naive Loop: consumed time :139.014ms
+ (( size += 200 ))
+ (( size <= 3200 ))
+ echo 'heat_2D_NP_parallel_loop 800 200'
heat_2D_NP_parallel_loop 800 200
+ ./heat_2D_NP_pl 800 200
N_SIZE = 800, T_SIZE = 200
Serial Loops: a(T+1, J, I) = 0.125 * (a(T, J+1, I) - 2.0 * a(T, J, I) + a(T, J-1, I)) + 0.125 * (a(T, J, I+1) - 2.0 * a(T, J, I) + a(T, J, I-1)) + a(T, J, I)
Naive Loop: consumed time :190.1ms
+ (( size += 200 ))
+ (( size <= 3200 ))
+ echo 'heat_2D_NP_parallel_loop 1000 200'
heat_2D_NP_parallel_loop 1000 200
+ ./heat_2D_NP_pl 1000 200
N_SIZE = 1000, T_SIZE = 200
Serial Loops: a(T+1, J, I) = 0.125 * (a(T, J+1, I) - 2.0 * a(T, J, I) + a(T, J-1, I)) + 0.125 * (a(T, J, I+1) - 2.0 * a(T, J, I) + a(T, J, I-1)) + a(T, J, I)
Naive Loop: consumed time :300.347ms
+ (( size += 200 ))
+ (( size <= 3200 ))
+ echo 'heat_2D_NP_parallel_loop 1200 200'
heat_2D_NP_parallel_loop 1200 200
+ ./heat_2D_NP_pl 1200 200
N_SIZE = 1200, T_SIZE = 200
Serial Loops: a(T+1, J, I) = 0.125 * (a(T, J+1, I) - 2.0 * a(T, J, I) + a(T, J-1, I)) + 0.125 * (a(T, J, I+1) - 2.0 * a(T, J, I) + a(T, J, I-1)) + a(T, J, I)
Naive Loop: consumed time :405.286ms
+ (( size += 200 ))
+ (( size <= 3200 ))
+ echo 'heat_2D_NP_parallel_loop 1400 200'
heat_2D_NP_parallel_loop 1400 200
+ ./heat_2D_NP_pl 1400 200
N_SIZE = 1400, T_SIZE = 200
Serial Loops: a(T+1, J, I) = 0.125 * (a(T, J+1, I) - 2.0 * a(T, J, I) + a(T, J-1, I)) + 0.125 * (a(T, J, I+1) - 2.0 * a(T, J, I) + a(T, J, I-1)) + a(T, J, I)
Naive Loop: consumed time :534.958ms
+ (( size += 200 ))
+ (( size <= 3200 ))
+ echo 'heat_2D_NP_parallel_loop 1600 200'
heat_2D_NP_parallel_loop 1600 200
+ ./heat_2D_NP_pl 1600 200
N_SIZE = 1600, T_SIZE = 200
Serial Loops: a(T+1, J, I) = 0.125 * (a(T, J+1, I) - 2.0 * a(T, J, I) + a(T, J-1, I)) + 0.125 * (a(T, J, I+1) - 2.0 * a(T, J, I) + a(T, J, I-1)) + a(T, J, I)
Naive Loop: consumed time :710.056ms
+ (( size += 200 ))
+ (( size <= 3200 ))
+ echo 'heat_2D_NP_parallel_loop 1800 200'
heat_2D_NP_parallel_loop 1800 200
+ ./heat_2D_NP_pl 1800 200
N_SIZE = 1800, T_SIZE = 200
Serial Loops: a(T+1, J, I) = 0.125 * (a(T, J+1, I) - 2.0 * a(T, J, I) + a(T, J-1, I)) + 0.125 * (a(T, J, I+1) - 2.0 * a(T, J, I) + a(T, J, I-1)) + a(T, J, I)
Naive Loop: consumed time :842.938ms
+ (( size += 200 ))
+ (( size <= 3200 ))
+ echo 'heat_2D_NP_parallel_loop 2000 200'
heat_2D_NP_parallel_loop 2000 200
+ ./heat_2D_NP_pl 2000 200
N_SIZE = 2000, T_SIZE = 200
Serial Loops: a(T+1, J, I) = 0.125 * (a(T, J+1, I) - 2.0 * a(T, J, I) + a(T, J-1, I)) + 0.125 * (a(T, J, I+1) - 2.0 * a(T, J, I) + a(T, J, I-1)) + a(T, J, I)
Naive Loop: consumed time :1037.92ms
+ (( size += 200 ))
+ (( size <= 3200 ))
+ echo 'heat_2D_NP_parallel_loop 2200 200'
heat_2D_NP_parallel_loop 2200 200
+ ./heat_2D_NP_pl 2200 200
N_SIZE = 2200, T_SIZE = 200
Serial Loops: a(T+1, J, I) = 0.125 * (a(T, J+1, I) - 2.0 * a(T, J, I) + a(T, J-1, I)) + 0.125 * (a(T, J, I+1) - 2.0 * a(T, J, I) + a(T, J, I-1)) + a(T, J, I)
Naive Loop: consumed time :1255.16ms
+ (( size += 200 ))
+ (( size <= 3200 ))
+ echo 'heat_2D_NP_parallel_loop 2400 200'
heat_2D_NP_parallel_loop 2400 200
+ ./heat_2D_NP_pl 2400 200
N_SIZE = 2400, T_SIZE = 200
Serial Loops: a(T+1, J, I) = 0.125 * (a(T, J+1, I) - 2.0 * a(T, J, I) + a(T, J-1, I)) + 0.125 * (a(T, J, I+1) - 2.0 * a(T, J, I) + a(T, J, I-1)) + a(T, J, I)
Naive Loop: consumed time :1475.07ms
+ (( size += 200 ))
+ (( size <= 3200 ))
+ echo 'heat_2D_NP_parallel_loop 2600 200'
heat_2D_NP_parallel_loop 2600 200
+ ./heat_2D_NP_pl 2600 200
N_SIZE = 2600, T_SIZE = 200
Serial Loops: a(T+1, J, I) = 0.125 * (a(T, J+1, I) - 2.0 * a(T, J, I) + a(T, J-1, I)) + 0.125 * (a(T, J, I+1) - 2.0 * a(T, J, I) + a(T, J, I-1)) + a(T, J, I)
Naive Loop: consumed time :1729.38ms
+ (( size += 200 ))
+ (( size <= 3200 ))
+ echo 'heat_2D_NP_parallel_loop 2800 200'
heat_2D_NP_parallel_loop 2800 200
+ ./heat_2D_NP_pl 2800 200
N_SIZE = 2800, T_SIZE = 200
Serial Loops: a(T+1, J, I) = 0.125 * (a(T, J+1, I) - 2.0 * a(T, J, I) + a(T, J-1, I)) + 0.125 * (a(T, J, I+1) - 2.0 * a(T, J, I) + a(T, J, I-1)) + a(T, J, I)
Naive Loop: consumed time :2009.77ms
+ (( size += 200 ))
+ (( size <= 3200 ))
+ echo 'heat_2D_NP_parallel_loop 3000 200'
heat_2D_NP_parallel_loop 3000 200
+ ./heat_2D_NP_pl 3000 200
N_SIZE = 3000, T_SIZE = 200
Serial Loops: a(T+1, J, I) = 0.125 * (a(T, J+1, I) - 2.0 * a(T, J, I) + a(T, J-1, I)) + 0.125 * (a(T, J, I+1) - 2.0 * a(T, J, I) + a(T, J, I-1)) + a(T, J, I)
Naive Loop: consumed time :2242.82ms
+ (( size += 200 ))
+ (( size <= 3200 ))
+ echo 'heat_2D_NP_parallel_loop 3200 200'
heat_2D_NP_parallel_loop 3200 200
+ ./heat_2D_NP_pl 3200 200
N_SIZE = 3200, T_SIZE = 200
Serial Loops: a(T+1, J, I) = 0.125 * (a(T, J+1, I) - 2.0 * a(T, J, I) + a(T, J-1, I)) + 0.125 * (a(T, J, I+1) - 2.0 * a(T, J, I) + a(T, J, I-1)) + a(T, J, I)
Naive Loop: consumed time :2598.26ms
+ (( size += 200 ))
+ (( size <= 3200 ))
+ (( step += 200 ))
+ (( step <= 3200 ))
+ (( size = 200 ))
+ (( size <= 3200 ))
+ echo 'heat_2D_NP_parallel_loop 200 400'
heat_2D_NP_parallel_loop 200 400
+ ./heat_2D_NP_pl 200 400
N_SIZE = 200, T_SIZE = 400
Serial Loops: a(T+1, J, I) = 0.125 * (a(T, J+1, I) - 2.0 * a(T, J, I) + a(T, J-1, I)) + 0.125 * (a(T, J, I+1) - 2.0 * a(T, J, I) + a(T, J, I-1)) + a(T, J, I)
Naive Loop: consumed time :41.722ms
+ (( size += 200 ))
+ (( size <= 3200 ))
+ echo 'heat_2D_NP_parallel_loop 400 400'
heat_2D_NP_parallel_loop 400 400
+ ./heat_2D_NP_pl 400 400
N_SIZE = 400, T_SIZE = 400
Serial Loops: a(T+1, J, I) = 0.125 * (a(T, J+1, I) - 2.0 * a(T, J, I) + a(T, J-1, I)) + 0.125 * (a(T, J, I+1) - 2.0 * a(T, J, I) + a(T, J, I-1)) + a(T, J, I)
Naive Loop: consumed time :105.36ms
+ (( size += 200 ))
+ (( size <= 3200 ))
+ echo 'heat_2D_NP_parallel_loop 600 400'
heat_2D_NP_parallel_loop 600 400
+ ./heat_2D_NP_pl 600 400
N_SIZE = 600, T_SIZE = 400
Serial Loops: a(T+1, J, I) = 0.125 * (a(T, J+1, I) - 2.0 * a(T, J, I) + a(T, J-1, I)) + 0.125 * (a(T, J, I+1) - 2.0 * a(T, J, I) + a(T, J, I-1)) + a(T, J, I)
Naive Loop: consumed time :233.014ms
+ (( size += 200 ))
+ (( size <= 3200 ))
+ echo 'heat_2D_NP_parallel_loop 800 400'
heat_2D_NP_parallel_loop 800 400
+ ./heat_2D_NP_pl 800 400
N_SIZE = 800, T_SIZE = 400
Serial Loops: a(T+1, J, I) = 0.125 * (a(T, J+1, I) - 2.0 * a(T, J, I) + a(T, J-1, I)) + 0.125 * (a(T, J, I+1) - 2.0 * a(T, J, I) + a(T, J, I-1)) + a(T, J, I)
Naive Loop: consumed time :353.847ms
+ (( size += 200 ))
+ (( size <= 3200 ))
+ echo 'heat_2D_NP_parallel_loop 1000 400'
heat_2D_NP_parallel_loop 1000 400
+ ./heat_2D_NP_pl 1000 400
N_SIZE = 1000, T_SIZE = 400
Serial Loops: a(T+1, J, I) = 0.125 * (a(T, J+1, I) - 2.0 * a(T, J, I) + a(T, J-1, I)) + 0.125 * (a(T, J, I+1) - 2.0 * a(T, J, I) + a(T, J, I-1)) + a(T, J, I)
Naive Loop: consumed time :491.114ms
+ (( size += 200 ))
+ (( size <= 3200 ))
+ echo 'heat_2D_NP_parallel_loop 1200 400'
heat_2D_NP_parallel_loop 1200 400
+ ./heat_2D_NP_pl 1200 400
N_SIZE = 1200, T_SIZE = 400
Serial Loops: a(T+1, J, I) = 0.125 * (a(T, J+1, I) - 2.0 * a(T, J, I) + a(T, J-1, I)) + 0.125 * (a(T, J, I+1) - 2.0 * a(T, J, I) + a(T, J, I-1)) + a(T, J, I)
Naive Loop: consumed time :791.094ms
+ (( size += 200 ))
+ (( size <= 3200 ))
+ echo 'heat_2D_NP_parallel_loop 1400 400'
heat_2D_NP_parallel_loop 1400 400
+ ./heat_2D_NP_pl 1400 400
N_SIZE = 1400, T_SIZE = 400
Serial Loops: a(T+1, J, I) = 0.125 * (a(T, J+1, I) - 2.0 * a(T, J, I) + a(T, J-1, I)) + 0.125 * (a(T, J, I+1) - 2.0 * a(T, J, I) + a(T, J, I-1)) + a(T, J, I)
Naive Loop: consumed time :1063.63ms
+ (( size += 200 ))
+ (( size <= 3200 ))
+ echo 'heat_2D_NP_parallel_loop 1600 400'
heat_2D_NP_parallel_loop 1600 400
+ ./heat_2D_NP_pl 1600 400
N_SIZE = 1600, T_SIZE = 400
Serial Loops: a(T+1, J, I) = 0.125 * (a(T, J+1, I) - 2.0 * a(T, J, I) + a(T, J-1, I)) + 0.125 * (a(T, J, I+1) - 2.0 * a(T, J, I) + a(T, J, I-1)) + a(T, J, I)
Naive Loop: consumed time :1404.02ms
+ (( size += 200 ))
+ (( size <= 3200 ))
+ echo 'heat_2D_NP_parallel_loop 1800 400'
heat_2D_NP_parallel_loop 1800 400
+ ./heat_2D_NP_pl 1800 400
N_SIZE = 1800, T_SIZE = 400
Serial Loops: a(T+1, J, I) = 0.125 * (a(T, J+1, I) - 2.0 * a(T, J, I) + a(T, J-1, I)) + 0.125 * (a(T, J, I+1) - 2.0 * a(T, J, I) + a(T, J, I-1)) + a(T, J, I)
Naive Loop: consumed time :1678.49ms
+ (( size += 200 ))
+ (( size <= 3200 ))
+ echo 'heat_2D_NP_parallel_loop 2000 400'
heat_2D_NP_parallel_loop 2000 400
+ ./heat_2D_NP_pl 2000 400
N_SIZE = 2000, T_SIZE = 400
Serial Loops: a(T+1, J, I) = 0.125 * (a(T, J+1, I) - 2.0 * a(T, J, I) + a(T, J-1, I)) + 0.125 * (a(T, J, I+1) - 2.0 * a(T, J, I) + a(T, J, I-1)) + a(T, J, I)
Naive Loop: consumed time :2086.5ms
+ (( size += 200 ))
+ (( size <= 3200 ))
+ echo 'heat_2D_NP_parallel_loop 2200 400'
heat_2D_NP_parallel_loop 2200 400
+ ./heat_2D_NP_pl 2200 400
N_SIZE = 2200, T_SIZE = 400
Serial Loops: a(T+1, J, I) = 0.125 * (a(T, J+1, I) - 2.0 * a(T, J, I) + a(T, J-1, I)) + 0.125 * (a(T, J, I+1) - 2.0 * a(T, J, I) + a(T, J, I-1)) + a(T, J, I)
Naive Loop: consumed time :2491.74ms
+ (( size += 200 ))
+ (( size <= 3200 ))
+ echo 'heat_2D_NP_parallel_loop 2400 400'
heat_2D_NP_parallel_loop 2400 400
+ ./heat_2D_NP_pl 2400 400
N_SIZE = 2400, T_SIZE = 400
Serial Loops: a(T+1, J, I) = 0.125 * (a(T, J+1, I) - 2.0 * a(T, J, I) + a(T, J-1, I)) + 0.125 * (a(T, J, I+1) - 2.0 * a(T, J, I) + a(T, J, I-1)) + a(T, J, I)
Naive Loop: consumed time :3019.2ms
+ (( size += 200 ))
+ (( size <= 3200 ))
+ echo 'heat_2D_NP_parallel_loop 2600 400'
heat_2D_NP_parallel_loop 2600 400
+ ./heat_2D_NP_pl 2600 400
N_SIZE = 2600, T_SIZE = 400
Serial Loops: a(T+1, J, I) = 0.125 * (a(T, J+1, I) - 2.0 * a(T, J, I) + a(T, J-1, I)) + 0.125 * (a(T, J, I+1) - 2.0 * a(T, J, I) + a(T, J, I-1)) + a(T, J, I)
Naive Loop: consumed time :3496.29ms
+ (( size += 200 ))
+ (( size <= 3200 ))
+ echo 'heat_2D_NP_parallel_loop 2800 400'
heat_2D_NP_parallel_loop 2800 400
+ ./heat_2D_NP_pl 2800 400
N_SIZE = 2800, T_SIZE = 400
Serial Loops: a(T+1, J, I) = 0.125 * (a(T, J+1, I) - 2.0 * a(T, J, I) + a(T, J-1, I)) + 0.125 * (a(T, J, I+1) - 2.0 * a(T, J, I) + a(T, J, I-1)) + a(T, J, I)
Naive Loop: consumed time :3971.25ms
+ (( size += 200 ))
+ (( size <= 3200 ))
+ echo 'heat_2D_NP_parallel_loop 3000 400'
heat_2D_NP_parallel_loop 3000 400
+ ./heat_2D_NP_pl 3000 400
N_SIZE = 3000, T_SIZE = 400
Serial Loops: a(T+1, J, I) = 0.125 * (a(T, J+1, I) - 2.0 * a(T, J, I) + a(T, J-1, I)) + 0.125 * (a(T, J, I+1) - 2.0 * a(T, J, I) + a(T, J, I-1)) + a(T, J, I)
Naive Loop: consumed time :4567.22ms
+ (( size += 200 ))
+ (( size <= 3200 ))
+ echo 'heat_2D_NP_parallel_loop 3200 400'
heat_2D_NP_parallel_loop 3200 400
+ ./heat_2D_NP_pl 3200 400
N_SIZE = 3200, T_SIZE = 400
Serial Loops: a(T+1, J, I) = 0.125 * (a(T, J+1, I) - 2.0 * a(T, J, I) + a(T, J-1, I)) + 0.125 * (a(T, J, I+1) - 2.0 * a(T, J, I) + a(T, J, I-1)) + a(T, J, I)
Naive Loop: consumed time :5059.45ms
+ (( size += 200 ))
+ (( size <= 3200 ))
+ (( step += 200 ))
+ (( step <= 3200 ))
+ (( size = 200 ))
+ (( size <= 3200 ))
+ echo 'heat_2D_NP_parallel_loop 200 600'
heat_2D_NP_parallel_loop 200 600
+ ./heat_2D_NP_pl 200 600
N_SIZE = 200, T_SIZE = 600
Serial Loops: a(T+1, J, I) = 0.125 * (a(T, J+1, I) - 2.0 * a(T, J, I) + a(T, J-1, I)) + 0.125 * (a(T, J, I+1) - 2.0 * a(T, J, I) + a(T, J, I-1)) + a(T, J, I)
Naive Loop: consumed time :64.288ms
+ (( size += 200 ))
+ (( size <= 3200 ))
+ echo 'heat_2D_NP_parallel_loop 400 600'
heat_2D_NP_parallel_loop 400 600
+ ./heat_2D_NP_pl 400 600
N_SIZE = 400, T_SIZE = 600
Serial Loops: a(T+1, J, I) = 0.125 * (a(T, J+1, I) - 2.0 * a(T, J, I) + a(T, J-1, I)) + 0.125 * (a(T, J, I+1) - 2.0 * a(T, J, I) + a(T, J, I-1)) + a(T, J, I)
Naive Loop: consumed time :177.978ms
+ (( size += 200 ))
+ (( size <= 3200 ))
+ echo 'heat_2D_NP_parallel_loop 600 600'
heat_2D_NP_parallel_loop 600 600
+ ./heat_2D_NP_pl 600 600
N_SIZE = 600, T_SIZE = 600
Serial Loops: a(T+1, J, I) = 0.125 * (a(T, J+1, I) - 2.0 * a(T, J, I) + a(T, J-1, I)) + 0.125 * (a(T, J, I+1) - 2.0 * a(T, J, I) + a(T, J, I-1)) + a(T, J, I)
Naive Loop: consumed time :351.161ms
+ (( size += 200 ))
+ (( size <= 3200 ))
+ echo 'heat_2D_NP_parallel_loop 800 600'
heat_2D_NP_parallel_loop 800 600
+ ./heat_2D_NP_pl 800 600
N_SIZE = 800, T_SIZE = 600
Serial Loops: a(T+1, J, I) = 0.125 * (a(T, J+1, I) - 2.0 * a(T, J, I) + a(T, J-1, I)) + 0.125 * (a(T, J, I+1) - 2.0 * a(T, J, I) + a(T, J, I-1)) + a(T, J, I)
Naive Loop: consumed time :579.407ms
+ (( size += 200 ))
+ (( size <= 3200 ))
+ echo 'heat_2D_NP_parallel_loop 1000 600'
heat_2D_NP_parallel_loop 1000 600
+ ./heat_2D_NP_pl 1000 600
N_SIZE = 1000, T_SIZE = 600
Serial Loops: a(T+1, J, I) = 0.125 * (a(T, J+1, I) - 2.0 * a(T, J, I) + a(T, J-1, I)) + 0.125 * (a(T, J, I+1) - 2.0 * a(T, J, I) + a(T, J, I-1)) + a(T, J, I)
Naive Loop: consumed time :841.723ms
+ (( size += 200 ))
+ (( size <= 3200 ))
+ echo 'heat_2D_NP_parallel_loop 1200 600'
heat_2D_NP_parallel_loop 1200 600
+ ./heat_2D_NP_pl 1200 600
N_SIZE = 1200, T_SIZE = 600
Serial Loops: a(T+1, J, I) = 0.125 * (a(T, J+1, I) - 2.0 * a(T, J, I) + a(T, J-1, I)) + 0.125 * (a(T, J, I+1) - 2.0 * a(T, J, I) + a(T, J, I-1)) + a(T, J, I)
Naive Loop: consumed time :1200.54ms
+ (( size += 200 ))
+ (( size <= 3200 ))
+ echo 'heat_2D_NP_parallel_loop 1400 600'
heat_2D_NP_parallel_loop 1400 600
+ ./heat_2D_NP_pl 1400 600
N_SIZE = 1400, T_SIZE = 600
Serial Loops: a(T+1, J, I) = 0.125 * (a(T, J+1, I) - 2.0 * a(T, J, I) + a(T, J-1, I)) + 0.125 * (a(T, J, I+1) - 2.0 * a(T, J, I) + a(T, J, I-1)) + a(T, J, I)
Naive Loop: consumed time :1635.83ms
+ (( size += 200 ))
+ (( size <= 3200 ))
+ echo 'heat_2D_NP_parallel_loop 1600 600'
heat_2D_NP_parallel_loop 1600 600
+ ./heat_2D_NP_pl 1600 600
N_SIZE = 1600, T_SIZE = 600
Serial Loops: a(T+1, J, I) = 0.125 * (a(T, J+1, I) - 2.0 * a(T, J, I) + a(T, J-1, I)) + 0.125 * (a(T, J, I+1) - 2.0 * a(T, J, I) + a(T, J, I-1)) + a(T, J, I)
Naive Loop: consumed time :2099.64ms
+ (( size += 200 ))
+ (( size <= 3200 ))
+ echo 'heat_2D_NP_parallel_loop 1800 600'
heat_2D_NP_parallel_loop 1800 600
+ ./heat_2D_NP_pl 1800 600
N_SIZE = 1800, T_SIZE = 600
Serial Loops: a(T+1, J, I) = 0.125 * (a(T, J+1, I) - 2.0 * a(T, J, I) + a(T, J-1, I)) + 0.125 * (a(T, J, I+1) - 2.0 * a(T, J, I) + a(T, J, I-1)) + a(T, J, I)
Naive Loop: consumed time :2519.7ms
+ (( size += 200 ))
+ (( size <= 3200 ))
+ echo 'heat_2D_NP_parallel_loop 2000 600'
heat_2D_NP_parallel_loop 2000 600
+ ./heat_2D_NP_pl 2000 600
N_SIZE = 2000, T_SIZE = 600
Serial Loops: a(T+1, J, I) = 0.125 * (a(T, J+1, I) - 2.0 * a(T, J, I) + a(T, J-1, I)) + 0.125 * (a(T, J, I+1) - 2.0 * a(T, J, I) + a(T, J, I-1)) + a(T, J, I)
Naive Loop: consumed time :3158.64ms
+ (( size += 200 ))
+ (( size <= 3200 ))
+ echo 'heat_2D_NP_parallel_loop 2200 600'
heat_2D_NP_parallel_loop 2200 600
+ ./heat_2D_NP_pl 2200 600
N_SIZE = 2200, T_SIZE = 600
Serial Loops: a(T+1, J, I) = 0.125 * (a(T, J+1, I) - 2.0 * a(T, J, I) + a(T, J-1, I)) + 0.125 * (a(T, J, I+1) - 2.0 * a(T, J, I) + a(T, J, I-1)) + a(T, J, I)
Naive Loop: consumed time :3746.25ms
+ (( size += 200 ))
+ (( size <= 3200 ))
+ echo 'heat_2D_NP_parallel_loop 2400 600'
heat_2D_NP_parallel_loop 2400 600
+ ./heat_2D_NP_pl 2400 600
N_SIZE = 2400, T_SIZE = 600
Serial Loops: a(T+1, J, I) = 0.125 * (a(T, J+1, I) - 2.0 * a(T, J, I) + a(T, J-1, I)) + 0.125 * (a(T, J, I+1) - 2.0 * a(T, J, I) + a(T, J, I-1)) + a(T, J, I)
Naive Loop: consumed time :4461.53ms
+ (( size += 200 ))
+ (( size <= 3200 ))
+ echo 'heat_2D_NP_parallel_loop 2600 600'
heat_2D_NP_parallel_loop 2600 600
+ ./heat_2D_NP_pl 2600 600
N_SIZE = 2600, T_SIZE = 600
Serial Loops: a(T+1, J, I) = 0.125 * (a(T, J+1, I) - 2.0 * a(T, J, I) + a(T, J-1, I)) + 0.125 * (a(T, J, I+1) - 2.0 * a(T, J, I) + a(T, J, I-1)) + a(T, J, I)
Naive Loop: consumed time :5227.56ms
+ (( size += 200 ))
+ (( size <= 3200 ))
+ echo 'heat_2D_NP_parallel_loop 2800 600'
heat_2D_NP_parallel_loop 2800 600
+ ./heat_2D_NP_pl 2800 600
N_SIZE = 2800, T_SIZE = 600
Serial Loops: a(T+1, J, I) = 0.125 * (a(T, J+1, I) - 2.0 * a(T, J, I) + a(T, J-1, I)) + 0.125 * (a(T, J, I+1) - 2.0 * a(T, J, I) + a(T, J, I-1)) + a(T, J, I)
Naive Loop: consumed time :5966.95ms
+ (( size += 200 ))
+ (( size <= 3200 ))
+ echo 'heat_2D_NP_parallel_loop 3000 600'
heat_2D_NP_parallel_loop 3000 600
+ ./heat_2D_NP_pl 3000 600
N_SIZE = 3000, T_SIZE = 600
Serial Loops: a(T+1, J, I) = 0.125 * (a(T, J+1, I) - 2.0 * a(T, J, I) + a(T, J-1, I)) + 0.125 * (a(T, J, I+1) - 2.0 * a(T, J, I) + a(T, J, I-1)) + a(T, J, I)
Naive Loop: consumed time :6881.84ms
+ (( size += 200 ))
+ (( size <= 3200 ))
+ echo 'heat_2D_NP_parallel_loop 3200 600'
heat_2D_NP_parallel_loop 3200 600
+ ./heat_2D_NP_pl 3200 600
N_SIZE = 3200, T_SIZE = 600
Serial Loops: a(T+1, J, I) = 0.125 * (a(T, J+1, I) - 2.0 * a(T, J, I) + a(T, J-1, I)) + 0.125 * (a(T, J, I+1) - 2.0 * a(T, J, I) + a(T, J, I-1)) + a(T, J, I)
Naive Loop: consumed time :7650.13ms
+ (( size += 200 ))
+ (( size <= 3200 ))
+ (( step += 200 ))
+ (( step <= 3200 ))
+ (( size = 200 ))
+ (( size <= 3200 ))
+ echo 'heat_2D_NP_parallel_loop 200 800'
heat_2D_NP_parallel_loop 200 800
+ ./heat_2D_NP_pl 200 800
N_SIZE = 200, T_SIZE = 800
Serial Loops: a(T+1, J, I) = 0.125 * (a(T, J+1, I) - 2.0 * a(T, J, I) + a(T, J-1, I)) + 0.125 * (a(T, J, I+1) - 2.0 * a(T, J, I) + a(T, J, I-1)) + a(T, J, I)
Naive Loop: consumed time :95.09ms
+ (( size += 200 ))
+ (( size <= 3200 ))
+ echo 'heat_2D_NP_parallel_loop 400 800'
heat_2D_NP_parallel_loop 400 800
+ ./heat_2D_NP_pl 400 800
N_SIZE = 400, T_SIZE = 800
Serial Loops: a(T+1, J, I) = 0.125 * (a(T, J+1, I) - 2.0 * a(T, J, I) + a(T, J-1, I)) + 0.125 * (a(T, J, I+1) - 2.0 * a(T, J, I) + a(T, J, I-1)) + a(T, J, I)
Naive Loop: consumed time :248.515ms
+ (( size += 200 ))
+ (( size <= 3200 ))
+ echo 'heat_2D_NP_parallel_loop 600 800'
heat_2D_NP_parallel_loop 600 800
+ ./heat_2D_NP_pl 600 800
N_SIZE = 600, T_SIZE = 800
Serial Loops: a(T+1, J, I) = 0.125 * (a(T, J+1, I) - 2.0 * a(T, J, I) + a(T, J-1, I)) + 0.125 * (a(T, J, I+1) - 2.0 * a(T, J, I) + a(T, J, I-1)) + a(T, J, I)
Naive Loop: consumed time :460.554ms
+ (( size += 200 ))
+ (( size <= 3200 ))
+ echo 'heat_2D_NP_parallel_loop 800 800'
heat_2D_NP_parallel_loop 800 800
+ ./heat_2D_NP_pl 800 800
N_SIZE = 800, T_SIZE = 800
Serial Loops: a(T+1, J, I) = 0.125 * (a(T, J+1, I) - 2.0 * a(T, J, I) + a(T, J-1, I)) + 0.125 * (a(T, J, I+1) - 2.0 * a(T, J, I) + a(T, J, I-1)) + a(T, J, I)
Naive Loop: consumed time :714.304ms
+ (( size += 200 ))
+ (( size <= 3200 ))
+ echo 'heat_2D_NP_parallel_loop 1000 800'
heat_2D_NP_parallel_loop 1000 800
+ ./heat_2D_NP_pl 1000 800
N_SIZE = 1000, T_SIZE = 800
Serial Loops: a(T+1, J, I) = 0.125 * (a(T, J+1, I) - 2.0 * a(T, J, I) + a(T, J-1, I)) + 0.125 * (a(T, J, I+1) - 2.0 * a(T, J, I) + a(T, J, I-1)) + a(T, J, I)
Naive Loop: consumed time :970.133ms
+ (( size += 200 ))
+ (( size <= 3200 ))
+ echo 'heat_2D_NP_parallel_loop 1200 800'
heat_2D_NP_parallel_loop 1200 800
+ ./heat_2D_NP_pl 1200 800
N_SIZE = 1200, T_SIZE = 800
Serial Loops: a(T+1, J, I) = 0.125 * (a(T, J+1, I) - 2.0 * a(T, J, I) + a(T, J-1, I)) + 0.125 * (a(T, J, I+1) - 2.0 * a(T, J, I) + a(T, J, I-1)) + a(T, J, I)
Naive Loop: consumed time :1528.88ms
+ (( size += 200 ))
+ (( size <= 3200 ))
+ echo 'heat_2D_NP_parallel_loop 1400 800'
heat_2D_NP_parallel_loop 1400 800
+ ./heat_2D_NP_pl 1400 800
N_SIZE = 1400, T_SIZE = 800
Serial Loops: a(T+1, J, I) = 0.125 * (a(T, J+1, I) - 2.0 * a(T, J, I) + a(T, J-1, I)) + 0.125 * (a(T, J, I+1) - 2.0 * a(T, J, I) + a(T, J, I-1)) + a(T, J, I)
Naive Loop: consumed time :2137.53ms
+ (( size += 200 ))
+ (( size <= 3200 ))
+ echo 'heat_2D_NP_parallel_loop 1600 800'
heat_2D_NP_parallel_loop 1600 800
+ ./heat_2D_NP_pl 1600 800
N_SIZE = 1600, T_SIZE = 800
Serial Loops: a(T+1, J, I) = 0.125 * (a(T, J+1, I) - 2.0 * a(T, J, I) + a(T, J-1, I)) + 0.125 * (a(T, J, I+1) - 2.0 * a(T, J, I) + a(T, J, I-1)) + a(T, J, I)
Naive Loop: consumed time :2831.97ms
+ (( size += 200 ))
+ (( size <= 3200 ))
+ echo 'heat_2D_NP_parallel_loop 1800 800'
heat_2D_NP_parallel_loop 1800 800
+ ./heat_2D_NP_pl 1800 800
N_SIZE = 1800, T_SIZE = 800
Serial Loops: a(T+1, J, I) = 0.125 * (a(T, J+1, I) - 2.0 * a(T, J, I) + a(T, J-1, I)) + 0.125 * (a(T, J, I+1) - 2.0 * a(T, J, I) + a(T, J, I-1)) + a(T, J, I)
Naive Loop: consumed time :3394.8ms
+ (( size += 200 ))
+ (( size <= 3200 ))
+ echo 'heat_2D_NP_parallel_loop 2000 800'
heat_2D_NP_parallel_loop 2000 800
+ ./heat_2D_NP_pl 2000 800
N_SIZE = 2000, T_SIZE = 800
Serial Loops: a(T+1, J, I) = 0.125 * (a(T, J+1, I) - 2.0 * a(T, J, I) + a(T, J-1, I)) + 0.125 * (a(T, J, I+1) - 2.0 * a(T, J, I) + a(T, J, I-1)) + a(T, J, I)
Naive Loop: consumed time :4240.89ms
+ (( size += 200 ))
+ (( size <= 3200 ))
+ echo 'heat_2D_NP_parallel_loop 2200 800'
heat_2D_NP_parallel_loop 2200 800
+ ./heat_2D_NP_pl 2200 800
N_SIZE = 2200, T_SIZE = 800
Serial Loops: a(T+1, J, I) = 0.125 * (a(T, J+1, I) - 2.0 * a(T, J, I) + a(T, J-1, I)) + 0.125 * (a(T, J, I+1) - 2.0 * a(T, J, I) + a(T, J, I-1)) + a(T, J, I)
Naive Loop: consumed time :4985.42ms
+ (( size += 200 ))
+ (( size <= 3200 ))
+ echo 'heat_2D_NP_parallel_loop 2400 800'
heat_2D_NP_parallel_loop 2400 800
+ ./heat_2D_NP_pl 2400 800
N_SIZE = 2400, T_SIZE = 800
Serial Loops: a(T+1, J, I) = 0.125 * (a(T, J+1, I) - 2.0 * a(T, J, I) + a(T, J-1, I)) + 0.125 * (a(T, J, I+1) - 2.0 * a(T, J, I) + a(T, J, I-1)) + a(T, J, I)
Naive Loop: consumed time :6006.38ms
+ (( size += 200 ))
+ (( size <= 3200 ))
+ echo 'heat_2D_NP_parallel_loop 2600 800'
heat_2D_NP_parallel_loop 2600 800
+ ./heat_2D_NP_pl 2600 800
N_SIZE = 2600, T_SIZE = 800
Serial Loops: a(T+1, J, I) = 0.125 * (a(T, J+1, I) - 2.0 * a(T, J, I) + a(T, J-1, I)) + 0.125 * (a(T, J, I+1) - 2.0 * a(T, J, I) + a(T, J, I-1)) + a(T, J, I)
Naive Loop: consumed time :7054.2ms
+ (( size += 200 ))
+ (( size <= 3200 ))
+ echo 'heat_2D_NP_parallel_loop 2800 800'
heat_2D_NP_parallel_loop 2800 800
+ ./heat_2D_NP_pl 2800 800
N_SIZE = 2800, T_SIZE = 800
Serial Loops: a(T+1, J, I) = 0.125 * (a(T, J+1, I) - 2.0 * a(T, J, I) + a(T, J-1, I)) + 0.125 * (a(T, J, I+1) - 2.0 * a(T, J, I) + a(T, J, I-1)) + a(T, J, I)
Naive Loop: consumed time :8065.12ms
+ (( size += 200 ))
+ (( size <= 3200 ))
+ echo 'heat_2D_NP_parallel_loop 3000 800'
heat_2D_NP_parallel_loop 3000 800
+ ./heat_2D_NP_pl 3000 800
N_SIZE = 3000, T_SIZE = 800
Serial Loops: a(T+1, J, I) = 0.125 * (a(T, J+1, I) - 2.0 * a(T, J, I) + a(T, J-1, I)) + 0.125 * (a(T, J, I+1) - 2.0 * a(T, J, I) + a(T, J, I-1)) + a(T, J, I)
Naive Loop: consumed time :9105.22ms
+ (( size += 200 ))
+ (( size <= 3200 ))
+ echo 'heat_2D_NP_parallel_loop 3200 800'
heat_2D_NP_parallel_loop 3200 800
+ ./heat_2D_NP_pl 3200 800
N_SIZE = 3200, T_SIZE = 800
Serial Loops: a(T+1, J, I) = 0.125 * (a(T, J+1, I) - 2.0 * a(T, J, I) + a(T, J-1, I)) + 0.125 * (a(T, J, I+1) - 2.0 * a(T, J, I) + a(T, J, I-1)) + a(T, J, I)
Naive Loop: consumed time :10135.4ms
+ (( size += 200 ))
+ (( size <= 3200 ))
+ (( step += 200 ))
+ (( step <= 3200 ))
+ (( size = 200 ))
+ (( size <= 3200 ))
+ echo 'heat_2D_NP_parallel_loop 200 1000'
heat_2D_NP_parallel_loop 200 1000
+ ./heat_2D_NP_pl 200 1000
N_SIZE = 200, T_SIZE = 1000
Serial Loops: a(T+1, J, I) = 0.125 * (a(T, J+1, I) - 2.0 * a(T, J, I) + a(T, J-1, I)) + 0.125 * (a(T, J, I+1) - 2.0 * a(T, J, I) + a(T, J, I-1)) + a(T, J, I)
Naive Loop: consumed time :102.849ms
+ (( size += 200 ))
+ (( size <= 3200 ))
+ echo 'heat_2D_NP_parallel_loop 400 1000'
heat_2D_NP_parallel_loop 400 1000
+ ./heat_2D_NP_pl 400 1000
N_SIZE = 400, T_SIZE = 1000
Serial Loops: a(T+1, J, I) = 0.125 * (a(T, J+1, I) - 2.0 * a(T, J, I) + a(T, J-1, I)) + 0.125 * (a(T, J, I+1) - 2.0 * a(T, J, I) + a(T, J, I-1)) + a(T, J, I)
Naive Loop: consumed time :246.372ms
+ (( size += 200 ))
+ (( size <= 3200 ))
+ echo 'heat_2D_NP_parallel_loop 600 1000'
heat_2D_NP_parallel_loop 600 1000
+ ./heat_2D_NP_pl 600 1000
N_SIZE = 600, T_SIZE = 1000
Serial Loops: a(T+1, J, I) = 0.125 * (a(T, J+1, I) - 2.0 * a(T, J, I) + a(T, J-1, I)) + 0.125 * (a(T, J, I+1) - 2.0 * a(T, J, I) + a(T, J, I-1)) + a(T, J, I)
Naive Loop: consumed time :475.5ms
+ (( size += 200 ))
+ (( size <= 3200 ))
+ echo 'heat_2D_NP_parallel_loop 800 1000'
heat_2D_NP_parallel_loop 800 1000
+ ./heat_2D_NP_pl 800 1000
N_SIZE = 800, T_SIZE = 1000
Serial Loops: a(T+1, J, I) = 0.125 * (a(T, J+1, I) - 2.0 * a(T, J, I) + a(T, J-1, I)) + 0.125 * (a(T, J, I+1) - 2.0 * a(T, J, I) + a(T, J, I-1)) + a(T, J, I)
Naive Loop: consumed time :889.441ms
+ (( size += 200 ))
+ (( size <= 3200 ))
+ echo 'heat_2D_NP_parallel_loop 1000 1000'
heat_2D_NP_parallel_loop 1000 1000
+ ./heat_2D_NP_pl 1000 1000
N_SIZE = 1000, T_SIZE = 1000
Serial Loops: a(T+1, J, I) = 0.125 * (a(T, J+1, I) - 2.0 * a(T, J, I) + a(T, J-1, I)) + 0.125 * (a(T, J, I+1) - 2.0 * a(T, J, I) + a(T, J, I-1)) + a(T, J, I)
Naive Loop: consumed time :1325.97ms
+ (( size += 200 ))
+ (( size <= 3200 ))
+ echo 'heat_2D_NP_parallel_loop 1200 1000'
heat_2D_NP_parallel_loop 1200 1000
+ ./heat_2D_NP_pl 1200 1000
N_SIZE = 1200, T_SIZE = 1000
Serial Loops: a(T+1, J, I) = 0.125 * (a(T, J+1, I) - 2.0 * a(T, J, I) + a(T, J-1, I)) + 0.125 * (a(T, J, I+1) - 2.0 * a(T, J, I) + a(T, J, I-1)) + a(T, J, I)
Naive Loop: consumed time :2011.85ms
+ (( size += 200 ))
+ (( size <= 3200 ))
+ echo 'heat_2D_NP_parallel_loop 1400 1000'
heat_2D_NP_parallel_loop 1400 1000
+ ./heat_2D_NP_pl 1400 1000
N_SIZE = 1400, T_SIZE = 1000
Serial Loops: a(T+1, J, I) = 0.125 * (a(T, J+1, I) - 2.0 * a(T, J, I) + a(T, J-1, I)) + 0.125 * (a(T, J, I+1) - 2.0 * a(T, J, I) + a(T, J, I-1)) + a(T, J, I)
Naive Loop: consumed time :2684.56ms
+ (( size += 200 ))
+ (( size <= 3200 ))
+ echo 'heat_2D_NP_parallel_loop 1600 1000'
heat_2D_NP_parallel_loop 1600 1000
+ ./heat_2D_NP_pl 1600 1000
N_SIZE = 1600, T_SIZE = 1000
Serial Loops: a(T+1, J, I) = 0.125 * (a(T, J+1, I) - 2.0 * a(T, J, I) + a(T, J-1, I)) + 0.125 * (a(T, J, I+1) - 2.0 * a(T, J, I) + a(T, J, I-1)) + a(T, J, I)
Naive Loop: consumed time :3574.64ms
+ (( size += 200 ))
+ (( size <= 3200 ))
+ echo 'heat_2D_NP_parallel_loop 1800 1000'
heat_2D_NP_parallel_loop 1800 1000
+ ./heat_2D_NP_pl 1800 1000
N_SIZE = 1800, T_SIZE = 1000
Serial Loops: a(T+1, J, I) = 0.125 * (a(T, J+1, I) - 2.0 * a(T, J, I) + a(T, J-1, I)) + 0.125 * (a(T, J, I+1) - 2.0 * a(T, J, I) + a(T, J, I-1)) + a(T, J, I)
Naive Loop: consumed time :4219.83ms
+ (( size += 200 ))
+ (( size <= 3200 ))
+ echo 'heat_2D_NP_parallel_loop 2000 1000'
heat_2D_NP_parallel_loop 2000 1000
+ ./heat_2D_NP_pl 2000 1000
N_SIZE = 2000, T_SIZE = 1000
Serial Loops: a(T+1, J, I) = 0.125 * (a(T, J+1, I) - 2.0 * a(T, J, I) + a(T, J-1, I)) + 0.125 * (a(T, J, I+1) - 2.0 * a(T, J, I) + a(T, J, I-1)) + a(T, J, I)
Naive Loop: consumed time :5255.95ms
+ (( size += 200 ))
+ (( size <= 3200 ))
+ echo 'heat_2D_NP_parallel_loop 2200 1000'
heat_2D_NP_parallel_loop 2200 1000
+ ./heat_2D_NP_pl 2200 1000
N_SIZE = 2200, T_SIZE = 1000
Serial Loops: a(T+1, J, I) = 0.125 * (a(T, J+1, I) - 2.0 * a(T, J, I) + a(T, J-1, I)) + 0.125 * (a(T, J, I+1) - 2.0 * a(T, J, I) + a(T, J, I-1)) + a(T, J, I)
Naive Loop: consumed time :6285.66ms
+ (( size += 200 ))
+ (( size <= 3200 ))
+ echo 'heat_2D_NP_parallel_loop 2400 1000'
heat_2D_NP_parallel_loop 2400 1000
+ ./heat_2D_NP_pl 2400 1000
N_SIZE = 2400, T_SIZE = 1000
Serial Loops: a(T+1, J, I) = 0.125 * (a(T, J+1, I) - 2.0 * a(T, J, I) + a(T, J-1, I)) + 0.125 * (a(T, J, I+1) - 2.0 * a(T, J, I) + a(T, J, I-1)) + a(T, J, I)
Naive Loop: consumed time :7348.06ms
+ (( size += 200 ))
+ (( size <= 3200 ))
+ echo 'heat_2D_NP_parallel_loop 2600 1000'
heat_2D_NP_parallel_loop 2600 1000
+ ./heat_2D_NP_pl 2600 1000
N_SIZE = 2600, T_SIZE = 1000
Serial Loops: a(T+1, J, I) = 0.125 * (a(T, J+1, I) - 2.0 * a(T, J, I) + a(T, J-1, I)) + 0.125 * (a(T, J, I+1) - 2.0 * a(T, J, I) + a(T, J, I-1)) + a(T, J, I)
Naive Loop: consumed time :8772.23ms
+ (( size += 200 ))
+ (( size <= 3200 ))
+ echo 'heat_2D_NP_parallel_loop 2800 1000'
heat_2D_NP_parallel_loop 2800 1000
+ ./heat_2D_NP_pl 2800 1000
N_SIZE = 2800, T_SIZE = 1000
Serial Loops: a(T+1, J, I) = 0.125 * (a(T, J+1, I) - 2.0 * a(T, J, I) + a(T, J-1, I)) + 0.125 * (a(T, J, I+1) - 2.0 * a(T, J, I) + a(T, J, I-1)) + a(T, J, I)
Naive Loop: consumed time :10002.6ms
+ (( size += 200 ))
+ (( size <= 3200 ))
+ echo 'heat_2D_NP_parallel_loop 3000 1000'
heat_2D_NP_parallel_loop 3000 1000
+ ./heat_2D_NP_pl 3000 1000
N_SIZE = 3000, T_SIZE = 1000
Serial Loops: a(T+1, J, I) = 0.125 * (a(T, J+1, I) - 2.0 * a(T, J, I) + a(T, J-1, I)) + 0.125 * (a(T, J, I+1) - 2.0 * a(T, J, I) + a(T, J, I-1)) + a(T, J, I)
Naive Loop: consumed time :11326.4ms
+ (( size += 200 ))
+ (( size <= 3200 ))
+ echo 'heat_2D_NP_parallel_loop 3200 1000'
heat_2D_NP_parallel_loop 3200 1000
+ ./heat_2D_NP_pl 3200 1000
N_SIZE = 3200, T_SIZE = 1000
Serial Loops: a(T+1, J, I) = 0.125 * (a(T, J+1, I) - 2.0 * a(T, J, I) + a(T, J-1, I)) + 0.125 * (a(T, J, I+1) - 2.0 * a(T, J, I) + a(T, J, I-1)) + a(T, J, I)
Naive Loop: consumed time :13005ms
+ (( size += 200 ))
+ (( size <= 3200 ))
+ (( step += 200 ))
+ (( step <= 3200 ))
+ (( size = 200 ))
+ (( size <= 3200 ))
+ echo 'heat_2D_NP_parallel_loop 200 1200'
heat_2D_NP_parallel_loop 200 1200
+ ./heat_2D_NP_pl 200 1200
N_SIZE = 200, T_SIZE = 1200
Serial Loops: a(T+1, J, I) = 0.125 * (a(T, J+1, I) - 2.0 * a(T, J, I) + a(T, J-1, I)) + 0.125 * (a(T, J, I+1) - 2.0 * a(T, J, I) + a(T, J, I-1)) + a(T, J, I)
Naive Loop: consumed time :127.875ms
+ (( size += 200 ))
+ (( size <= 3200 ))
+ echo 'heat_2D_NP_parallel_loop 400 1200'
heat_2D_NP_parallel_loop 400 1200
+ ./heat_2D_NP_pl 400 1200
N_SIZE = 400, T_SIZE = 1200
Serial Loops: a(T+1, J, I) = 0.125 * (a(T, J+1, I) - 2.0 * a(T, J, I) + a(T, J-1, I)) + 0.125 * (a(T, J, I+1) - 2.0 * a(T, J, I) + a(T, J, I-1)) + a(T, J, I)
Naive Loop: consumed time :359.744ms
+ (( size += 200 ))
+ (( size <= 3200 ))
+ echo 'heat_2D_NP_parallel_loop 600 1200'
heat_2D_NP_parallel_loop 600 1200
+ ./heat_2D_NP_pl 600 1200
N_SIZE = 600, T_SIZE = 1200
Serial Loops: a(T+1, J, I) = 0.125 * (a(T, J+1, I) - 2.0 * a(T, J, I) + a(T, J-1, I)) + 0.125 * (a(T, J, I+1) - 2.0 * a(T, J, I) + a(T, J, I-1)) + a(T, J, I)
Naive Loop: consumed time :564.366ms
+ (( size += 200 ))
+ (( size <= 3200 ))
+ echo 'heat_2D_NP_parallel_loop 800 1200'
heat_2D_NP_parallel_loop 800 1200
+ ./heat_2D_NP_pl 800 1200
N_SIZE = 800, T_SIZE = 1200
Serial Loops: a(T+1, J, I) = 0.125 * (a(T, J+1, I) - 2.0 * a(T, J, I) + a(T, J-1, I)) + 0.125 * (a(T, J, I+1) - 2.0 * a(T, J, I) + a(T, J, I-1)) + a(T, J, I)
Naive Loop: consumed time :996.638ms
+ (( size += 200 ))
+ (( size <= 3200 ))
+ echo 'heat_2D_NP_parallel_loop 1000 1200'
heat_2D_NP_parallel_loop 1000 1200
+ ./heat_2D_NP_pl 1000 1200
N_SIZE = 1000, T_SIZE = 1200
Serial Loops: a(T+1, J, I) = 0.125 * (a(T, J+1, I) - 2.0 * a(T, J, I) + a(T, J-1, I)) + 0.125 * (a(T, J, I+1) - 2.0 * a(T, J, I) + a(T, J, I-1)) + a(T, J, I)
Naive Loop: consumed time :1596.04ms
+ (( size += 200 ))
+ (( size <= 3200 ))
+ echo 'heat_2D_NP_parallel_loop 1200 1200'
heat_2D_NP_parallel_loop 1200 1200
+ ./heat_2D_NP_pl 1200 1200
N_SIZE = 1200, T_SIZE = 1200
Serial Loops: a(T+1, J, I) = 0.125 * (a(T, J+1, I) - 2.0 * a(T, J, I) + a(T, J-1, I)) + 0.125 * (a(T, J, I+1) - 2.0 * a(T, J, I) + a(T, J, I-1)) + a(T, J, I)
Naive Loop: consumed time :2313.16ms
+ (( size += 200 ))
+ (( size <= 3200 ))
+ echo 'heat_2D_NP_parallel_loop 1400 1200'
heat_2D_NP_parallel_loop 1400 1200
+ ./heat_2D_NP_pl 1400 1200
N_SIZE = 1400, T_SIZE = 1200
Serial Loops: a(T+1, J, I) = 0.125 * (a(T, J+1, I) - 2.0 * a(T, J, I) + a(T, J-1, I)) + 0.125 * (a(T, J, I+1) - 2.0 * a(T, J, I) + a(T, J, I-1)) + a(T, J, I)
Naive Loop: consumed time :3210.39ms
+ (( size += 200 ))
+ (( size <= 3200 ))
+ echo 'heat_2D_NP_parallel_loop 1600 1200'
heat_2D_NP_parallel_loop 1600 1200
+ ./heat_2D_NP_pl 1600 1200
N_SIZE = 1600, T_SIZE = 1200
Serial Loops: a(T+1, J, I) = 0.125 * (a(T, J+1, I) - 2.0 * a(T, J, I) + a(T, J-1, I)) + 0.125 * (a(T, J, I+1) - 2.0 * a(T, J, I) + a(T, J, I-1)) + a(T, J, I)
Naive Loop: consumed time :4187.84ms
+ (( size += 200 ))
+ (( size <= 3200 ))
+ echo 'heat_2D_NP_parallel_loop 1800 1200'
heat_2D_NP_parallel_loop 1800 1200
+ ./heat_2D_NP_pl 1800 1200
N_SIZE = 1800, T_SIZE = 1200
Serial Loops: a(T+1, J, I) = 0.125 * (a(T, J+1, I) - 2.0 * a(T, J, I) + a(T, J-1, I)) + 0.125 * (a(T, J, I+1) - 2.0 * a(T, J, I) + a(T, J, I-1)) + a(T, J, I)
Naive Loop: consumed time :5091.59ms
+ (( size += 200 ))
+ (( size <= 3200 ))
+ echo 'heat_2D_NP_parallel_loop 2000 1200'
heat_2D_NP_parallel_loop 2000 1200
+ ./heat_2D_NP_pl 2000 1200
N_SIZE = 2000, T_SIZE = 1200
Serial Loops: a(T+1, J, I) = 0.125 * (a(T, J+1, I) - 2.0 * a(T, J, I) + a(T, J-1, I)) + 0.125 * (a(T, J, I+1) - 2.0 * a(T, J, I) + a(T, J, I-1)) + a(T, J, I)
Naive Loop: consumed time :6259.32ms
+ (( size += 200 ))
+ (( size <= 3200 ))
+ echo 'heat_2D_NP_parallel_loop 2200 1200'
heat_2D_NP_parallel_loop 2200 1200
+ ./heat_2D_NP_pl 2200 1200
N_SIZE = 2200, T_SIZE = 1200
Serial Loops: a(T+1, J, I) = 0.125 * (a(T, J+1, I) - 2.0 * a(T, J, I) + a(T, J-1, I)) + 0.125 * (a(T, J, I+1) - 2.0 * a(T, J, I) + a(T, J, I-1)) + a(T, J, I)
Naive Loop: consumed time :7521.12ms
+ (( size += 200 ))
+ (( size <= 3200 ))
+ echo 'heat_2D_NP_parallel_loop 2400 1200'
heat_2D_NP_parallel_loop 2400 1200
+ ./heat_2D_NP_pl 2400 1200
N_SIZE = 2400, T_SIZE = 1200
Serial Loops: a(T+1, J, I) = 0.125 * (a(T, J+1, I) - 2.0 * a(T, J, I) + a(T, J-1, I)) + 0.125 * (a(T, J, I+1) - 2.0 * a(T, J, I) + a(T, J, I-1)) + a(T, J, I)
Naive Loop: consumed time :9003.97ms
+ (( size += 200 ))
+ (( size <= 3200 ))
+ echo 'heat_2D_NP_parallel_loop 2600 1200'
heat_2D_NP_parallel_loop 2600 1200
+ ./heat_2D_NP_pl 2600 1200
N_SIZE = 2600, T_SIZE = 1200
Serial Loops: a(T+1, J, I) = 0.125 * (a(T, J+1, I) - 2.0 * a(T, J, I) + a(T, J-1, I)) + 0.125 * (a(T, J, I+1) - 2.0 * a(T, J, I) + a(T, J, I-1)) + a(T, J, I)
Naive Loop: consumed time :10553.1ms
+ (( size += 200 ))
+ (( size <= 3200 ))
+ echo 'heat_2D_NP_parallel_loop 2800 1200'
heat_2D_NP_parallel_loop 2800 1200
+ ./heat_2D_NP_pl 2800 1200
N_SIZE = 2800, T_SIZE = 1200
Serial Loops: a(T+1, J, I) = 0.125 * (a(T, J+1, I) - 2.0 * a(T, J, I) + a(T, J-1, I)) + 0.125 * (a(T, J, I+1) - 2.0 * a(T, J, I) + a(T, J, I-1)) + a(T, J, I)
Naive Loop: consumed time :12004.3ms
+ (( size += 200 ))
+ (( size <= 3200 ))
+ echo 'heat_2D_NP_parallel_loop 3000 1200'
heat_2D_NP_parallel_loop 3000 1200
+ ./heat_2D_NP_pl 3000 1200
N_SIZE = 3000, T_SIZE = 1200
Serial Loops: a(T+1, J, I) = 0.125 * (a(T, J+1, I) - 2.0 * a(T, J, I) + a(T, J-1, I)) + 0.125 * (a(T, J, I+1) - 2.0 * a(T, J, I) + a(T, J, I-1)) + a(T, J, I)
Naive Loop: consumed time :13733.7ms
+ (( size += 200 ))
+ (( size <= 3200 ))
+ echo 'heat_2D_NP_parallel_loop 3200 1200'
heat_2D_NP_parallel_loop 3200 1200
+ ./heat_2D_NP_pl 3200 1200
N_SIZE = 3200, T_SIZE = 1200
Serial Loops: a(T+1, J, I) = 0.125 * (a(T, J+1, I) - 2.0 * a(T, J, I) + a(T, J-1, I)) + 0.125 * (a(T, J, I+1) - 2.0 * a(T, J, I) + a(T, J, I-1)) + a(T, J, I)
Naive Loop: consumed time :15495.5ms
+ (( size += 200 ))
+ (( size <= 3200 ))
+ (( step += 200 ))
+ (( step <= 3200 ))
+ (( size = 200 ))
+ (( size <= 3200 ))
+ echo 'heat_2D_NP_parallel_loop 200 1400'
heat_2D_NP_parallel_loop 200 1400
+ ./heat_2D_NP_pl 200 1400
N_SIZE = 200, T_SIZE = 1400
Serial Loops: a(T+1, J, I) = 0.125 * (a(T, J+1, I) - 2.0 * a(T, J, I) + a(T, J-1, I)) + 0.125 * (a(T, J, I+1) - 2.0 * a(T, J, I) + a(T, J, I-1)) + a(T, J, I)
Naive Loop: consumed time :165.449ms
+ (( size += 200 ))
+ (( size <= 3200 ))
+ echo 'heat_2D_NP_parallel_loop 400 1400'
heat_2D_NP_parallel_loop 400 1400
+ ./heat_2D_NP_pl 400 1400
N_SIZE = 400, T_SIZE = 1400
Serial Loops: a(T+1, J, I) = 0.125 * (a(T, J+1, I) - 2.0 * a(T, J, I) + a(T, J-1, I)) + 0.125 * (a(T, J, I+1) - 2.0 * a(T, J, I) + a(T, J, I-1)) + a(T, J, I)
Naive Loop: consumed time :342.787ms
+ (( size += 200 ))
+ (( size <= 3200 ))
+ echo 'heat_2D_NP_parallel_loop 600 1400'
heat_2D_NP_parallel_loop 600 1400
+ ./heat_2D_NP_pl 600 1400
N_SIZE = 600, T_SIZE = 1400
Serial Loops: a(T+1, J, I) = 0.125 * (a(T, J+1, I) - 2.0 * a(T, J, I) + a(T, J-1, I)) + 0.125 * (a(T, J, I+1) - 2.0 * a(T, J, I) + a(T, J, I-1)) + a(T, J, I)
Naive Loop: consumed time :752.287ms
+ (( size += 200 ))
+ (( size <= 3200 ))
+ echo 'heat_2D_NP_parallel_loop 800 1400'
heat_2D_NP_parallel_loop 800 1400
+ ./heat_2D_NP_pl 800 1400
N_SIZE = 800, T_SIZE = 1400
Serial Loops: a(T+1, J, I) = 0.125 * (a(T, J+1, I) - 2.0 * a(T, J, I) + a(T, J-1, I)) + 0.125 * (a(T, J, I+1) - 2.0 * a(T, J, I) + a(T, J, I-1)) + a(T, J, I)
Naive Loop: consumed time :1136.28ms
+ (( size += 200 ))
+ (( size <= 3200 ))
+ echo 'heat_2D_NP_parallel_loop 1000 1400'
heat_2D_NP_parallel_loop 1000 1400
+ ./heat_2D_NP_pl 1000 1400
N_SIZE = 1000, T_SIZE = 1400
Serial Loops: a(T+1, J, I) = 0.125 * (a(T, J+1, I) - 2.0 * a(T, J, I) + a(T, J-1, I)) + 0.125 * (a(T, J, I+1) - 2.0 * a(T, J, I) + a(T, J, I-1)) + a(T, J, I)
Naive Loop: consumed time :1903.28ms
+ (( size += 200 ))
+ (( size <= 3200 ))
+ echo 'heat_2D_NP_parallel_loop 1200 1400'
heat_2D_NP_parallel_loop 1200 1400
+ ./heat_2D_NP_pl 1200 1400
N_SIZE = 1200, T_SIZE = 1400
Serial Loops: a(T+1, J, I) = 0.125 * (a(T, J+1, I) - 2.0 * a(T, J, I) + a(T, J-1, I)) + 0.125 * (a(T, J, I+1) - 2.0 * a(T, J, I) + a(T, J, I-1)) + a(T, J, I)
Naive Loop: consumed time :2825.14ms
+ (( size += 200 ))
+ (( size <= 3200 ))
+ echo 'heat_2D_NP_parallel_loop 1400 1400'
heat_2D_NP_parallel_loop 1400 1400
+ ./heat_2D_NP_pl 1400 1400
N_SIZE = 1400, T_SIZE = 1400
Serial Loops: a(T+1, J, I) = 0.125 * (a(T, J+1, I) - 2.0 * a(T, J, I) + a(T, J-1, I)) + 0.125 * (a(T, J, I+1) - 2.0 * a(T, J, I) + a(T, J, I-1)) + a(T, J, I)
Naive Loop: consumed time :3760.44ms
+ (( size += 200 ))
+ (( size <= 3200 ))
+ echo 'heat_2D_NP_parallel_loop 1600 1400'
heat_2D_NP_parallel_loop 1600 1400
+ ./heat_2D_NP_pl 1600 1400
N_SIZE = 1600, T_SIZE = 1400
Serial Loops: a(T+1, J, I) = 0.125 * (a(T, J+1, I) - 2.0 * a(T, J, I) + a(T, J-1, I)) + 0.125 * (a(T, J, I+1) - 2.0 * a(T, J, I) + a(T, J, I-1)) + a(T, J, I)
Naive Loop: consumed time :4935.05ms
+ (( size += 200 ))
+ (( size <= 3200 ))
+ echo 'heat_2D_NP_parallel_loop 1800 1400'
heat_2D_NP_parallel_loop 1800 1400
+ ./heat_2D_NP_pl 1800 1400
N_SIZE = 1800, T_SIZE = 1400
Serial Loops: a(T+1, J, I) = 0.125 * (a(T, J+1, I) - 2.0 * a(T, J, I) + a(T, J-1, I)) + 0.125 * (a(T, J, I+1) - 2.0 * a(T, J, I) + a(T, J, I-1)) + a(T, J, I)
Naive Loop: consumed time :5912.24ms
+ (( size += 200 ))
+ (( size <= 3200 ))
+ echo 'heat_2D_NP_parallel_loop 2000 1400'
heat_2D_NP_parallel_loop 2000 1400
+ ./heat_2D_NP_pl 2000 1400
N_SIZE = 2000, T_SIZE = 1400
Serial Loops: a(T+1, J, I) = 0.125 * (a(T, J+1, I) - 2.0 * a(T, J, I) + a(T, J-1, I)) + 0.125 * (a(T, J, I+1) - 2.0 * a(T, J, I) + a(T, J, I-1)) + a(T, J, I)
Naive Loop: consumed time :7368.01ms
+ (( size += 200 ))
+ (( size <= 3200 ))
+ echo 'heat_2D_NP_parallel_loop 2200 1400'
heat_2D_NP_parallel_loop 2200 1400
+ ./heat_2D_NP_pl 2200 1400
N_SIZE = 2200, T_SIZE = 1400
Serial Loops: a(T+1, J, I) = 0.125 * (a(T, J+1, I) - 2.0 * a(T, J, I) + a(T, J-1, I)) + 0.125 * (a(T, J, I+1) - 2.0 * a(T, J, I) + a(T, J, I-1)) + a(T, J, I)
Naive Loop: consumed time :8900.54ms
+ (( size += 200 ))
+ (( size <= 3200 ))
+ echo 'heat_2D_NP_parallel_loop 2400 1400'
heat_2D_NP_parallel_loop 2400 1400
+ ./heat_2D_NP_pl 2400 1400
N_SIZE = 2400, T_SIZE = 1400
Serial Loops: a(T+1, J, I) = 0.125 * (a(T, J+1, I) - 2.0 * a(T, J, I) + a(T, J-1, I)) + 0.125 * (a(T, J, I+1) - 2.0 * a(T, J, I) + a(T, J, I-1)) + a(T, J, I)
Naive Loop: consumed time :10389.5ms
+ (( size += 200 ))
+ (( size <= 3200 ))
+ echo 'heat_2D_NP_parallel_loop 2600 1400'
heat_2D_NP_parallel_loop 2600 1400
+ ./heat_2D_NP_pl 2600 1400
N_SIZE = 2600, T_SIZE = 1400
Serial Loops: a(T+1, J, I) = 0.125 * (a(T, J+1, I) - 2.0 * a(T, J, I) + a(T, J-1, I)) + 0.125 * (a(T, J, I+1) - 2.0 * a(T, J, I) + a(T, J, I-1)) + a(T, J, I)
Naive Loop: consumed time :12255.8ms
+ (( size += 200 ))
+ (( size <= 3200 ))
+ echo 'heat_2D_NP_parallel_loop 2800 1400'
heat_2D_NP_parallel_loop 2800 1400
+ ./heat_2D_NP_pl 2800 1400
N_SIZE = 2800, T_SIZE = 1400
Serial Loops: a(T+1, J, I) = 0.125 * (a(T, J+1, I) - 2.0 * a(T, J, I) + a(T, J-1, I)) + 0.125 * (a(T, J, I+1) - 2.0 * a(T, J, I) + a(T, J, I-1)) + a(T, J, I)
Naive Loop: consumed time :13940.3ms
+ (( size += 200 ))
+ (( size <= 3200 ))
+ echo 'heat_2D_NP_parallel_loop 3000 1400'
heat_2D_NP_parallel_loop 3000 1400
+ ./heat_2D_NP_pl 3000 1400
N_SIZE = 3000, T_SIZE = 1400
Serial Loops: a(T+1, J, I) = 0.125 * (a(T, J+1, I) - 2.0 * a(T, J, I) + a(T, J-1, I)) + 0.125 * (a(T, J, I+1) - 2.0 * a(T, J, I) + a(T, J, I-1)) + a(T, J, I)
Naive Loop: consumed time :15907.3ms
+ (( size += 200 ))
+ (( size <= 3200 ))
+ echo 'heat_2D_NP_parallel_loop 3200 1400'
heat_2D_NP_parallel_loop 3200 1400
+ ./heat_2D_NP_pl 3200 1400
N_SIZE = 3200, T_SIZE = 1400
Serial Loops: a(T+1, J, I) = 0.125 * (a(T, J+1, I) - 2.0 * a(T, J, I) + a(T, J-1, I)) + 0.125 * (a(T, J, I+1) - 2.0 * a(T, J, I) + a(T, J, I-1)) + a(T, J, I)
Naive Loop: consumed time :18037.5ms
+ (( size += 200 ))
+ (( size <= 3200 ))
+ (( step += 200 ))
+ (( step <= 3200 ))
+ (( size = 200 ))
+ (( size <= 3200 ))
+ echo 'heat_2D_NP_parallel_loop 200 1600'
heat_2D_NP_parallel_loop 200 1600
+ ./heat_2D_NP_pl 200 1600
N_SIZE = 200, T_SIZE = 1600
Serial Loops: a(T+1, J, I) = 0.125 * (a(T, J+1, I) - 2.0 * a(T, J, I) + a(T, J-1, I)) + 0.125 * (a(T, J, I+1) - 2.0 * a(T, J, I) + a(T, J, I-1)) + a(T, J, I)
Naive Loop: consumed time :165.997ms
+ (( size += 200 ))
+ (( size <= 3200 ))
+ echo 'heat_2D_NP_parallel_loop 400 1600'
heat_2D_NP_parallel_loop 400 1600
+ ./heat_2D_NP_pl 400 1600
N_SIZE = 400, T_SIZE = 1600
Serial Loops: a(T+1, J, I) = 0.125 * (a(T, J+1, I) - 2.0 * a(T, J, I) + a(T, J-1, I)) + 0.125 * (a(T, J, I+1) - 2.0 * a(T, J, I) + a(T, J, I-1)) + a(T, J, I)
Naive Loop: consumed time :393.043ms
+ (( size += 200 ))
+ (( size <= 3200 ))
+ echo 'heat_2D_NP_parallel_loop 600 1600'
heat_2D_NP_parallel_loop 600 1600
+ ./heat_2D_NP_pl 600 1600
N_SIZE = 600, T_SIZE = 1600
Serial Loops: a(T+1, J, I) = 0.125 * (a(T, J+1, I) - 2.0 * a(T, J, I) + a(T, J-1, I)) + 0.125 * (a(T, J, I+1) - 2.0 * a(T, J, I) + a(T, J, I-1)) + a(T, J, I)
Naive Loop: consumed time :767.008ms
+ (( size += 200 ))
+ (( size <= 3200 ))
+ echo 'heat_2D_NP_parallel_loop 800 1600'
heat_2D_NP_parallel_loop 800 1600
+ ./heat_2D_NP_pl 800 1600
N_SIZE = 800, T_SIZE = 1600
Serial Loops: a(T+1, J, I) = 0.125 * (a(T, J+1, I) - 2.0 * a(T, J, I) + a(T, J-1, I)) + 0.125 * (a(T, J, I+1) - 2.0 * a(T, J, I) + a(T, J, I-1)) + a(T, J, I)
Naive Loop: consumed time :1421.68ms
+ (( size += 200 ))
+ (( size <= 3200 ))
+ echo 'heat_2D_NP_parallel_loop 1000 1600'
heat_2D_NP_parallel_loop 1000 1600
+ ./heat_2D_NP_pl 1000 1600
N_SIZE = 1000, T_SIZE = 1600
Serial Loops: a(T+1, J, I) = 0.125 * (a(T, J+1, I) - 2.0 * a(T, J, I) + a(T, J-1, I)) + 0.125 * (a(T, J, I+1) - 2.0 * a(T, J, I) + a(T, J, I-1)) + a(T, J, I)
Naive Loop: consumed time :2276.97ms
+ (( size += 200 ))
+ (( size <= 3200 ))
+ echo 'heat_2D_NP_parallel_loop 1200 1600'
heat_2D_NP_parallel_loop 1200 1600
+ ./heat_2D_NP_pl 1200 1600
N_SIZE = 1200, T_SIZE = 1600
Serial Loops: a(T+1, J, I) = 0.125 * (a(T, J+1, I) - 2.0 * a(T, J, I) + a(T, J-1, I)) + 0.125 * (a(T, J, I+1) - 2.0 * a(T, J, I) + a(T, J, I-1)) + a(T, J, I)
Naive Loop: consumed time :3149.31ms
+ (( size += 200 ))
+ (( size <= 3200 ))
+ echo 'heat_2D_NP_parallel_loop 1400 1600'
heat_2D_NP_parallel_loop 1400 1600
+ ./heat_2D_NP_pl 1400 1600
N_SIZE = 1400, T_SIZE = 1600
Serial Loops: a(T+1, J, I) = 0.125 * (a(T, J+1, I) - 2.0 * a(T, J, I) + a(T, J-1, I)) + 0.125 * (a(T, J, I+1) - 2.0 * a(T, J, I) + a(T, J, I-1)) + a(T, J, I)
Naive Loop: consumed time :4329.31ms
+ (( size += 200 ))
+ (( size <= 3200 ))
+ echo 'heat_2D_NP_parallel_loop 1600 1600'
heat_2D_NP_parallel_loop 1600 1600
+ ./heat_2D_NP_pl 1600 1600
N_SIZE = 1600, T_SIZE = 1600
Serial Loops: a(T+1, J, I) = 0.125 * (a(T, J+1, I) - 2.0 * a(T, J, I) + a(T, J-1, I)) + 0.125 * (a(T, J, I+1) - 2.0 * a(T, J, I) + a(T, J, I-1)) + a(T, J, I)
Naive Loop: consumed time :5663.33ms
+ (( size += 200 ))
+ (( size <= 3200 ))
+ echo 'heat_2D_NP_parallel_loop 1800 1600'
heat_2D_NP_parallel_loop 1800 1600
+ ./heat_2D_NP_pl 1800 1600
N_SIZE = 1800, T_SIZE = 1600
Serial Loops: a(T+1, J, I) = 0.125 * (a(T, J+1, I) - 2.0 * a(T, J, I) + a(T, J-1, I)) + 0.125 * (a(T, J, I+1) - 2.0 * a(T, J, I) + a(T, J, I-1)) + a(T, J, I)
Naive Loop: consumed time :6751.19ms
+ (( size += 200 ))
+ (( size <= 3200 ))
+ echo 'heat_2D_NP_parallel_loop 2000 1600'
heat_2D_NP_parallel_loop 2000 1600
+ ./heat_2D_NP_pl 2000 1600
N_SIZE = 2000, T_SIZE = 1600
Serial Loops: a(T+1, J, I) = 0.125 * (a(T, J+1, I) - 2.0 * a(T, J, I) + a(T, J-1, I)) + 0.125 * (a(T, J, I+1) - 2.0 * a(T, J, I) + a(T, J, I-1)) + a(T, J, I)
Naive Loop: consumed time :8426.87ms
+ (( size += 200 ))
+ (( size <= 3200 ))
+ echo 'heat_2D_NP_parallel_loop 2200 1600'
heat_2D_NP_parallel_loop 2200 1600
+ ./heat_2D_NP_pl 2200 1600
N_SIZE = 2200, T_SIZE = 1600
Serial Loops: a(T+1, J, I) = 0.125 * (a(T, J+1, I) - 2.0 * a(T, J, I) + a(T, J-1, I)) + 0.125 * (a(T, J, I+1) - 2.0 * a(T, J, I) + a(T, J, I-1)) + a(T, J, I)
Naive Loop: consumed time :10258.7ms
+ (( size += 200 ))
+ (( size <= 3200 ))
+ echo 'heat_2D_NP_parallel_loop 2400 1600'
heat_2D_NP_parallel_loop 2400 1600
+ ./heat_2D_NP_pl 2400 1600
N_SIZE = 2400, T_SIZE = 1600
Serial Loops: a(T+1, J, I) = 0.125 * (a(T, J+1, I) - 2.0 * a(T, J, I) + a(T, J-1, I)) + 0.125 * (a(T, J, I+1) - 2.0 * a(T, J, I) + a(T, J, I-1)) + a(T, J, I)
Naive Loop: consumed time :12068.3ms
+ (( size += 200 ))
+ (( size <= 3200 ))
+ echo 'heat_2D_NP_parallel_loop 2600 1600'
heat_2D_NP_parallel_loop 2600 1600
+ ./heat_2D_NP_pl 2600 1600
N_SIZE = 2600, T_SIZE = 1600
Serial Loops: a(T+1, J, I) = 0.125 * (a(T, J+1, I) - 2.0 * a(T, J, I) + a(T, J-1, I)) + 0.125 * (a(T, J, I+1) - 2.0 * a(T, J, I) + a(T, J, I-1)) + a(T, J, I)
Naive Loop: consumed time :14011.1ms
+ (( size += 200 ))
+ (( size <= 3200 ))
+ echo 'heat_2D_NP_parallel_loop 2800 1600'
heat_2D_NP_parallel_loop 2800 1600
+ ./heat_2D_NP_pl 2800 1600
N_SIZE = 2800, T_SIZE = 1600
Serial Loops: a(T+1, J, I) = 0.125 * (a(T, J+1, I) - 2.0 * a(T, J, I) + a(T, J-1, I)) + 0.125 * (a(T, J, I+1) - 2.0 * a(T, J, I) + a(T, J, I-1)) + a(T, J, I)
Naive Loop: consumed time :16192.9ms
+ (( size += 200 ))
+ (( size <= 3200 ))
+ echo 'heat_2D_NP_parallel_loop 3000 1600'
heat_2D_NP_parallel_loop 3000 1600
+ ./heat_2D_NP_pl 3000 1600
N_SIZE = 3000, T_SIZE = 1600
Serial Loops: a(T+1, J, I) = 0.125 * (a(T, J+1, I) - 2.0 * a(T, J, I) + a(T, J-1, I)) + 0.125 * (a(T, J, I+1) - 2.0 * a(T, J, I) + a(T, J, I-1)) + a(T, J, I)
Naive Loop: consumed time :18415.3ms
+ (( size += 200 ))
+ (( size <= 3200 ))
+ echo 'heat_2D_NP_parallel_loop 3200 1600'
heat_2D_NP_parallel_loop 3200 1600
+ ./heat_2D_NP_pl 3200 1600
N_SIZE = 3200, T_SIZE = 1600
Serial Loops: a(T+1, J, I) = 0.125 * (a(T, J+1, I) - 2.0 * a(T, J, I) + a(T, J-1, I)) + 0.125 * (a(T, J, I+1) - 2.0 * a(T, J, I) + a(T, J, I-1)) + a(T, J, I)
Naive Loop: consumed time :20683.7ms
+ (( size += 200 ))
+ (( size <= 3200 ))
+ (( step += 200 ))
+ (( step <= 3200 ))
+ (( size = 200 ))
+ (( size <= 3200 ))
+ echo 'heat_2D_NP_parallel_loop 200 1800'
heat_2D_NP_parallel_loop 200 1800
+ ./heat_2D_NP_pl 200 1800
N_SIZE = 200, T_SIZE = 1800
Serial Loops: a(T+1, J, I) = 0.125 * (a(T, J+1, I) - 2.0 * a(T, J, I) + a(T, J-1, I)) + 0.125 * (a(T, J, I+1) - 2.0 * a(T, J, I) + a(T, J, I-1)) + a(T, J, I)
Naive Loop: consumed time :187.057ms
+ (( size += 200 ))
+ (( size <= 3200 ))
+ echo 'heat_2D_NP_parallel_loop 400 1800'
heat_2D_NP_parallel_loop 400 1800
+ ./heat_2D_NP_pl 400 1800
N_SIZE = 400, T_SIZE = 1800
Serial Loops: a(T+1, J, I) = 0.125 * (a(T, J+1, I) - 2.0 * a(T, J, I) + a(T, J-1, I)) + 0.125 * (a(T, J, I+1) - 2.0 * a(T, J, I) + a(T, J, I-1)) + a(T, J, I)
Naive Loop: consumed time :506.47ms
+ (( size += 200 ))
+ (( size <= 3200 ))
+ echo 'heat_2D_NP_parallel_loop 600 1800'
heat_2D_NP_parallel_loop 600 1800
+ ./heat_2D_NP_pl 600 1800
N_SIZE = 600, T_SIZE = 1800
Serial Loops: a(T+1, J, I) = 0.125 * (a(T, J+1, I) - 2.0 * a(T, J, I) + a(T, J-1, I)) + 0.125 * (a(T, J, I+1) - 2.0 * a(T, J, I) + a(T, J, I-1)) + a(T, J, I)
Naive Loop: consumed time :860.653ms
+ (( size += 200 ))
+ (( size <= 3200 ))
+ echo 'heat_2D_NP_parallel_loop 800 1800'
heat_2D_NP_parallel_loop 800 1800
+ ./heat_2D_NP_pl 800 1800
N_SIZE = 800, T_SIZE = 1800
Serial Loops: a(T+1, J, I) = 0.125 * (a(T, J+1, I) - 2.0 * a(T, J, I) + a(T, J-1, I)) + 0.125 * (a(T, J, I+1) - 2.0 * a(T, J, I) + a(T, J, I-1)) + a(T, J, I)
Naive Loop: consumed time :1717.32ms
+ (( size += 200 ))
+ (( size <= 3200 ))
+ echo 'heat_2D_NP_parallel_loop 1000 1800'
heat_2D_NP_parallel_loop 1000 1800
+ ./heat_2D_NP_pl 1000 1800
N_SIZE = 1000, T_SIZE = 1800
Serial Loops: a(T+1, J, I) = 0.125 * (a(T, J+1, I) - 2.0 * a(T, J, I) + a(T, J-1, I)) + 0.125 * (a(T, J, I+1) - 2.0 * a(T, J, I) + a(T, J, I-1)) + a(T, J, I)
Naive Loop: consumed time :2416.91ms
+ (( size += 200 ))
+ (( size <= 3200 ))
+ echo 'heat_2D_NP_parallel_loop 1200 1800'
heat_2D_NP_parallel_loop 1200 1800
+ ./heat_2D_NP_pl 1200 1800
N_SIZE = 1200, T_SIZE = 1800
Serial Loops: a(T+1, J, I) = 0.125 * (a(T, J+1, I) - 2.0 * a(T, J, I) + a(T, J-1, I)) + 0.125 * (a(T, J, I+1) - 2.0 * a(T, J, I) + a(T, J, I-1)) + a(T, J, I)
Naive Loop: consumed time :3420.73ms
+ (( size += 200 ))
+ (( size <= 3200 ))
+ echo 'heat_2D_NP_parallel_loop 1400 1800'
heat_2D_NP_parallel_loop 1400 1800
+ ./heat_2D_NP_pl 1400 1800
N_SIZE = 1400, T_SIZE = 1800
Serial Loops: a(T+1, J, I) = 0.125 * (a(T, J+1, I) - 2.0 * a(T, J, I) + a(T, J-1, I)) + 0.125 * (a(T, J, I+1) - 2.0 * a(T, J, I) + a(T, J, I-1)) + a(T, J, I)
Naive Loop: consumed time :4848.78ms
+ (( size += 200 ))
+ (( size <= 3200 ))
+ echo 'heat_2D_NP_parallel_loop 1600 1800'
heat_2D_NP_parallel_loop 1600 1800
+ ./heat_2D_NP_pl 1600 1800
N_SIZE = 1600, T_SIZE = 1800
Serial Loops: a(T+1, J, I) = 0.125 * (a(T, J+1, I) - 2.0 * a(T, J, I) + a(T, J-1, I)) + 0.125 * (a(T, J, I+1) - 2.0 * a(T, J, I) + a(T, J, I-1)) + a(T, J, I)
Naive Loop: consumed time :6387.93ms
+ (( size += 200 ))
+ (( size <= 3200 ))
+ echo 'heat_2D_NP_parallel_loop 1800 1800'
heat_2D_NP_parallel_loop 1800 1800
+ ./heat_2D_NP_pl 1800 1800
N_SIZE = 1800, T_SIZE = 1800
Serial Loops: a(T+1, J, I) = 0.125 * (a(T, J+1, I) - 2.0 * a(T, J, I) + a(T, J-1, I)) + 0.125 * (a(T, J, I+1) - 2.0 * a(T, J, I) + a(T, J, I-1)) + a(T, J, I)
Naive Loop: consumed time :7574.73ms
+ (( size += 200 ))
+ (( size <= 3200 ))
+ echo 'heat_2D_NP_parallel_loop 2000 1800'
heat_2D_NP_parallel_loop 2000 1800
+ ./heat_2D_NP_pl 2000 1800
N_SIZE = 2000, T_SIZE = 1800
Serial Loops: a(T+1, J, I) = 0.125 * (a(T, J+1, I) - 2.0 * a(T, J, I) + a(T, J-1, I)) + 0.125 * (a(T, J, I+1) - 2.0 * a(T, J, I) + a(T, J, I-1)) + a(T, J, I)
Naive Loop: consumed time :9471.18ms
+ (( size += 200 ))
+ (( size <= 3200 ))
+ echo 'heat_2D_NP_parallel_loop 2200 1800'
heat_2D_NP_parallel_loop 2200 1800
+ ./heat_2D_NP_pl 2200 1800
N_SIZE = 2200, T_SIZE = 1800
Serial Loops: a(T+1, J, I) = 0.125 * (a(T, J+1, I) - 2.0 * a(T, J, I) + a(T, J-1, I)) + 0.125 * (a(T, J, I+1) - 2.0 * a(T, J, I) + a(T, J, I-1)) + a(T, J, I)
Naive Loop: consumed time :11400.8ms
+ (( size += 200 ))
+ (( size <= 3200 ))
+ echo 'heat_2D_NP_parallel_loop 2400 1800'
heat_2D_NP_parallel_loop 2400 1800
+ ./heat_2D_NP_pl 2400 1800
N_SIZE = 2400, T_SIZE = 1800
Serial Loops: a(T+1, J, I) = 0.125 * (a(T, J+1, I) - 2.0 * a(T, J, I) + a(T, J-1, I)) + 0.125 * (a(T, J, I+1) - 2.0 * a(T, J, I) + a(T, J, I-1)) + a(T, J, I)
Naive Loop: consumed time :13442.7ms
+ (( size += 200 ))
+ (( size <= 3200 ))
+ echo 'heat_2D_NP_parallel_loop 2600 1800'
heat_2D_NP_parallel_loop 2600 1800
+ ./heat_2D_NP_pl 2600 1800
N_SIZE = 2600, T_SIZE = 1800
Serial Loops: a(T+1, J, I) = 0.125 * (a(T, J+1, I) - 2.0 * a(T, J, I) + a(T, J-1, I)) + 0.125 * (a(T, J, I+1) - 2.0 * a(T, J, I) + a(T, J, I-1)) + a(T, J, I)
Naive Loop: consumed time :15856.5ms
+ (( size += 200 ))
+ (( size <= 3200 ))
+ echo 'heat_2D_NP_parallel_loop 2800 1800'
heat_2D_NP_parallel_loop 2800 1800
+ ./heat_2D_NP_pl 2800 1800
N_SIZE = 2800, T_SIZE = 1800
Serial Loops: a(T+1, J, I) = 0.125 * (a(T, J+1, I) - 2.0 * a(T, J, I) + a(T, J-1, I)) + 0.125 * (a(T, J, I+1) - 2.0 * a(T, J, I) + a(T, J, I-1)) + a(T, J, I)
Naive Loop: consumed time :18034.8ms
+ (( size += 200 ))
+ (( size <= 3200 ))
+ echo 'heat_2D_NP_parallel_loop 3000 1800'
heat_2D_NP_parallel_loop 3000 1800
+ ./heat_2D_NP_pl 3000 1800
N_SIZE = 3000, T_SIZE = 1800
Serial Loops: a(T+1, J, I) = 0.125 * (a(T, J+1, I) - 2.0 * a(T, J, I) + a(T, J-1, I)) + 0.125 * (a(T, J, I+1) - 2.0 * a(T, J, I) + a(T, J, I-1)) + a(T, J, I)
Naive Loop: consumed time :20597.2ms
+ (( size += 200 ))
+ (( size <= 3200 ))
+ echo 'heat_2D_NP_parallel_loop 3200 1800'
heat_2D_NP_parallel_loop 3200 1800
+ ./heat_2D_NP_pl 3200 1800
N_SIZE = 3200, T_SIZE = 1800
Serial Loops: a(T+1, J, I) = 0.125 * (a(T, J+1, I) - 2.0 * a(T, J, I) + a(T, J-1, I)) + 0.125 * (a(T, J, I+1) - 2.0 * a(T, J, I) + a(T, J, I-1)) + a(T, J, I)
Naive Loop: consumed time :23282.6ms
+ (( size += 200 ))
+ (( size <= 3200 ))
+ (( step += 200 ))
+ (( step <= 3200 ))
+ (( size = 200 ))
+ (( size <= 3200 ))
+ echo 'heat_2D_NP_parallel_loop 200 2000'
heat_2D_NP_parallel_loop 200 2000
+ ./heat_2D_NP_pl 200 2000
N_SIZE = 200, T_SIZE = 2000
Serial Loops: a(T+1, J, I) = 0.125 * (a(T, J+1, I) - 2.0 * a(T, J, I) + a(T, J-1, I)) + 0.125 * (a(T, J, I+1) - 2.0 * a(T, J, I) + a(T, J, I-1)) + a(T, J, I)
Naive Loop: consumed time :208.359ms
+ (( size += 200 ))
+ (( size <= 3200 ))
+ echo 'heat_2D_NP_parallel_loop 400 2000'
heat_2D_NP_parallel_loop 400 2000
+ ./heat_2D_NP_pl 400 2000
N_SIZE = 400, T_SIZE = 2000
Serial Loops: a(T+1, J, I) = 0.125 * (a(T, J+1, I) - 2.0 * a(T, J, I) + a(T, J-1, I)) + 0.125 * (a(T, J, I+1) - 2.0 * a(T, J, I) + a(T, J, I-1)) + a(T, J, I)
Naive Loop: consumed time :489.251ms
+ (( size += 200 ))
+ (( size <= 3200 ))
+ echo 'heat_2D_NP_parallel_loop 600 2000'
heat_2D_NP_parallel_loop 600 2000
+ ./heat_2D_NP_pl 600 2000
N_SIZE = 600, T_SIZE = 2000
Serial Loops: a(T+1, J, I) = 0.125 * (a(T, J+1, I) - 2.0 * a(T, J, I) + a(T, J-1, I)) + 0.125 * (a(T, J, I+1) - 2.0 * a(T, J, I) + a(T, J, I-1)) + a(T, J, I)
Naive Loop: consumed time :1134.95ms
+ (( size += 200 ))
+ (( size <= 3200 ))
+ echo 'heat_2D_NP_parallel_loop 800 2000'
heat_2D_NP_parallel_loop 800 2000
+ ./heat_2D_NP_pl 800 2000
N_SIZE = 800, T_SIZE = 2000
Serial Loops: a(T+1, J, I) = 0.125 * (a(T, J+1, I) - 2.0 * a(T, J, I) + a(T, J-1, I)) + 0.125 * (a(T, J, I+1) - 2.0 * a(T, J, I) + a(T, J, I-1)) + a(T, J, I)
Naive Loop: consumed time :1667.61ms
+ (( size += 200 ))
+ (( size <= 3200 ))
+ echo 'heat_2D_NP_parallel_loop 1000 2000'
heat_2D_NP_parallel_loop 1000 2000
+ ./heat_2D_NP_pl 1000 2000
N_SIZE = 1000, T_SIZE = 2000
Serial Loops: a(T+1, J, I) = 0.125 * (a(T, J+1, I) - 2.0 * a(T, J, I) + a(T, J-1, I)) + 0.125 * (a(T, J, I+1) - 2.0 * a(T, J, I) + a(T, J, I-1)) + a(T, J, I)
Naive Loop: consumed time :2513.79ms
+ (( size += 200 ))
+ (( size <= 3200 ))
+ echo 'heat_2D_NP_parallel_loop 1200 2000'
heat_2D_NP_parallel_loop 1200 2000
+ ./heat_2D_NP_pl 1200 2000
N_SIZE = 1200, T_SIZE = 2000
Serial Loops: a(T+1, J, I) = 0.125 * (a(T, J+1, I) - 2.0 * a(T, J, I) + a(T, J-1, I)) + 0.125 * (a(T, J, I+1) - 2.0 * a(T, J, I) + a(T, J, I-1)) + a(T, J, I)
Naive Loop: consumed time :3885.41ms
+ (( size += 200 ))
+ (( size <= 3200 ))
+ echo 'heat_2D_NP_parallel_loop 1400 2000'
heat_2D_NP_parallel_loop 1400 2000
+ ./heat_2D_NP_pl 1400 2000
N_SIZE = 1400, T_SIZE = 2000
Serial Loops: a(T+1, J, I) = 0.125 * (a(T, J+1, I) - 2.0 * a(T, J, I) + a(T, J-1, I)) + 0.125 * (a(T, J, I+1) - 2.0 * a(T, J, I) + a(T, J, I-1)) + a(T, J, I)
Naive Loop: consumed time :5357.72ms
+ (( size += 200 ))
+ (( size <= 3200 ))
+ echo 'heat_2D_NP_parallel_loop 1600 2000'
heat_2D_NP_parallel_loop 1600 2000
+ ./heat_2D_NP_pl 1600 2000
N_SIZE = 1600, T_SIZE = 2000
Serial Loops: a(T+1, J, I) = 0.125 * (a(T, J+1, I) - 2.0 * a(T, J, I) + a(T, J-1, I)) + 0.125 * (a(T, J, I+1) - 2.0 * a(T, J, I) + a(T, J, I-1)) + a(T, J, I)
Naive Loop: consumed time :7108.55ms
+ (( size += 200 ))
+ (( size <= 3200 ))
+ echo 'heat_2D_NP_parallel_loop 1800 2000'
heat_2D_NP_parallel_loop 1800 2000
+ ./heat_2D_NP_pl 1800 2000
N_SIZE = 1800, T_SIZE = 2000
Serial Loops: a(T+1, J, I) = 0.125 * (a(T, J+1, I) - 2.0 * a(T, J, I) + a(T, J-1, I)) + 0.125 * (a(T, J, I+1) - 2.0 * a(T, J, I) + a(T, J, I-1)) + a(T, J, I)
Naive Loop: consumed time :8459.12ms
+ (( size += 200 ))
+ (( size <= 3200 ))
+ echo 'heat_2D_NP_parallel_loop 2000 2000'
heat_2D_NP_parallel_loop 2000 2000
+ ./heat_2D_NP_pl 2000 2000
N_SIZE = 2000, T_SIZE = 2000
Serial Loops: a(T+1, J, I) = 0.125 * (a(T, J+1, I) - 2.0 * a(T, J, I) + a(T, J-1, I)) + 0.125 * (a(T, J, I+1) - 2.0 * a(T, J, I) + a(T, J, I-1)) + a(T, J, I)
Naive Loop: consumed time :10465.3ms
+ (( size += 200 ))
+ (( size <= 3200 ))
+ echo 'heat_2D_NP_parallel_loop 2200 2000'
heat_2D_NP_parallel_loop 2200 2000
+ ./heat_2D_NP_pl 2200 2000
N_SIZE = 2200, T_SIZE = 2000
Serial Loops: a(T+1, J, I) = 0.125 * (a(T, J+1, I) - 2.0 * a(T, J, I) + a(T, J-1, I)) + 0.125 * (a(T, J, I+1) - 2.0 * a(T, J, I) + a(T, J, I-1)) + a(T, J, I)
Naive Loop: consumed time :12562.1ms
+ (( size += 200 ))
+ (( size <= 3200 ))
+ echo 'heat_2D_NP_parallel_loop 2400 2000'
heat_2D_NP_parallel_loop 2400 2000
+ ./heat_2D_NP_pl 2400 2000
N_SIZE = 2400, T_SIZE = 2000
Serial Loops: a(T+1, J, I) = 0.125 * (a(T, J+1, I) - 2.0 * a(T, J, I) + a(T, J-1, I)) + 0.125 * (a(T, J, I+1) - 2.0 * a(T, J, I) + a(T, J, I-1)) + a(T, J, I)
Naive Loop: consumed time :14996.3ms
+ (( size += 200 ))
+ (( size <= 3200 ))
+ echo 'heat_2D_NP_parallel_loop 2600 2000'
heat_2D_NP_parallel_loop 2600 2000
+ ./heat_2D_NP_pl 2600 2000
N_SIZE = 2600, T_SIZE = 2000
Serial Loops: a(T+1, J, I) = 0.125 * (a(T, J+1, I) - 2.0 * a(T, J, I) + a(T, J-1, I)) + 0.125 * (a(T, J, I+1) - 2.0 * a(T, J, I) + a(T, J, I-1)) + a(T, J, I)
Naive Loop: consumed time :17548.6ms
+ (( size += 200 ))
+ (( size <= 3200 ))
+ echo 'heat_2D_NP_parallel_loop 2800 2000'
heat_2D_NP_parallel_loop 2800 2000
+ ./heat_2D_NP_pl 2800 2000
N_SIZE = 2800, T_SIZE = 2000
Serial Loops: a(T+1, J, I) = 0.125 * (a(T, J+1, I) - 2.0 * a(T, J, I) + a(T, J-1, I)) + 0.125 * (a(T, J, I+1) - 2.0 * a(T, J, I) + a(T, J, I-1)) + a(T, J, I)
Naive Loop: consumed time :20177.7ms
+ (( size += 200 ))
+ (( size <= 3200 ))
+ echo 'heat_2D_NP_parallel_loop 3000 2000'
heat_2D_NP_parallel_loop 3000 2000
+ ./heat_2D_NP_pl 3000 2000
N_SIZE = 3000, T_SIZE = 2000
Serial Loops: a(T+1, J, I) = 0.125 * (a(T, J+1, I) - 2.0 * a(T, J, I) + a(T, J-1, I)) + 0.125 * (a(T, J, I+1) - 2.0 * a(T, J, I) + a(T, J, I-1)) + a(T, J, I)
Naive Loop: consumed time :22980.1ms
+ (( size += 200 ))
+ (( size <= 3200 ))
+ echo 'heat_2D_NP_parallel_loop 3200 2000'
heat_2D_NP_parallel_loop 3200 2000
+ ./heat_2D_NP_pl 3200 2000
N_SIZE = 3200, T_SIZE = 2000
Serial Loops: a(T+1, J, I) = 0.125 * (a(T, J+1, I) - 2.0 * a(T, J, I) + a(T, J-1, I)) + 0.125 * (a(T, J, I+1) - 2.0 * a(T, J, I) + a(T, J, I-1)) + a(T, J, I)
Naive Loop: consumed time :25855.5ms
+ Bookmark 
+ (( size += 200 ))
+ (( size <= 3200 ))
+ (( step += 200 ))
+ (( step <= 3200 ))
+ (( size = 200 ))
+ (( size <= 3200 ))
+ echo 'heat_2D_NP_parallel_loop 200 2200'
heat_2D_NP_parallel_loop 200 2200
+ ./heat_2D_NP_pl 200 2200
N_SIZE = 200, T_SIZE = 2200
Serial Loops: a(T+1, J, I) = 0.125 * (a(T, J+1, I) - 2.0 * a(T, J, I) + a(T, J-1, I)) + 0.125 * (a(T, J, I+1) - 2.0 * a(T, J, I) + a(T, J, I-1)) + a(T, J, I)
Naive Loop: consumed time :233.69ms
+ (( size += 200 ))
+ (( size <= 3200 ))
+ echo 'heat_2D_NP_parallel_loop 400 2200'
heat_2D_NP_parallel_loop 400 2200
+ ./heat_2D_NP_pl 400 2200
N_SIZE = 400, T_SIZE = 2200
Serial Loops: a(T+1, J, I) = 0.125 * (a(T, J+1, I) - 2.0 * a(T, J, I) + a(T, J-1, I)) + 0.125 * (a(T, J, I+1) - 2.0 * a(T, J, I) + a(T, J, I-1)) + a(T, J, I)
Naive Loop: consumed time :669.206ms
+ (( size += 200 ))
+ (( size <= 3200 ))
+ echo 'heat_2D_NP_parallel_loop 600 2200'
heat_2D_NP_parallel_loop 600 2200
+ ./heat_2D_NP_pl 600 2200
N_SIZE = 600, T_SIZE = 2200
Serial Loops: a(T+1, J, I) = 0.125 * (a(T, J+1, I) - 2.0 * a(T, J, I) + a(T, J-1, I)) + 0.125 * (a(T, J, I+1) - 2.0 * a(T, J, I) + a(T, J, I-1)) + a(T, J, I)
Naive Loop: consumed time :1258.88ms
+ (( size += 200 ))
+ (( size <= 3200 ))
+ echo 'heat_2D_NP_parallel_loop 800 2200'
heat_2D_NP_parallel_loop 800 2200
+ ./heat_2D_NP_pl 800 2200
N_SIZE = 800, T_SIZE = 2200
Serial Loops: a(T+1, J, I) = 0.125 * (a(T, J+1, I) - 2.0 * a(T, J, I) + a(T, J-1, I)) + 0.125 * (a(T, J, I+1) - 2.0 * a(T, J, I) + a(T, J, I-1)) + a(T, J, I)
Naive Loop: consumed time :2122.2ms
+ (( size += 200 ))
+ (( size <= 3200 ))
+ echo 'heat_2D_NP_parallel_loop 1000 2200'
heat_2D_NP_parallel_loop 1000 2200
+ ./heat_2D_NP_pl 1000 2200
N_SIZE = 1000, T_SIZE = 2200
Serial Loops: a(T+1, J, I) = 0.125 * (a(T, J+1, I) - 2.0 * a(T, J, I) + a(T, J-1, I)) + 0.125 * (a(T, J, I+1) - 2.0 * a(T, J, I) + a(T, J, I-1)) + a(T, J, I)
Naive Loop: consumed time :2756.69ms
+ (( size += 200 ))
+ (( size <= 3200 ))
+ echo 'heat_2D_NP_parallel_loop 1200 2200'
heat_2D_NP_parallel_loop 1200 2200
+ ./heat_2D_NP_pl 1200 2200
N_SIZE = 1200, T_SIZE = 2200
Serial Loops: a(T+1, J, I) = 0.125 * (a(T, J+1, I) - 2.0 * a(T, J, I) + a(T, J-1, I)) + 0.125 * (a(T, J, I+1) - 2.0 * a(T, J, I) + a(T, J, I-1)) + a(T, J, I)
Naive Loop: consumed time :4391.62ms
+ (( size += 200 ))
+ (( size <= 3200 ))
+ echo 'heat_2D_NP_parallel_loop 1400 2200'
heat_2D_NP_parallel_loop 1400 2200
+ ./heat_2D_NP_pl 1400 2200
N_SIZE = 1400, T_SIZE = 2200
Serial Loops: a(T+1, J, I) = 0.125 * (a(T, J+1, I) - 2.0 * a(T, J, I) + a(T, J-1, I)) + 0.125 * (a(T, J, I+1) - 2.0 * a(T, J, I) + a(T, J, I-1)) + a(T, J, I)
Naive Loop: consumed time :5870.57ms
+ (( size += 200 ))
+ (( size <= 3200 ))
+ echo 'heat_2D_NP_parallel_loop 1600 2200'
heat_2D_NP_parallel_loop 1600 2200
+ ./heat_2D_NP_pl 1600 2200
N_SIZE = 1600, T_SIZE = 2200
Serial Loops: a(T+1, J, I) = 0.125 * (a(T, J+1, I) - 2.0 * a(T, J, I) + a(T, J-1, I)) + 0.125 * (a(T, J, I+1) - 2.0 * a(T, J, I) + a(T, J, I-1)) + a(T, J, I)
Naive Loop: consumed time :7769.35ms
+ (( size += 200 ))
+ (( size <= 3200 ))
+ echo 'heat_2D_NP_parallel_loop 1800 2200'
heat_2D_NP_parallel_loop 1800 2200
+ ./heat_2D_NP_pl 1800 2200
N_SIZE = 1800, T_SIZE = 2200
Serial Loops: a(T+1, J, I) = 0.125 * (a(T, J+1, I) - 2.0 * a(T, J, I) + a(T, J-1, I)) + 0.125 * (a(T, J, I+1) - 2.0 * a(T, J, I) + a(T, J, I-1)) + a(T, J, I)
Naive Loop: consumed time :9171.8ms
+ (( size += 200 ))
+ (( size <= 3200 ))
+ echo 'heat_2D_NP_parallel_loop 2000 2200'
heat_2D_NP_parallel_loop 2000 2200
+ ./heat_2D_NP_pl 2000 2200
N_SIZE = 2000, T_SIZE = 2200
Serial Loops: a(T+1, J, I) = 0.125 * (a(T, J+1, I) - 2.0 * a(T, J, I) + a(T, J-1, I)) + 0.125 * (a(T, J, I+1) - 2.0 * a(T, J, I) + a(T, J, I-1)) + a(T, J, I)
Naive Loop: consumed time :11620.3ms
+ (( size += 200 ))
+ (( size <= 3200 ))
+ echo 'heat_2D_NP_parallel_loop 2200 2200'
heat_2D_NP_parallel_loop 2200 2200
+ ./heat_2D_NP_pl 2200 2200
N_SIZE = 2200, T_SIZE = 2200
Serial Loops: a(T+1, J, I) = 0.125 * (a(T, J+1, I) - 2.0 * a(T, J, I) + a(T, J-1, I)) + 0.125 * (a(T, J, I+1) - 2.0 * a(T, J, I) + a(T, J, I-1)) + a(T, J, I)
Naive Loop: consumed time :13867ms
+ (( size += 200 ))
+ (( size <= 3200 ))
+ echo 'heat_2D_NP_parallel_loop 2400 2200'
heat_2D_NP_parallel_loop 2400 2200
+ ./heat_2D_NP_pl 2400 2200
N_SIZE = 2400, T_SIZE = 2200
Serial Loops: a(T+1, J, I) = 0.125 * (a(T, J+1, I) - 2.0 * a(T, J, I) + a(T, J-1, I)) + 0.125 * (a(T, J, I+1) - 2.0 * a(T, J, I) + a(T, J, I-1)) + a(T, J, I)
Naive Loop: consumed time :16381.2ms
+ (( size += 200 ))
+ (( size <= 3200 ))
+ echo 'heat_2D_NP_parallel_loop 2600 2200'
heat_2D_NP_parallel_loop 2600 2200
+ ./heat_2D_NP_pl 2600 2200
N_SIZE = 2600, T_SIZE = 2200
Serial Loops: a(T+1, J, I) = 0.125 * (a(T, J+1, I) - 2.0 * a(T, J, I) + a(T, J-1, I)) + 0.125 * (a(T, J, I+1) - 2.0 * a(T, J, I) + a(T, J, I-1)) + a(T, J, I)
Naive Loop: consumed time :19255.1ms
+ (( size += 200 ))
+ (( size <= 3200 ))
+ echo 'heat_2D_NP_parallel_loop 2800 2200'
heat_2D_NP_parallel_loop 2800 2200
+ ./heat_2D_NP_pl 2800 2200
N_SIZE = 2800, T_SIZE = 2200
Serial Loops: a(T+1, J, I) = 0.125 * (a(T, J+1, I) - 2.0 * a(T, J, I) + a(T, J-1, I)) + 0.125 * (a(T, J, I+1) - 2.0 * a(T, J, I) + a(T, J, I-1)) + a(T, J, I)
Naive Loop: consumed time :22151.6ms
+ (( size += 200 ))
+ (( size <= 3200 ))
+ echo 'heat_2D_NP_parallel_loop 3000 2200'
heat_2D_NP_parallel_loop 3000 2200
+ ./heat_2D_NP_pl 3000 2200
N_SIZE = 3000, T_SIZE = 2200
Serial Loops: a(T+1, J, I) = 0.125 * (a(T, J+1, I) - 2.0 * a(T, J, I) + a(T, J-1, I)) + 0.125 * (a(T, J, I+1) - 2.0 * a(T, J, I) + a(T, J, I-1)) + a(T, J, I)
Naive Loop: consumed time :25331.6ms
+ (( size += 200 ))
+ (( size <= 3200 ))
+ echo 'heat_2D_NP_parallel_loop 3200 2200'
heat_2D_NP_parallel_loop 3200 2200
+ ./heat_2D_NP_pl 3200 2200
N_SIZE = 3200, T_SIZE = 2200
Serial Loops: a(T+1, J, I) = 0.125 * (a(T, J+1, I) - 2.0 * a(T, J, I) + a(T, J-1, I)) + 0.125 * (a(T, J, I+1) - 2.0 * a(T, J, I) + a(T, J, I-1)) + a(T, J, I)
Naive Loop: consumed time :28171.1ms
+ (( size += 200 ))
+ (( size <= 3200 ))
+ (( step += 200 ))
+ (( step <= 3200 ))
+ (( size = 200 ))
+ (( size <= 3200 ))
+ echo 'heat_2D_NP_parallel_loop 200 2400'
heat_2D_NP_parallel_loop 200 2400
+ ./heat_2D_NP_pl 200 2400
N_SIZE = 200, T_SIZE = 2400
Serial Loops: a(T+1, J, I) = 0.125 * (a(T, J+1, I) - 2.0 * a(T, J, I) + a(T, J-1, I)) + 0.125 * (a(T, J, I+1) - 2.0 * a(T, J, I) + a(T, J, I-1)) + a(T, J, I)
Naive Loop: consumed time :248.179ms
+ (( size += 200 ))
+ (( size <= 3200 ))
+ echo 'heat_2D_NP_parallel_loop 400 2400'
heat_2D_NP_parallel_loop 400 2400
+ ./heat_2D_NP_pl 400 2400
N_SIZE = 400, T_SIZE = 2400
Serial Loops: a(T+1, J, I) = 0.125 * (a(T, J+1, I) - 2.0 * a(T, J, I) + a(T, J-1, I)) + 0.125 * (a(T, J, I+1) - 2.0 * a(T, J, I) + a(T, J, I-1)) + a(T, J, I)
Naive Loop: consumed time :620.148ms
+ (( size += 200 ))
+ (( size <= 3200 ))
+ echo 'heat_2D_NP_parallel_loop 600 2400'
heat_2D_NP_parallel_loop 600 2400
+ ./heat_2D_NP_pl 600 2400
N_SIZE = 600, T_SIZE = 2400
Serial Loops: a(T+1, J, I) = 0.125 * (a(T, J+1, I) - 2.0 * a(T, J, I) + a(T, J-1, I)) + 0.125 * (a(T, J, I+1) - 2.0 * a(T, J, I) + a(T, J, I-1)) + a(T, J, I)
Naive Loop: consumed time :1465.69ms
+ (( size += 200 ))
+ (( size <= 3200 ))
+ echo 'heat_2D_NP_parallel_loop 800 2400'
heat_2D_NP_parallel_loop 800 2400
+ ./heat_2D_NP_pl 800 2400
N_SIZE = 800, T_SIZE = 2400
Serial Loops: a(T+1, J, I) = 0.125 * (a(T, J+1, I) - 2.0 * a(T, J, I) + a(T, J-1, I)) + 0.125 * (a(T, J, I+1) - 2.0 * a(T, J, I) + a(T, J, I-1)) + a(T, J, I)
Naive Loop: consumed time :2112.85ms
+ (( size += 200 ))
+ (( size <= 3200 ))
+ echo 'heat_2D_NP_parallel_loop 1000 2400'
heat_2D_NP_parallel_loop 1000 2400
+ ./heat_2D_NP_pl 1000 2400
N_SIZE = 1000, T_SIZE = 2400
Serial Loops: a(T+1, J, I) = 0.125 * (a(T, J+1, I) - 2.0 * a(T, J, I) + a(T, J-1, I)) + 0.125 * (a(T, J, I+1) - 2.0 * a(T, J, I) + a(T, J, I-1)) + a(T, J, I)
Naive Loop: consumed time :2940.93ms
+ (( size += 200 ))
+ (( size <= 3200 ))
+ echo 'heat_2D_NP_parallel_loop 1200 2400'
heat_2D_NP_parallel_loop 1200 2400
+ ./heat_2D_NP_pl 1200 2400
N_SIZE = 1200, T_SIZE = 2400
Serial Loops: a(T+1, J, I) = 0.125 * (a(T, J+1, I) - 2.0 * a(T, J, I) + a(T, J-1, I)) + 0.125 * (a(T, J, I+1) - 2.0 * a(T, J, I) + a(T, J, I-1)) + a(T, J, I)
Naive Loop: consumed time :4800.82ms
+ (( size += 200 ))
+ (( size <= 3200 ))
+ echo 'heat_2D_NP_parallel_loop 1400 2400'
heat_2D_NP_parallel_loop 1400 2400
+ ./heat_2D_NP_pl 1400 2400
N_SIZE = 1400, T_SIZE = 2400
Serial Loops: a(T+1, J, I) = 0.125 * (a(T, J+1, I) - 2.0 * a(T, J, I) + a(T, J-1, I)) + 0.125 * (a(T, J, I+1) - 2.0 * a(T, J, I) + a(T, J, I-1)) + a(T, J, I)
Naive Loop: consumed time :6519.47ms
+ (( size += 200 ))
+ (( size <= 3200 ))
+ echo 'heat_2D_NP_parallel_loop 1600 2400'
heat_2D_NP_parallel_loop 1600 2400
+ ./heat_2D_NP_pl 1600 2400
N_SIZE = 1600, T_SIZE = 2400
Serial Loops: a(T+1, J, I) = 0.125 * (a(T, J+1, I) - 2.0 * a(T, J, I) + a(T, J-1, I)) + 0.125 * (a(T, J, I+1) - 2.0 * a(T, J, I) + a(T, J, I-1)) + a(T, J, I)
Naive Loop: consumed time :8520.62ms
+ (( size += 200 ))
+ (( size <= 3200 ))
+ echo 'heat_2D_NP_parallel_loop 1800 2400'
heat_2D_NP_parallel_loop 1800 2400
+ ./heat_2D_NP_pl 1800 2400
N_SIZE = 1800, T_SIZE = 2400
Serial Loops: a(T+1, J, I) = 0.125 * (a(T, J+1, I) - 2.0 * a(T, J, I) + a(T, J-1, I)) + 0.125 * (a(T, J, I+1) - 2.0 * a(T, J, I) + a(T, J, I-1)) + a(T, J, I)
Naive Loop: consumed time :10044.8ms
+ (( size += 200 ))
+ (( size <= 3200 ))
+ echo 'heat_2D_NP_parallel_loop 2000 2400'
heat_2D_NP_parallel_loop 2000 2400
+ ./heat_2D_NP_pl 2000 2400
N_SIZE = 2000, T_SIZE = 2400
Serial Loops: a(T+1, J, I) = 0.125 * (a(T, J+1, I) - 2.0 * a(T, J, I) + a(T, J-1, I)) + 0.125 * (a(T, J, I+1) - 2.0 * a(T, J, I) + a(T, J, I-1)) + a(T, J, I)
Naive Loop: consumed time :12692.5ms
+ (( size += 200 ))
+ (( size <= 3200 ))
+ echo 'heat_2D_NP_parallel_loop 2200 2400'
heat_2D_NP_parallel_loop 2200 2400
+ ./heat_2D_NP_pl 2200 2400
N_SIZE = 2200, T_SIZE = 2400
Serial Loops: a(T+1, J, I) = 0.125 * (a(T, J+1, I) - 2.0 * a(T, J, I) + a(T, J-1, I)) + 0.125 * (a(T, J, I+1) - 2.0 * a(T, J, I) + a(T, J, I-1)) + a(T, J, I)
Naive Loop: consumed time :15223.7ms
+ (( size += 200 ))
+ (( size <= 3200 ))
+ echo 'heat_2D_NP_parallel_loop 2400 2400'
heat_2D_NP_parallel_loop 2400 2400
+ ./heat_2D_NP_pl 2400 2400
N_SIZE = 2400, T_SIZE = 2400
Serial Loops: a(T+1, J, I) = 0.125 * (a(T, J+1, I) - 2.0 * a(T, J, I) + a(T, J-1, I)) + 0.125 * (a(T, J, I+1) - 2.0 * a(T, J, I) + a(T, J, I-1)) + a(T, J, I)
Naive Loop: consumed time :17764.6ms
+ (( size += 200 ))
+ (( size <= 3200 ))
+ echo 'heat_2D_NP_parallel_loop 2600 2400'
heat_2D_NP_parallel_loop 2600 2400
+ ./heat_2D_NP_pl 2600 2400
N_SIZE = 2600, T_SIZE = 2400
Serial Loops: a(T+1, J, I) = 0.125 * (a(T, J+1, I) - 2.0 * a(T, J, I) + a(T, J-1, I)) + 0.125 * (a(T, J, I+1) - 2.0 * a(T, J, I) + a(T, J, I-1)) + a(T, J, I)
Naive Loop: consumed time :20932.9ms
+ (( size += 200 ))
+ (( size <= 3200 ))
+ echo 'heat_2D_NP_parallel_loop 2800 2400'
heat_2D_NP_parallel_loop 2800 2400
+ ./heat_2D_NP_pl 2800 2400
N_SIZE = 2800, T_SIZE = 2400
Serial Loops: a(T+1, J, I) = 0.125 * (a(T, J+1, I) - 2.0 * a(T, J, I) + a(T, J-1, I)) + 0.125 * (a(T, J, I+1) - 2.0 * a(T, J, I) + a(T, J, I-1)) + a(T, J, I)
Naive Loop: consumed time :24058.5ms
+ (( size += 200 ))
+ (( size <= 3200 ))
+ echo 'heat_2D_NP_parallel_loop 3000 2400'
heat_2D_NP_parallel_loop 3000 2400
+ ./heat_2D_NP_pl 3000 2400
N_SIZE = 3000, T_SIZE = 2400
Serial Loops: a(T+1, J, I) = 0.125 * (a(T, J+1, I) - 2.0 * a(T, J, I) + a(T, J-1, I)) + 0.125 * (a(T, J, I+1) - 2.0 * a(T, J, I) + a(T, J, I-1)) + a(T, J, I)
Naive Loop: consumed time :27558.4ms
+ (( size += 200 ))
+ (( size <= 3200 ))
+ echo 'heat_2D_NP_parallel_loop 3200 2400'
heat_2D_NP_parallel_loop 3200 2400
+ ./heat_2D_NP_pl 3200 2400
N_SIZE = 3200, T_SIZE = 2400
Serial Loops: a(T+1, J, I) = 0.125 * (a(T, J+1, I) - 2.0 * a(T, J, I) + a(T, J-1, I)) + 0.125 * (a(T, J, I+1) - 2.0 * a(T, J, I) + a(T, J, I-1)) + a(T, J, I)
Naive Loop: consumed time :30970.3ms
+ (( size += 200 ))
+ (( size <= 3200 ))
+ (( step += 200 ))
+ (( step <= 3200 ))
+ (( size = 200 ))
+ (( size <= 3200 ))
+ echo 'heat_2D_NP_parallel_loop 200 2600'
heat_2D_NP_parallel_loop 200 2600
+ ./heat_2D_NP_pl 200 2600
N_SIZE = 200, T_SIZE = 2600
Serial Loops: a(T+1, J, I) = 0.125 * (a(T, J+1, I) - 2.0 * a(T, J, I) + a(T, J-1, I)) + 0.125 * (a(T, J, I+1) - 2.0 * a(T, J, I) + a(T, J, I-1)) + a(T, J, I)
Naive Loop: consumed time :266.455ms
+ (( size += 200 ))
+ (( size <= 3200 ))
+ echo 'heat_2D_NP_parallel_loop 400 2600'
heat_2D_NP_parallel_loop 400 2600
+ ./heat_2D_NP_pl 400 2600
N_SIZE = 400, T_SIZE = 2600
Serial Loops: a(T+1, J, I) = 0.125 * (a(T, J+1, I) - 2.0 * a(T, J, I) + a(T, J-1, I)) + 0.125 * (a(T, J, I+1) - 2.0 * a(T, J, I) + a(T, J, I-1)) + a(T, J, I)
Naive Loop: consumed time :644.539ms
+ (( size += 200 ))
+ (( size <= 3200 ))
+ echo 'heat_2D_NP_parallel_loop 600 2600'
heat_2D_NP_parallel_loop 600 2600
+ ./heat_2D_NP_pl 600 2600
N_SIZE = 600, T_SIZE = 2600
Serial Loops: a(T+1, J, I) = 0.125 * (a(T, J+1, I) - 2.0 * a(T, J, I) + a(T, J-1, I)) + 0.125 * (a(T, J, I+1) - 2.0 * a(T, J, I) + a(T, J, I-1)) + a(T, J, I)
Naive Loop: consumed time :1506.23ms
+ (( size += 200 ))
+ (( size <= 3200 ))
+ echo 'heat_2D_NP_parallel_loop 800 2600'
heat_2D_NP_parallel_loop 800 2600
+ ./heat_2D_NP_pl 800 2600
N_SIZE = 800, T_SIZE = 2600
Serial Loops: a(T+1, J, I) = 0.125 * (a(T, J+1, I) - 2.0 * a(T, J, I) + a(T, J-1, I)) + 0.125 * (a(T, J, I+1) - 2.0 * a(T, J, I) + a(T, J, I-1)) + a(T, J, I)
Naive Loop: consumed time :2195.39ms
+ (( size += 200 ))
+ (( size <= 3200 ))
+ echo 'heat_2D_NP_parallel_loop 1000 2600'
heat_2D_NP_parallel_loop 1000 2600
+ ./heat_2D_NP_pl 1000 2600
N_SIZE = 1000, T_SIZE = 2600
Serial Loops: a(T+1, J, I) = 0.125 * (a(T, J+1, I) - 2.0 * a(T, J, I) + a(T, J-1, I)) + 0.125 * (a(T, J, I+1) - 2.0 * a(T, J, I) + a(T, J, I-1)) + a(T, J, I)
Naive Loop: consumed time :3178.87ms
+ (( size += 200 ))
+ (( size <= 3200 ))
+ echo 'heat_2D_NP_parallel_loop 1200 2600'
heat_2D_NP_parallel_loop 1200 2600
+ ./heat_2D_NP_pl 1200 2600
N_SIZE = 1200, T_SIZE = 2600
Serial Loops: a(T+1, J, I) = 0.125 * (a(T, J+1, I) - 2.0 * a(T, J, I) + a(T, J-1, I)) + 0.125 * (a(T, J, I+1) - 2.0 * a(T, J, I) + a(T, J, I-1)) + a(T, J, I)
Naive Loop: consumed time :5184.27ms
+ (( size += 200 ))
+ (( size <= 3200 ))
+ echo 'heat_2D_NP_parallel_loop 1400 2600'
heat_2D_NP_parallel_loop 1400 2600
+ ./heat_2D_NP_pl 1400 2600
N_SIZE = 1400, T_SIZE = 2600
Serial Loops: a(T+1, J, I) = 0.125 * (a(T, J+1, I) - 2.0 * a(T, J, I) + a(T, J-1, I)) + 0.125 * (a(T, J, I+1) - 2.0 * a(T, J, I) + a(T, J, I-1)) + a(T, J, I)
Naive Loop: consumed time :7009.35ms
+ (( size += 200 ))
+ (( size <= 3200 ))
+ echo 'heat_2D_NP_parallel_loop 1600 2600'
heat_2D_NP_parallel_loop 1600 2600
+ ./heat_2D_NP_pl 1600 2600
N_SIZE = 1600, T_SIZE = 2600
Serial Loops: a(T+1, J, I) = 0.125 * (a(T, J+1, I) - 2.0 * a(T, J, I) + a(T, J-1, I)) + 0.125 * (a(T, J, I+1) - 2.0 * a(T, J, I) + a(T, J, I-1)) + a(T, J, I)
Naive Loop: consumed time :9167.21ms
+ (( size += 200 ))
+ (( size <= 3200 ))
+ echo 'heat_2D_NP_parallel_loop 1800 2600'
heat_2D_NP_parallel_loop 1800 2600
+ ./heat_2D_NP_pl 1800 2600
N_SIZE = 1800, T_SIZE = 2600
Serial Loops: a(T+1, J, I) = 0.125 * (a(T, J+1, I) - 2.0 * a(T, J, I) + a(T, J-1, I)) + 0.125 * (a(T, J, I+1) - 2.0 * a(T, J, I) + a(T, J, I-1)) + a(T, J, I)
Naive Loop: consumed time :10880.4ms
+ (( size += 200 ))
+ (( size <= 3200 ))
+ echo 'heat_2D_NP_parallel_loop 2000 2600'
heat_2D_NP_parallel_loop 2000 2600
+ ./heat_2D_NP_pl 2000 2600
N_SIZE = 2000, T_SIZE = 2600
Serial Loops: a(T+1, J, I) = 0.125 * (a(T, J+1, I) - 2.0 * a(T, J, I) + a(T, J-1, I)) + 0.125 * (a(T, J, I+1) - 2.0 * a(T, J, I) + a(T, J, I-1)) + a(T, J, I)
Naive Loop: consumed time :13732.2ms
+ (( size += 200 ))
+ (( size <= 3200 ))
+ echo 'heat_2D_NP_parallel_loop 2200 2600'
heat_2D_NP_parallel_loop 2200 2600
+ ./heat_2D_NP_pl 2200 2600
N_SIZE = 2200, T_SIZE = 2600
Serial Loops: a(T+1, J, I) = 0.125 * (a(T, J+1, I) - 2.0 * a(T, J, I) + a(T, J-1, I)) + 0.125 * (a(T, J, I+1) - 2.0 * a(T, J, I) + a(T, J, I-1)) + a(T, J, I)
Naive Loop: consumed time :16528.7ms
+ (( size += 200 ))
+ (( size <= 3200 ))
+ echo 'heat_2D_NP_parallel_loop 2400 2600'
heat_2D_NP_parallel_loop 2400 2600
+ ./heat_2D_NP_pl 2400 2600
N_SIZE = 2400, T_SIZE = 2600
Serial Loops: a(T+1, J, I) = 0.125 * (a(T, J+1, I) - 2.0 * a(T, J, I) + a(T, J-1, I)) + 0.125 * (a(T, J, I+1) - 2.0 * a(T, J, I) + a(T, J, I-1)) + a(T, J, I)
Naive Loop: consumed time :19340.6ms
+ (( size += 200 ))
+ (( size <= 3200 ))
+ echo 'heat_2D_NP_parallel_loop 2600 2600'
heat_2D_NP_parallel_loop 2600 2600
+ ./heat_2D_NP_pl 2600 2600
N_SIZE = 2600, T_SIZE = 2600
Serial Loops: a(T+1, J, I) = 0.125 * (a(T, J+1, I) - 2.0 * a(T, J, I) + a(T, J-1, I)) + 0.125 * (a(T, J, I+1) - 2.0 * a(T, J, I) + a(T, J, I-1)) + a(T, J, I)
Naive Loop: consumed time :22972ms
+ (( size += 200 ))
+ (( size <= 3200 ))
+ echo 'heat_2D_NP_parallel_loop 2800 2600'
heat_2D_NP_parallel_loop 2800 2600
+ ./heat_2D_NP_pl 2800 2600
N_SIZE = 2800, T_SIZE = 2600
Serial Loops: a(T+1, J, I) = 0.125 * (a(T, J+1, I) - 2.0 * a(T, J, I) + a(T, J-1, I)) + 0.125 * (a(T, J, I+1) - 2.0 * a(T, J, I) + a(T, J, I-1)) + a(T, J, I)
Naive Loop: consumed time :26128.3ms
+ (( size += 200 ))
+ (( size <= 3200 ))
+ echo 'heat_2D_NP_parallel_loop 3000 2600'
heat_2D_NP_parallel_loop 3000 2600
+ ./heat_2D_NP_pl 3000 2600
N_SIZE = 3000, T_SIZE = 2600
Serial Loops: a(T+1, J, I) = 0.125 * (a(T, J+1, I) - 2.0 * a(T, J, I) + a(T, J-1, I)) + 0.125 * (a(T, J, I+1) - 2.0 * a(T, J, I) + a(T, J, I-1)) + a(T, J, I)
Naive Loop: consumed time :29848.4ms
+ (( size += 200 ))
+ (( size <= 3200 ))
+ echo 'heat_2D_NP_parallel_loop 3200 2600'
heat_2D_NP_parallel_loop 3200 2600
+ ./heat_2D_NP_pl 3200 2600
N_SIZE = 3200, T_SIZE = 2600
Serial Loops: a(T+1, J, I) = 0.125 * (a(T, J+1, I) - 2.0 * a(T, J, I) + a(T, J-1, I)) + 0.125 * (a(T, J, I+1) - 2.0 * a(T, J, I) + a(T, J, I-1)) + a(T, J, I)
Naive Loop: consumed time :33531.2ms
+ (( size += 200 ))
+ (( size <= 3200 ))
+ (( step += 200 ))
+ (( step <= 3200 ))
+ (( size = 200 ))
+ (( size <= 3200 ))
+ echo 'heat_2D_NP_parallel_loop 200 2800'
heat_2D_NP_parallel_loop 200 2800
+ ./heat_2D_NP_pl 200 2800
N_SIZE = 200, T_SIZE = 2800
Serial Loops: a(T+1, J, I) = 0.125 * (a(T, J+1, I) - 2.0 * a(T, J, I) + a(T, J-1, I)) + 0.125 * (a(T, J, I+1) - 2.0 * a(T, J, I) + a(T, J, I-1)) + a(T, J, I)
Naive Loop: consumed time :290.775ms
+ (( size += 200 ))
+ (( size <= 3200 ))
+ echo 'heat_2D_NP_parallel_loop 400 2800'
heat_2D_NP_parallel_loop 400 2800
+ ./heat_2D_NP_pl 400 2800
N_SIZE = 400, T_SIZE = 2800
Serial Loops: a(T+1, J, I) = 0.125 * (a(T, J+1, I) - 2.0 * a(T, J, I) + a(T, J-1, I)) + 0.125 * (a(T, J, I+1) - 2.0 * a(T, J, I) + a(T, J, I-1)) + a(T, J, I)
Naive Loop: consumed time :690.496ms
+ (( size += 200 ))
+ (( size <= 3200 ))
+ echo 'heat_2D_NP_parallel_loop 600 2800'
heat_2D_NP_parallel_loop 600 2800
+ ./heat_2D_NP_pl 600 2800
N_SIZE = 600, T_SIZE = 2800
Serial Loops: a(T+1, J, I) = 0.125 * (a(T, J+1, I) - 2.0 * a(T, J, I) + a(T, J-1, I)) + 0.125 * (a(T, J, I+1) - 2.0 * a(T, J, I) + a(T, J, I-1)) + a(T, J, I)
Naive Loop: consumed time :1622.84ms
+ (( size += 200 ))
+ (( size <= 3200 ))
+ echo 'heat_2D_NP_parallel_loop 800 2800'
heat_2D_NP_parallel_loop 800 2800
+ ./heat_2D_NP_pl 800 2800
N_SIZE = 800, T_SIZE = 2800
Serial Loops: a(T+1, J, I) = 0.125 * (a(T, J+1, I) - 2.0 * a(T, J, I) + a(T, J-1, I)) + 0.125 * (a(T, J, I+1) - 2.0 * a(T, J, I) + a(T, J, I-1)) + a(T, J, I)
Naive Loop: consumed time :2482.54ms
+ (( size += 200 ))
+ (( size <= 3200 ))
+ echo 'heat_2D_NP_parallel_loop 1000 2800'
heat_2D_NP_parallel_loop 1000 2800
+ ./heat_2D_NP_pl 1000 2800
N_SIZE = 1000, T_SIZE = 2800
Serial Loops: a(T+1, J, I) = 0.125 * (a(T, J+1, I) - 2.0 * a(T, J, I) + a(T, J-1, I)) + 0.125 * (a(T, J, I+1) - 2.0 * a(T, J, I) + a(T, J, I-1)) + a(T, J, I)
Naive Loop: consumed time :3397.28ms
+ (( size += 200 ))
+ (( size <= 3200 ))
+ echo 'heat_2D_NP_parallel_loop 1200 2800'
heat_2D_NP_parallel_loop 1200 2800
+ ./heat_2D_NP_pl 1200 2800
N_SIZE = 1200, T_SIZE = 2800
Serial Loops: a(T+1, J, I) = 0.125 * (a(T, J+1, I) - 2.0 * a(T, J, I) + a(T, J-1, I)) + 0.125 * (a(T, J, I+1) - 2.0 * a(T, J, I) + a(T, J, I-1)) + a(T, J, I)
Naive Loop: consumed time :5481.61ms
+ (( size += 200 ))
+ (( size <= 3200 ))
+ echo 'heat_2D_NP_parallel_loop 1400 2800'
heat_2D_NP_parallel_loop 1400 2800
+ ./heat_2D_NP_pl 1400 2800
N_SIZE = 1400, T_SIZE = 2800
Serial Loops: a(T+1, J, I) = 0.125 * (a(T, J+1, I) - 2.0 * a(T, J, I) + a(T, J-1, I)) + 0.125 * (a(T, J, I+1) - 2.0 * a(T, J, I) + a(T, J, I-1)) + a(T, J, I)
Naive Loop: consumed time :7593.36ms
+ (( size += 200 ))
+ (( size <= 3200 ))
+ echo 'heat_2D_NP_parallel_loop 1600 2800'
heat_2D_NP_parallel_loop 1600 2800
+ ./heat_2D_NP_pl 1600 2800
N_SIZE = 1600, T_SIZE = 2800
Serial Loops: a(T+1, J, I) = 0.125 * (a(T, J+1, I) - 2.0 * a(T, J, I) + a(T, J-1, I)) + 0.125 * (a(T, J, I+1) - 2.0 * a(T, J, I) + a(T, J, I-1)) + a(T, J, I)
Naive Loop: consumed time :9862.7ms
+ (( size += 200 ))
+ (( size <= 3200 ))
+ echo 'heat_2D_NP_parallel_loop 1800 2800'
heat_2D_NP_parallel_loop 1800 2800
+ ./heat_2D_NP_pl 1800 2800
N_SIZE = 1800, T_SIZE = 2800
Serial Loops: a(T+1, J, I) = 0.125 * (a(T, J+1, I) - 2.0 * a(T, J, I) + a(T, J-1, I)) + 0.125 * (a(T, J, I+1) - 2.0 * a(T, J, I) + a(T, J, I-1)) + a(T, J, I)
Naive Loop: consumed time :11711.4ms
+ (( size += 200 ))
+ (( size <= 3200 ))
+ echo 'heat_2D_NP_parallel_loop 2000 2800'
heat_2D_NP_parallel_loop 2000 2800
+ ./heat_2D_NP_pl 2000 2800
N_SIZE = 2000, T_SIZE = 2800
Serial Loops: a(T+1, J, I) = 0.125 * (a(T, J+1, I) - 2.0 * a(T, J, I) + a(T, J-1, I)) + 0.125 * (a(T, J, I+1) - 2.0 * a(T, J, I) + a(T, J, I-1)) + a(T, J, I)
Naive Loop: consumed time :14826.2ms
+ (( size += 200 ))
+ (( size <= 3200 ))
+ echo 'heat_2D_NP_parallel_loop 2200 2800'
heat_2D_NP_parallel_loop 2200 2800
+ ./heat_2D_NP_pl 2200 2800
N_SIZE = 2200, T_SIZE = 2800
Serial Loops: a(T+1, J, I) = 0.125 * (a(T, J+1, I) - 2.0 * a(T, J, I) + a(T, J-1, I)) + 0.125 * (a(T, J, I+1) - 2.0 * a(T, J, I) + a(T, J, I-1)) + a(T, J, I)
Naive Loop: consumed time :17771.7ms
+ (( size += 200 ))
+ (( size <= 3200 ))
+ echo 'heat_2D_NP_parallel_loop 2400 2800'
heat_2D_NP_parallel_loop 2400 2800
+ ./heat_2D_NP_pl 2400 2800
N_SIZE = 2400, T_SIZE = 2800
Serial Loops: a(T+1, J, I) = 0.125 * (a(T, J+1, I) - 2.0 * a(T, J, I) + a(T, J-1, I)) + 0.125 * (a(T, J, I+1) - 2.0 * a(T, J, I) + a(T, J, I-1)) + a(T, J, I)
Naive Loop: consumed time :21035ms
+ (( size += 200 ))
+ (( size <= 3200 ))
+ echo 'heat_2D_NP_parallel_loop 2600 2800'
heat_2D_NP_parallel_loop 2600 2800
+ ./heat_2D_NP_pl 2600 2800
N_SIZE = 2600, T_SIZE = 2800
Serial Loops: a(T+1, J, I) = 0.125 * (a(T, J+1, I) - 2.0 * a(T, J, I) + a(T, J-1, I)) + 0.125 * (a(T, J, I+1) - 2.0 * a(T, J, I) + a(T, J, I-1)) + a(T, J, I)
Naive Loop: consumed time :24528.1ms
+ (( size += 200 ))
+ (( size <= 3200 ))
+ echo 'heat_2D_NP_parallel_loop 2800 2800'
heat_2D_NP_parallel_loop 2800 2800
+ ./heat_2D_NP_pl 2800 2800
N_SIZE = 2800, T_SIZE = 2800
Serial Loops: a(T+1, J, I) = 0.125 * (a(T, J+1, I) - 2.0 * a(T, J, I) + a(T, J-1, I)) + 0.125 * (a(T, J, I+1) - 2.0 * a(T, J, I) + a(T, J, I-1)) + a(T, J, I)
Naive Loop: consumed time :28164.2ms
+ (( size += 200 ))
+ (( size <= 3200 ))
+ echo 'heat_2D_NP_parallel_loop 3000 2800'
heat_2D_NP_parallel_loop 3000 2800
+ ./heat_2D_NP_pl 3000 2800
N_SIZE = 3000, T_SIZE = 2800
Serial Loops: a(T+1, J, I) = 0.125 * (a(T, J+1, I) - 2.0 * a(T, J, I) + a(T, J-1, I)) + 0.125 * (a(T, J, I+1) - 2.0 * a(T, J, I) + a(T, J, I-1)) + a(T, J, I)
Naive Loop: consumed time :32006.7ms
+ (( size += 200 ))
+ (( size <= 3200 ))
+ echo 'heat_2D_NP_parallel_loop 3200 2800'
heat_2D_NP_parallel_loop 3200 2800
+ ./heat_2D_NP_pl 3200 2800
N_SIZE = 3200, T_SIZE = 2800
Serial Loops: a(T+1, J, I) = 0.125 * (a(T, J+1, I) - 2.0 * a(T, J, I) + a(T, J-1, I)) + 0.125 * (a(T, J, I+1) - 2.0 * a(T, J, I) + a(T, J, I-1)) + a(T, J, I)
Naive Loop: consumed time :36102.6ms
+ (( size += 200 ))
+ (( size <= 3200 ))
+ (( step += 200 ))
+ (( step <= 3200 ))
+ (( size = 200 ))
+ (( size <= 3200 ))
+ echo 'heat_2D_NP_parallel_loop 200 3000'
heat_2D_NP_parallel_loop 200 3000
+ ./heat_2D_NP_pl 200 3000
N_SIZE = 200, T_SIZE = 3000
Serial Loops: a(T+1, J, I) = 0.125 * (a(T, J+1, I) - 2.0 * a(T, J, I) + a(T, J-1, I)) + 0.125 * (a(T, J, I+1) - 2.0 * a(T, J, I) + a(T, J, I-1)) + a(T, J, I)
Naive Loop: consumed time :382.899ms
+ (( size += 200 ))
+ (( size <= 3200 ))
+ echo 'heat_2D_NP_parallel_loop 400 3000'
heat_2D_NP_parallel_loop 400 3000
+ ./heat_2D_NP_pl 400 3000
N_SIZE = 400, T_SIZE = 3000
Serial Loops: a(T+1, J, I) = 0.125 * (a(T, J+1, I) - 2.0 * a(T, J, I) + a(T, J-1, I)) + 0.125 * (a(T, J, I+1) - 2.0 * a(T, J, I) + a(T, J, I-1)) + a(T, J, I)
Naive Loop: consumed time :895.786ms
+ (( size += 200 ))
+ (( size <= 3200 ))
+ echo 'heat_2D_NP_parallel_loop 600 3000'
heat_2D_NP_parallel_loop 600 3000
+ ./heat_2D_NP_pl 600 3000
N_SIZE = 600, T_SIZE = 3000
Serial Loops: a(T+1, J, I) = 0.125 * (a(T, J+1, I) - 2.0 * a(T, J, I) + a(T, J-1, I)) + 0.125 * (a(T, J, I+1) - 2.0 * a(T, J, I) + a(T, J, I-1)) + a(T, J, I)
Naive Loop: consumed time :1661.08ms
+ (( size += 200 ))
+ (( size <= 3200 ))
+ echo 'heat_2D_NP_parallel_loop 800 3000'
heat_2D_NP_parallel_loop 800 3000
+ ./heat_2D_NP_pl 800 3000
N_SIZE = 800, T_SIZE = 3000
Serial Loops: a(T+1, J, I) = 0.125 * (a(T, J+1, I) - 2.0 * a(T, J, I) + a(T, J-1, I)) + 0.125 * (a(T, J, I+1) - 2.0 * a(T, J, I) + a(T, J, I-1)) + a(T, J, I)
Naive Loop: consumed time :2708.33ms
+ (( size += 200 ))
+ (( size <= 3200 ))
+ echo 'heat_2D_NP_parallel_loop 1000 3000'
heat_2D_NP_parallel_loop 1000 3000
+ ./heat_2D_NP_pl 1000 3000
N_SIZE = 1000, T_SIZE = 3000
Serial Loops: a(T+1, J, I) = 0.125 * (a(T, J+1, I) - 2.0 * a(T, J, I) + a(T, J-1, I)) + 0.125 * (a(T, J, I+1) - 2.0 * a(T, J, I) + a(T, J, I-1)) + a(T, J, I)
Naive Loop: consumed time :3859.98ms
+ (( size += 200 ))
+ (( size <= 3200 ))
+ echo 'heat_2D_NP_parallel_loop 1200 3000'
heat_2D_NP_parallel_loop 1200 3000
+ ./heat_2D_NP_pl 1200 3000
N_SIZE = 1200, T_SIZE = 3000
Serial Loops: a(T+1, J, I) = 0.125 * (a(T, J+1, I) - 2.0 * a(T, J, I) + a(T, J-1, I)) + 0.125 * (a(T, J, I+1) - 2.0 * a(T, J, I) + a(T, J, I-1)) + a(T, J, I)
Naive Loop: consumed time :5962.3ms
+ (( size += 200 ))
+ (( size <= 3200 ))
+ echo 'heat_2D_NP_parallel_loop 1400 3000'
heat_2D_NP_parallel_loop 1400 3000
+ ./heat_2D_NP_pl 1400 3000
N_SIZE = 1400, T_SIZE = 3000
Serial Loops: a(T+1, J, I) = 0.125 * (a(T, J+1, I) - 2.0 * a(T, J, I) + a(T, J-1, I)) + 0.125 * (a(T, J, I+1) - 2.0 * a(T, J, I) + a(T, J, I-1)) + a(T, J, I)
Naive Loop: consumed time :8220.92ms
+ (( size += 200 ))
+ (( size <= 3200 ))
+ echo 'heat_2D_NP_parallel_loop 1600 3000'
heat_2D_NP_parallel_loop 1600 3000
+ ./heat_2D_NP_pl 1600 3000
N_SIZE = 1600, T_SIZE = 3000
Serial Loops: a(T+1, J, I) = 0.125 * (a(T, J+1, I) - 2.0 * a(T, J, I) + a(T, J-1, I)) + 0.125 * (a(T, J, I+1) - 2.0 * a(T, J, I) + a(T, J, I-1)) + a(T, J, I)
Naive Loop: consumed time :10599.9ms
+ (( size += 200 ))
+ (( size <= 3200 ))
+ echo 'heat_2D_NP_parallel_loop 1800 3000'
heat_2D_NP_parallel_loop 1800 3000
+ ./heat_2D_NP_pl 1800 3000
N_SIZE = 1800, T_SIZE = 3000
Serial Loops: a(T+1, J, I) = 0.125 * (a(T, J+1, I) - 2.0 * a(T, J, I) + a(T, J-1, I)) + 0.125 * (a(T, J, I+1) - 2.0 * a(T, J, I) + a(T, J, I-1)) + a(T, J, I)
Naive Loop: consumed time :12610.5ms
+ (( size += 200 ))
+ (( size <= 3200 ))
+ echo 'heat_2D_NP_parallel_loop 2000 3000'
heat_2D_NP_parallel_loop 2000 3000
+ ./heat_2D_NP_pl 2000 3000
N_SIZE = 2000, T_SIZE = 3000
Serial Loops: a(T+1, J, I) = 0.125 * (a(T, J+1, I) - 2.0 * a(T, J, I) + a(T, J-1, I)) + 0.125 * (a(T, J, I+1) - 2.0 * a(T, J, I) + a(T, J, I-1)) + a(T, J, I)
Naive Loop: consumed time :15812.6ms
+ (( size += 200 ))
+ (( size <= 3200 ))
+ echo 'heat_2D_NP_parallel_loop 2200 3000'
heat_2D_NP_parallel_loop 2200 3000
+ ./heat_2D_NP_pl 2200 3000
N_SIZE = 2200, T_SIZE = 3000
Serial Loops: a(T+1, J, I) = 0.125 * (a(T, J+1, I) - 2.0 * a(T, J, I) + a(T, J-1, I)) + 0.125 * (a(T, J, I+1) - 2.0 * a(T, J, I) + a(T, J, I-1)) + a(T, J, I)
Naive Loop: consumed time :19064.7ms
+ (( size += 200 ))
+ (( size <= 3200 ))
+ echo 'heat_2D_NP_parallel_loop 2400 3000'
heat_2D_NP_parallel_loop 2400 3000
+ ./heat_2D_NP_pl 2400 3000
N_SIZE = 2400, T_SIZE = 3000
Serial Loops: a(T+1, J, I) = 0.125 * (a(T, J+1, I) - 2.0 * a(T, J, I) + a(T, J-1, I)) + 0.125 * (a(T, J, I+1) - 2.0 * a(T, J, I) + a(T, J, I-1)) + a(T, J, I)
Naive Loop: consumed time :22551.7ms
+ (( size += 200 ))
+ (( size <= 3200 ))
+ echo 'heat_2D_NP_parallel_loop 2600 3000'
heat_2D_NP_parallel_loop 2600 3000
+ ./heat_2D_NP_pl 2600 3000
N_SIZE = 2600, T_SIZE = 3000
Serial Loops: a(T+1, J, I) = 0.125 * (a(T, J+1, I) - 2.0 * a(T, J, I) + a(T, J-1, I)) + 0.125 * (a(T, J, I+1) - 2.0 * a(T, J, I) + a(T, J, I-1)) + a(T, J, I)
Naive Loop: consumed time :26270.8ms
+ (( size += 200 ))
+ (( size <= 3200 ))
+ echo 'heat_2D_NP_parallel_loop 2800 3000'
heat_2D_NP_parallel_loop 2800 3000
+ ./heat_2D_NP_pl 2800 3000
N_SIZE = 2800, T_SIZE = 3000
Serial Loops: a(T+1, J, I) = 0.125 * (a(T, J+1, I) - 2.0 * a(T, J, I) + a(T, J-1, I)) + 0.125 * (a(T, J, I+1) - 2.0 * a(T, J, I) + a(T, J, I-1)) + a(T, J, I)
Naive Loop: consumed time :30104.4ms
+ (( size += 200 ))
+ (( size <= 3200 ))
+ echo 'heat_2D_NP_parallel_loop 3000 3000'
heat_2D_NP_parallel_loop 3000 3000
+ ./heat_2D_NP_pl 3000 3000
N_SIZE = 3000, T_SIZE = 3000
Serial Loops: a(T+1, J, I) = 0.125 * (a(T, J+1, I) - 2.0 * a(T, J, I) + a(T, J-1, I)) + 0.125 * (a(T, J, I+1) - 2.0 * a(T, J, I) + a(T, J, I-1)) + a(T, J, I)
Naive Loop: consumed time :34354.5ms
+ (( size += 200 ))
+ (( size <= 3200 ))
+ echo 'heat_2D_NP_parallel_loop 3200 3000'
heat_2D_NP_parallel_loop 3200 3000
+ ./heat_2D_NP_pl 3200 3000
N_SIZE = 3200, T_SIZE = 3000
Serial Loops: a(T+1, J, I) = 0.125 * (a(T, J+1, I) - 2.0 * a(T, J, I) + a(T, J-1, I)) + 0.125 * (a(T, J, I+1) - 2.0 * a(T, J, I) + a(T, J, I-1)) + a(T, J, I)
Naive Loop: consumed time :38844.9ms
+ (( size += 200 ))
+ (( size <= 3200 ))
+ (( step += 200 ))
+ (( step <= 3200 ))
+ (( size = 200 ))
+ (( size <= 3200 ))
+ echo 'heat_2D_NP_parallel_loop 200 3200'
heat_2D_NP_parallel_loop 200 3200
+ ./heat_2D_NP_pl 200 3200
N_SIZE = 200, T_SIZE = 3200
Serial Loops: a(T+1, J, I) = 0.125 * (a(T, J+1, I) - 2.0 * a(T, J, I) + a(T, J-1, I)) + 0.125 * (a(T, J, I+1) - 2.0 * a(T, J, I) + a(T, J, I-1)) + a(T, J, I)
Naive Loop: consumed time :332.983ms
+ (( size += 200 ))
+ (( size <= 3200 ))
+ echo 'heat_2D_NP_parallel_loop 400 3200'
heat_2D_NP_parallel_loop 400 3200
+ ./heat_2D_NP_pl 400 3200
N_SIZE = 400, T_SIZE = 3200
Serial Loops: a(T+1, J, I) = 0.125 * (a(T, J+1, I) - 2.0 * a(T, J, I) + a(T, J-1, I)) + 0.125 * (a(T, J, I+1) - 2.0 * a(T, J, I) + a(T, J, I-1)) + a(T, J, I)
Naive Loop: consumed time :956.972ms
+ (( size += 200 ))
+ (( size <= 3200 ))
+ echo 'heat_2D_NP_parallel_loop 600 3200'
heat_2D_NP_parallel_loop 600 3200
+ ./heat_2D_NP_pl 600 3200
N_SIZE = 600, T_SIZE = 3200
Serial Loops: a(T+1, J, I) = 0.125 * (a(T, J+1, I) - 2.0 * a(T, J, I) + a(T, J-1, I)) + 0.125 * (a(T, J, I+1) - 2.0 * a(T, J, I) + a(T, J, I-1)) + a(T, J, I)
Naive Loop: consumed time :1773.22ms
+ (( size += 200 ))
+ (( size <= 3200 ))
+ echo 'heat_2D_NP_parallel_loop 800 3200'
heat_2D_NP_parallel_loop 800 3200
+ ./heat_2D_NP_pl 800 3200
N_SIZE = 800, T_SIZE = 3200
Serial Loops: a(T+1, J, I) = 0.125 * (a(T, J+1, I) - 2.0 * a(T, J, I) + a(T, J-1, I)) + 0.125 * (a(T, J, I+1) - 2.0 * a(T, J, I) + a(T, J, I-1)) + a(T, J, I)
Naive Loop: consumed time :2809.17ms
+ (( size += 200 ))
+ (( size <= 3200 ))
+ echo 'heat_2D_NP_parallel_loop 1000 3200'
heat_2D_NP_parallel_loop 1000 3200
+ ./heat_2D_NP_pl 1000 3200
N_SIZE = 1000, T_SIZE = 3200
Serial Loops: a(T+1, J, I) = 0.125 * (a(T, J+1, I) - 2.0 * a(T, J, I) + a(T, J-1, I)) + 0.125 * (a(T, J, I+1) - 2.0 * a(T, J, I) + a(T, J, I-1)) + a(T, J, I)
Naive Loop: consumed time :3927.02ms
+ (( size += 200 ))
+ (( size <= 3200 ))
+ echo 'heat_2D_NP_parallel_loop 1200 3200'
heat_2D_NP_parallel_loop 1200 3200
+ ./heat_2D_NP_pl 1200 3200
N_SIZE = 1200, T_SIZE = 3200
Serial Loops: a(T+1, J, I) = 0.125 * (a(T, J+1, I) - 2.0 * a(T, J, I) + a(T, J-1, I)) + 0.125 * (a(T, J, I+1) - 2.0 * a(T, J, I) + a(T, J, I-1)) + a(T, J, I)
Naive Loop: consumed time :6370.85ms
+ (( size += 200 ))
+ (( size <= 3200 ))
+ echo 'heat_2D_NP_parallel_loop 1400 3200'
heat_2D_NP_parallel_loop 1400 3200
+ ./heat_2D_NP_pl 1400 3200
N_SIZE = 1400, T_SIZE = 3200
Serial Loops: a(T+1, J, I) = 0.125 * (a(T, J+1, I) - 2.0 * a(T, J, I) + a(T, J-1, I)) + 0.125 * (a(T, J, I+1) - 2.0 * a(T, J, I) + a(T, J, I-1)) + a(T, J, I)
Naive Loop: consumed time :8636.54ms
+ (( size += 200 ))
+ (( size <= 3200 ))
+ echo 'heat_2D_NP_parallel_loop 1600 3200'
heat_2D_NP_parallel_loop 1600 3200
+ ./heat_2D_NP_pl 1600 3200
N_SIZE = 1600, T_SIZE = 3200
Serial Loops: a(T+1, J, I) = 0.125 * (a(T, J+1, I) - 2.0 * a(T, J, I) + a(T, J-1, I)) + 0.125 * (a(T, J, I+1) - 2.0 * a(T, J, I) + a(T, J, I-1)) + a(T, J, I)
Naive Loop: consumed time :11329.8ms
+ (( size += 200 ))
+ (( size <= 3200 ))
+ echo 'heat_2D_NP_parallel_loop 1800 3200'
heat_2D_NP_parallel_loop 1800 3200
+ ./heat_2D_NP_pl 1800 3200
N_SIZE = 1800, T_SIZE = 3200
Serial Loops: a(T+1, J, I) = 0.125 * (a(T, J+1, I) - 2.0 * a(T, J, I) + a(T, J-1, I)) + 0.125 * (a(T, J, I+1) - 2.0 * a(T, J, I) + a(T, J, I-1)) + a(T, J, I)
Naive Loop: consumed time :13449.6ms
+ (( size += 200 ))
+ (( size <= 3200 ))
+ echo 'heat_2D_NP_parallel_loop 2000 3200'
heat_2D_NP_parallel_loop 2000 3200
+ ./heat_2D_NP_pl 2000 3200
N_SIZE = 2000, T_SIZE = 3200
Serial Loops: a(T+1, J, I) = 0.125 * (a(T, J+1, I) - 2.0 * a(T, J, I) + a(T, J-1, I)) + 0.125 * (a(T, J, I+1) - 2.0 * a(T, J, I) + a(T, J, I-1)) + a(T, J, I)
Naive Loop: consumed time :16921ms
+ (( size += 200 ))
+ (( size <= 3200 ))
+ echo 'heat_2D_NP_parallel_loop 2200 3200'
heat_2D_NP_parallel_loop 2200 3200
+ ./heat_2D_NP_pl 2200 3200
N_SIZE = 2200, T_SIZE = 3200
Serial Loops: a(T+1, J, I) = 0.125 * (a(T, J+1, I) - 2.0 * a(T, J, I) + a(T, J-1, I)) + 0.125 * (a(T, J, I+1) - 2.0 * a(T, J, I) + a(T, J, I-1)) + a(T, J, I)
Naive Loop: consumed time :20340.1ms
+ (( size += 200 ))
+ (( size <= 3200 ))
+ echo 'heat_2D_NP_parallel_loop 2400 3200'
heat_2D_NP_parallel_loop 2400 3200
+ ./heat_2D_NP_pl 2400 3200
N_SIZE = 2400, T_SIZE = 3200
Serial Loops: a(T+1, J, I) = 0.125 * (a(T, J+1, I) - 2.0 * a(T, J, I) + a(T, J-1, I)) + 0.125 * (a(T, J, I+1) - 2.0 * a(T, J, I) + a(T, J, I-1)) + a(T, J, I)
Naive Loop: consumed time :23840ms
+ (( size += 200 ))
+ (( size <= 3200 ))
+ echo 'heat_2D_NP_parallel_loop 2600 3200'
heat_2D_NP_parallel_loop 2600 3200
+ ./heat_2D_NP_pl 2600 3200
N_SIZE = 2600, T_SIZE = 3200
Serial Loops: a(T+1, J, I) = 0.125 * (a(T, J+1, I) - 2.0 * a(T, J, I) + a(T, J-1, I)) + 0.125 * (a(T, J, I+1) - 2.0 * a(T, J, I) + a(T, J, I-1)) + a(T, J, I)
Naive Loop: consumed time :27768.9ms
+ (( size += 200 ))
+ (( size <= 3200 ))
+ echo 'heat_2D_NP_parallel_loop 2800 3200'
heat_2D_NP_parallel_loop 2800 3200
+ ./heat_2D_NP_pl 2800 3200
N_SIZE = 2800, T_SIZE = 3200
Serial Loops: a(T+1, J, I) = 0.125 * (a(T, J+1, I) - 2.0 * a(T, J, I) + a(T, J-1, I)) + 0.125 * (a(T, J, I+1) - 2.0 * a(T, J, I) + a(T, J, I-1)) + a(T, J, I)
Naive Loop: consumed time :32020.1ms
+ (( size += 200 ))
+ (( size <= 3200 ))
+ echo 'heat_2D_NP_parallel_loop 3000 3200'
heat_2D_NP_parallel_loop 3000 3200
+ ./heat_2D_NP_pl 3000 3200
N_SIZE = 3000, T_SIZE = 3200
Serial Loops: a(T+1, J, I) = 0.125 * (a(T, J+1, I) - 2.0 * a(T, J, I) + a(T, J-1, I)) + 0.125 * (a(T, J, I+1) - 2.0 * a(T, J, I) + a(T, J, I-1)) + a(T, J, I)
Naive Loop: consumed time :36701.8ms
+ (( size += 200 ))
+ (( size <= 3200 ))
+ echo 'heat_2D_NP_parallel_loop 3200 3200'
heat_2D_NP_parallel_loop 3200 3200
+ ./heat_2D_NP_pl 3200 3200
N_SIZE = 3200, T_SIZE = 3200
Serial Loops: a(T+1, J, I) = 0.125 * (a(T, J+1, I) - 2.0 * a(T, J, I) + a(T, J-1, I)) + 0.125 * (a(T, J, I+1) - 2.0 * a(T, J, I) + a(T, J, I-1)) + a(T, J, I)
Naive Loop: consumed time :41650.3ms
+ (( size += 200 ))
+ (( size <= 3200 ))
+ (( step += 200 ))
+ (( step <= 3200 ))

